<?xml version="1.0" encoding="UTF-8"?>
<testsuites>
	<testsuite tests="3" failures="0" time="0.574000" name="xgo" timestamp="2022-04-27T23:14:13+08:00">
		<properties>
			<property name="go.version" value="go1.15.5 darwin/amd64"></property>
		</properties>
		<testcase classname="xgo" name="TestDebugPrintWARNINGNew" time="0.000000"></testcase>
		<testcase classname="xgo" name="TestDebugPrintWARNINGDefault" time="0.000000"></testcase>
		<testcase classname="xgo" name="TestVersion" time="0.000000"></testcase>
	</testsuite>
	<testsuite tests="2" failures="0" time="0.312000" name="xgo/async" timestamp="2022-04-27T23:14:13+08:00">
		<properties>
			<property name="go.version" value="go1.15.5 darwin/amd64"></property>
		</properties>
		<testcase classname="xgo/async" name="TestAsync" time="0.000000"></testcase>
		<testcase classname="xgo/async" name="TestAsyncError" time="0.000000"></testcase>
	</testsuite>
	<testsuite tests="23" failures="0" time="0.818000" name="xgo/binding" timestamp="2022-04-27T23:14:13+08:00">
		<properties>
			<property name="go.version" value="go1.15.5 darwin/amd64"></property>
		</properties>
		<testcase classname="xgo/binding" name="TestMappingBaseTypes" time="0.000000"></testcase>
		<testcase classname="xgo/binding" name="TestMappingDefault" time="0.000000"></testcase>
		<testcase classname="xgo/binding" name="TestMappingSkipField" time="0.000000"></testcase>
		<testcase classname="xgo/binding" name="TestMappingIgnoreField" time="0.000000"></testcase>
		<testcase classname="xgo/binding" name="TestMappingUnexportedField" time="0.000000"></testcase>
		<testcase classname="xgo/binding" name="TestMappingPrivateField" time="0.000000"></testcase>
		<testcase classname="xgo/binding" name="TestMappingUnknownFieldType" time="0.000000"></testcase>
		<testcase classname="xgo/binding" name="TestMappingURI" time="0.000000"></testcase>
		<testcase classname="xgo/binding" name="TestMappingForm" time="0.000000"></testcase>
		<testcase classname="xgo/binding" name="TestMappingTime" time="0.000000"></testcase>
		<testcase classname="xgo/binding" name="TestMapiingTimeDuration" time="0.000000"></testcase>
		<testcase classname="xgo/binding" name="TestMappingSlice" time="0.000000"></testcase>
		<testcase classname="xgo/binding" name="TestMappingArray" time="0.000000"></testcase>
		<testcase classname="xgo/binding" name="TestMappingStructField" time="0.000000"></testcase>
		<testcase classname="xgo/binding" name="TestMappingMapField" time="0.000000"></testcase>
		<testcase classname="xgo/binding" name="TestMappingIgnoredCircularRef" time="0.000000"></testcase>
		<testcase classname="xgo/binding" name="TestHeaderBinding" time="0.000000"></testcase>
		<testcase classname="xgo/binding" name="TestJSONBindingBindBody" time="0.000000"></testcase>
		<testcase classname="xgo/binding" name="TestMsgpackBindingBindBody" time="0.000000"></testcase>
		<testcase classname="xgo/binding" name="TestUriBinding" time="0.000000"></testcase>
		<testcase classname="xgo/binding" name="TestUriInnerBinding" time="0.000000"></testcase>
		<testcase classname="xgo/binding" name="TestXMLBindingBindBody" time="0.000000"></testcase>
		<testcase classname="xgo/binding" name="TestYAMLBindingBindBody" time="0.000000"></testcase>
	</testsuite>
	<testsuite tests="0" failures="0" time="0.000000" name="xgo/broadcast" timestamp="2022-04-27T23:14:13+08:00">
		<properties>
			<property name="go.version" value="go1.15.5 darwin/amd64"></property>
		</properties>
	</testsuite>
	<testsuite tests="0" failures="0" time="0.000000" name="xgo/cache" timestamp="2022-04-27T23:14:13+08:00">
		<properties>
			<property name="go.version" value="go1.15.5 darwin/amd64"></property>
		</properties>
	</testsuite>
	<testsuite tests="145" failures="0" time="0.581000" name="xgo/cast" timestamp="2022-04-27T23:14:13+08:00">
		<properties>
			<property name="go.version" value="go1.15.5 darwin/amd64"></property>
		</properties>
		<testcase classname="xgo/cast" name="TestToUintE" time="0.000000"></testcase>
		<testcase classname="xgo/cast" name="TestToUint64E" time="0.000000"></testcase>
		<testcase classname="xgo/cast" name="TestToUint32E" time="0.000000"></testcase>
		<testcase classname="xgo/cast" name="TestToUint16E" time="0.000000"></testcase>
		<testcase classname="xgo/cast" name="TestToUint8E" time="0.000000"></testcase>
		<testcase classname="xgo/cast" name="TestToIntE" time="0.000000"></testcase>
		<testcase classname="xgo/cast" name="TestToInt64E" time="0.000000"></testcase>
		<testcase classname="xgo/cast" name="TestToInt32E" time="0.000000"></testcase>
		<testcase classname="xgo/cast" name="TestToInt16E" time="0.000000"></testcase>
		<testcase classname="xgo/cast" name="TestToInt8E" time="0.000000"></testcase>
		<testcase classname="xgo/cast" name="TestToFloat64E" time="0.000000"></testcase>
		<testcase classname="xgo/cast" name="TestToFloat32E" time="0.000000"></testcase>
		<testcase classname="xgo/cast" name="TestToStringE" time="0.000000"></testcase>
		<testcase classname="xgo/cast" name="TestStringerToString" time="0.000000"></testcase>
		<testcase classname="xgo/cast" name="TestErrorToString" time="0.000000"></testcase>
		<testcase classname="xgo/cast" name="TestStringMapStringSliceE" time="0.000000"></testcase>
		<testcase classname="xgo/cast" name="TestToStringMapE" time="0.000000"></testcase>
		<testcase classname="xgo/cast" name="TestToStringMapBoolE" time="0.000000"></testcase>
		<testcase classname="xgo/cast" name="TestToStringMapIntE" time="0.000000"></testcase>
		<testcase classname="xgo/cast" name="TestToStringMapInt64E" time="0.000000"></testcase>
		<testcase classname="xgo/cast" name="TestToStringMapStringE" time="0.000000"></testcase>
		<testcase classname="xgo/cast" name="TestToBoolSliceE" time="0.000000"></testcase>
		<testcase classname="xgo/cast" name="TestToIntSliceE" time="0.000000"></testcase>
		<testcase classname="xgo/cast" name="TestToSliceE" time="0.000000"></testcase>
		<testcase classname="xgo/cast" name="TestToStringSliceE" time="0.000000"></testcase>
		<testcase classname="xgo/cast" name="TestToDurationSliceE" time="0.000000"></testcase>
		<testcase classname="xgo/cast" name="TestToBoolE" time="0.000000"></testcase>
		<testcase classname="xgo/cast" name="TestIndirectPointers" time="0.000000"></testcase>
		<testcase classname="xgo/cast" name="TestToTime" time="0.000000"></testcase>
		<testcase classname="xgo/cast" name="TestToDurationE" time="0.000000"></testcase>
		<testcase classname="xgo/cast" name="TestToTimeWithTimezones/0;timeFormatType=2;2006-01-02T15:04:05Z07:00/without_default_location" time="0.000000"></testcase>
		<testcase classname="xgo/cast" name="TestToTimeWithTimezones/0;timeFormatType=2;2006-01-02T15:04:05Z07:00/local_timezone_without_a_default_location" time="0.000000"></testcase>
		<testcase classname="xgo/cast" name="TestToTimeWithTimezones/0;timeFormatType=2;2006-01-02T15:04:05Z07:00/nil_default_location" time="0.000000"></testcase>
		<testcase classname="xgo/cast" name="TestToTimeWithTimezones/0;timeFormatType=2;2006-01-02T15:04:05Z07:00/default_location_not_UTC" time="0.000000"></testcase>
		<testcase classname="xgo/cast" name="TestToTimeWithTimezones/0;timeFormatType=2;2006-01-02T15:04:05Z07:00/time_in_the_local_timezone_default_location_not_UTC" time="0.000000"></testcase>
		<testcase classname="xgo/cast" name="TestToTimeWithTimezones/0;timeFormatType=2;2006-01-02T15:04:05Z07:00" time="0.000000"></testcase>
		<testcase classname="xgo/cast" name="TestToTimeWithTimezones/1;timeFormatType=0;2006-01-02T15:04:05/without_default_location" time="0.000000"></testcase>
		<testcase classname="xgo/cast" name="TestToTimeWithTimezones/1;timeFormatType=0;2006-01-02T15:04:05/local_timezone_without_a_default_location" time="0.000000"></testcase>
		<testcase classname="xgo/cast" name="TestToTimeWithTimezones/1;timeFormatType=0;2006-01-02T15:04:05/nil_default_location" time="0.000000"></testcase>
		<testcase classname="xgo/cast" name="TestToTimeWithTimezones/1;timeFormatType=0;2006-01-02T15:04:05/default_location_not_UTC" time="0.000000"></testcase>
		<testcase classname="xgo/cast" name="TestToTimeWithTimezones/1;timeFormatType=0;2006-01-02T15:04:05/time_in_the_local_timezone_default_location_not_UTC" time="0.000000"></testcase>
		<testcase classname="xgo/cast" name="TestToTimeWithTimezones/1;timeFormatType=0;2006-01-02T15:04:05" time="0.000000"></testcase>
		<testcase classname="xgo/cast" name="TestToTimeWithTimezones/2;timeFormatType=2;Mon,_02_Jan_2006_15:04:05_-0700/without_default_location" time="0.000000"></testcase>
		<testcase classname="xgo/cast" name="TestToTimeWithTimezones/2;timeFormatType=2;Mon,_02_Jan_2006_15:04:05_-0700/local_timezone_without_a_default_location" time="0.000000"></testcase>
		<testcase classname="xgo/cast" name="TestToTimeWithTimezones/2;timeFormatType=2;Mon,_02_Jan_2006_15:04:05_-0700/nil_default_location" time="0.000000"></testcase>
		<testcase classname="xgo/cast" name="TestToTimeWithTimezones/2;timeFormatType=2;Mon,_02_Jan_2006_15:04:05_-0700/default_location_not_UTC" time="0.000000"></testcase>
		<testcase classname="xgo/cast" name="TestToTimeWithTimezones/2;timeFormatType=2;Mon,_02_Jan_2006_15:04:05_-0700/time_in_the_local_timezone_default_location_not_UTC" time="0.000000"></testcase>
		<testcase classname="xgo/cast" name="TestToTimeWithTimezones/2;timeFormatType=2;Mon,_02_Jan_2006_15:04:05_-0700" time="0.000000"></testcase>
		<testcase classname="xgo/cast" name="TestToTimeWithTimezones/3;timeFormatType=1;Mon,_02_Jan_2006_15:04:05_MST/without_default_location" time="0.000000"></testcase>
		<testcase classname="xgo/cast" name="TestToTimeWithTimezones/3;timeFormatType=1;Mon,_02_Jan_2006_15:04:05_MST/local_timezone_without_a_default_location" time="0.000000"></testcase>
		<testcase classname="xgo/cast" name="TestToTimeWithTimezones/3;timeFormatType=1;Mon,_02_Jan_2006_15:04:05_MST/nil_default_location" time="0.000000"></testcase>
		<testcase classname="xgo/cast" name="TestToTimeWithTimezones/3;timeFormatType=1;Mon,_02_Jan_2006_15:04:05_MST/default_location_not_UTC" time="0.000000"></testcase>
		<testcase classname="xgo/cast" name="TestToTimeWithTimezones/3;timeFormatType=1;Mon,_02_Jan_2006_15:04:05_MST/time_in_the_local_timezone_default_location_not_UTC" time="0.000000"></testcase>
		<testcase classname="xgo/cast" name="TestToTimeWithTimezones/3;timeFormatType=1;Mon,_02_Jan_2006_15:04:05_MST" time="0.000000"></testcase>
		<testcase classname="xgo/cast" name="TestToTimeWithTimezones/4;timeFormatType=2;02_Jan_06_15:04_-0700/without_default_location" time="0.000000"></testcase>
		<testcase classname="xgo/cast" name="TestToTimeWithTimezones/4;timeFormatType=2;02_Jan_06_15:04_-0700/local_timezone_without_a_default_location" time="0.000000"></testcase>
		<testcase classname="xgo/cast" name="TestToTimeWithTimezones/4;timeFormatType=2;02_Jan_06_15:04_-0700/nil_default_location" time="0.000000"></testcase>
		<testcase classname="xgo/cast" name="TestToTimeWithTimezones/4;timeFormatType=2;02_Jan_06_15:04_-0700/default_location_not_UTC" time="0.000000"></testcase>
		<testcase classname="xgo/cast" name="TestToTimeWithTimezones/4;timeFormatType=2;02_Jan_06_15:04_-0700/time_in_the_local_timezone_default_location_not_UTC" time="0.000000"></testcase>
		<testcase classname="xgo/cast" name="TestToTimeWithTimezones/4;timeFormatType=2;02_Jan_06_15:04_-0700" time="0.000000"></testcase>
		<testcase classname="xgo/cast" name="TestToTimeWithTimezones/5;timeFormatType=1;02_Jan_06_15:04_MST/without_default_location" time="0.000000"></testcase>
		<testcase classname="xgo/cast" name="TestToTimeWithTimezones/5;timeFormatType=1;02_Jan_06_15:04_MST/local_timezone_without_a_default_location" time="0.000000"></testcase>
		<testcase classname="xgo/cast" name="TestToTimeWithTimezones/5;timeFormatType=1;02_Jan_06_15:04_MST/nil_default_location" time="0.000000"></testcase>
		<testcase classname="xgo/cast" name="TestToTimeWithTimezones/5;timeFormatType=1;02_Jan_06_15:04_MST/default_location_not_UTC" time="0.000000"></testcase>
		<testcase classname="xgo/cast" name="TestToTimeWithTimezones/5;timeFormatType=1;02_Jan_06_15:04_MST/time_in_the_local_timezone_default_location_not_UTC" time="0.000000"></testcase>
		<testcase classname="xgo/cast" name="TestToTimeWithTimezones/5;timeFormatType=1;02_Jan_06_15:04_MST" time="0.000000"></testcase>
		<testcase classname="xgo/cast" name="TestToTimeWithTimezones/6;timeFormatType=1;Monday,_02-Jan-06_15:04:05_MST/without_default_location" time="0.000000"></testcase>
		<testcase classname="xgo/cast" name="TestToTimeWithTimezones/6;timeFormatType=1;Monday,_02-Jan-06_15:04:05_MST/local_timezone_without_a_default_location" time="0.000000"></testcase>
		<testcase classname="xgo/cast" name="TestToTimeWithTimezones/6;timeFormatType=1;Monday,_02-Jan-06_15:04:05_MST/nil_default_location" time="0.000000"></testcase>
		<testcase classname="xgo/cast" name="TestToTimeWithTimezones/6;timeFormatType=1;Monday,_02-Jan-06_15:04:05_MST/default_location_not_UTC" time="0.000000"></testcase>
		<testcase classname="xgo/cast" name="TestToTimeWithTimezones/6;timeFormatType=1;Monday,_02-Jan-06_15:04:05_MST/time_in_the_local_timezone_default_location_not_UTC" time="0.000000"></testcase>
		<testcase classname="xgo/cast" name="TestToTimeWithTimezones/6;timeFormatType=1;Monday,_02-Jan-06_15:04:05_MST" time="0.000000"></testcase>
		<testcase classname="xgo/cast" name="TestToTimeWithTimezones/7;timeFormatType=3;2006-01-02_15:04:05.999999999_-0700_MST/without_default_location" time="0.000000"></testcase>
		<testcase classname="xgo/cast" name="TestToTimeWithTimezones/7;timeFormatType=3;2006-01-02_15:04:05.999999999_-0700_MST/local_timezone_without_a_default_location" time="0.000000"></testcase>
		<testcase classname="xgo/cast" name="TestToTimeWithTimezones/7;timeFormatType=3;2006-01-02_15:04:05.999999999_-0700_MST/nil_default_location" time="0.000000"></testcase>
		<testcase classname="xgo/cast" name="TestToTimeWithTimezones/7;timeFormatType=3;2006-01-02_15:04:05.999999999_-0700_MST/default_location_not_UTC" time="0.000000"></testcase>
		<testcase classname="xgo/cast" name="TestToTimeWithTimezones/7;timeFormatType=3;2006-01-02_15:04:05.999999999_-0700_MST/time_in_the_local_timezone_default_location_not_UTC" time="0.000000"></testcase>
		<testcase classname="xgo/cast" name="TestToTimeWithTimezones/7;timeFormatType=3;2006-01-02_15:04:05.999999999_-0700_MST" time="0.000000"></testcase>
		<testcase classname="xgo/cast" name="TestToTimeWithTimezones/8;timeFormatType=2;2006-01-02T15:04:05-0700/without_default_location" time="0.000000"></testcase>
		<testcase classname="xgo/cast" name="TestToTimeWithTimezones/8;timeFormatType=2;2006-01-02T15:04:05-0700/local_timezone_without_a_default_location" time="0.000000"></testcase>
		<testcase classname="xgo/cast" name="TestToTimeWithTimezones/8;timeFormatType=2;2006-01-02T15:04:05-0700/nil_default_location" time="0.000000"></testcase>
		<testcase classname="xgo/cast" name="TestToTimeWithTimezones/8;timeFormatType=2;2006-01-02T15:04:05-0700/default_location_not_UTC" time="0.000000"></testcase>
		<testcase classname="xgo/cast" name="TestToTimeWithTimezones/8;timeFormatType=2;2006-01-02T15:04:05-0700/time_in_the_local_timezone_default_location_not_UTC" time="0.000000"></testcase>
		<testcase classname="xgo/cast" name="TestToTimeWithTimezones/8;timeFormatType=2;2006-01-02T15:04:05-0700" time="0.000000"></testcase>
		<testcase classname="xgo/cast" name="TestToTimeWithTimezones/9;timeFormatType=2;2006-01-02_15:04:05Z0700/without_default_location" time="0.000000"></testcase>
		<testcase classname="xgo/cast" name="TestToTimeWithTimezones/9;timeFormatType=2;2006-01-02_15:04:05Z0700/local_timezone_without_a_default_location" time="0.000000"></testcase>
		<testcase classname="xgo/cast" name="TestToTimeWithTimezones/9;timeFormatType=2;2006-01-02_15:04:05Z0700/nil_default_location" time="0.000000"></testcase>
		<testcase classname="xgo/cast" name="TestToTimeWithTimezones/9;timeFormatType=2;2006-01-02_15:04:05Z0700/default_location_not_UTC" time="0.000000"></testcase>
		<testcase classname="xgo/cast" name="TestToTimeWithTimezones/9;timeFormatType=2;2006-01-02_15:04:05Z0700/time_in_the_local_timezone_default_location_not_UTC" time="0.000000"></testcase>
		<testcase classname="xgo/cast" name="TestToTimeWithTimezones/9;timeFormatType=2;2006-01-02_15:04:05Z0700" time="0.000000"></testcase>
		<testcase classname="xgo/cast" name="TestToTimeWithTimezones/10;timeFormatType=0;2006-01-02_15:04:05/without_default_location" time="0.000000"></testcase>
		<testcase classname="xgo/cast" name="TestToTimeWithTimezones/10;timeFormatType=0;2006-01-02_15:04:05/local_timezone_without_a_default_location" time="0.000000"></testcase>
		<testcase classname="xgo/cast" name="TestToTimeWithTimezones/10;timeFormatType=0;2006-01-02_15:04:05/nil_default_location" time="0.000000"></testcase>
		<testcase classname="xgo/cast" name="TestToTimeWithTimezones/10;timeFormatType=0;2006-01-02_15:04:05/default_location_not_UTC" time="0.000000"></testcase>
		<testcase classname="xgo/cast" name="TestToTimeWithTimezones/10;timeFormatType=0;2006-01-02_15:04:05/time_in_the_local_timezone_default_location_not_UTC" time="0.000000"></testcase>
		<testcase classname="xgo/cast" name="TestToTimeWithTimezones/10;timeFormatType=0;2006-01-02_15:04:05" time="0.000000"></testcase>
		<testcase classname="xgo/cast" name="TestToTimeWithTimezones/11;timeFormatType=0;Mon_Jan__2_15:04:05_2006/without_default_location" time="0.000000"></testcase>
		<testcase classname="xgo/cast" name="TestToTimeWithTimezones/11;timeFormatType=0;Mon_Jan__2_15:04:05_2006/local_timezone_without_a_default_location" time="0.000000"></testcase>
		<testcase classname="xgo/cast" name="TestToTimeWithTimezones/11;timeFormatType=0;Mon_Jan__2_15:04:05_2006/nil_default_location" time="0.000000"></testcase>
		<testcase classname="xgo/cast" name="TestToTimeWithTimezones/11;timeFormatType=0;Mon_Jan__2_15:04:05_2006/default_location_not_UTC" time="0.000000"></testcase>
		<testcase classname="xgo/cast" name="TestToTimeWithTimezones/11;timeFormatType=0;Mon_Jan__2_15:04:05_2006/time_in_the_local_timezone_default_location_not_UTC" time="0.000000"></testcase>
		<testcase classname="xgo/cast" name="TestToTimeWithTimezones/11;timeFormatType=0;Mon_Jan__2_15:04:05_2006" time="0.000000"></testcase>
		<testcase classname="xgo/cast" name="TestToTimeWithTimezones/12;timeFormatType=1;Mon_Jan__2_15:04:05_MST_2006/without_default_location" time="0.000000"></testcase>
		<testcase classname="xgo/cast" name="TestToTimeWithTimezones/12;timeFormatType=1;Mon_Jan__2_15:04:05_MST_2006/local_timezone_without_a_default_location" time="0.000000"></testcase>
		<testcase classname="xgo/cast" name="TestToTimeWithTimezones/12;timeFormatType=1;Mon_Jan__2_15:04:05_MST_2006/nil_default_location" time="0.000000"></testcase>
		<testcase classname="xgo/cast" name="TestToTimeWithTimezones/12;timeFormatType=1;Mon_Jan__2_15:04:05_MST_2006/default_location_not_UTC" time="0.000000"></testcase>
		<testcase classname="xgo/cast" name="TestToTimeWithTimezones/12;timeFormatType=1;Mon_Jan__2_15:04:05_MST_2006/time_in_the_local_timezone_default_location_not_UTC" time="0.000000"></testcase>
		<testcase classname="xgo/cast" name="TestToTimeWithTimezones/12;timeFormatType=1;Mon_Jan__2_15:04:05_MST_2006" time="0.000000"></testcase>
		<testcase classname="xgo/cast" name="TestToTimeWithTimezones/13;timeFormatType=2;Mon_Jan_02_15:04:05_-0700_2006/without_default_location" time="0.000000"></testcase>
		<testcase classname="xgo/cast" name="TestToTimeWithTimezones/13;timeFormatType=2;Mon_Jan_02_15:04:05_-0700_2006/local_timezone_without_a_default_location" time="0.000000"></testcase>
		<testcase classname="xgo/cast" name="TestToTimeWithTimezones/13;timeFormatType=2;Mon_Jan_02_15:04:05_-0700_2006/nil_default_location" time="0.000000"></testcase>
		<testcase classname="xgo/cast" name="TestToTimeWithTimezones/13;timeFormatType=2;Mon_Jan_02_15:04:05_-0700_2006/default_location_not_UTC" time="0.000000"></testcase>
		<testcase classname="xgo/cast" name="TestToTimeWithTimezones/13;timeFormatType=2;Mon_Jan_02_15:04:05_-0700_2006/time_in_the_local_timezone_default_location_not_UTC" time="0.000000"></testcase>
		<testcase classname="xgo/cast" name="TestToTimeWithTimezones/13;timeFormatType=2;Mon_Jan_02_15:04:05_-0700_2006" time="0.000000"></testcase>
		<testcase classname="xgo/cast" name="TestToTimeWithTimezones/14;timeFormatType=2;2006-01-02_15:04:05Z07:00/without_default_location" time="0.000000"></testcase>
		<testcase classname="xgo/cast" name="TestToTimeWithTimezones/14;timeFormatType=2;2006-01-02_15:04:05Z07:00/local_timezone_without_a_default_location" time="0.000000"></testcase>
		<testcase classname="xgo/cast" name="TestToTimeWithTimezones/14;timeFormatType=2;2006-01-02_15:04:05Z07:00/nil_default_location" time="0.000000"></testcase>
		<testcase classname="xgo/cast" name="TestToTimeWithTimezones/14;timeFormatType=2;2006-01-02_15:04:05Z07:00/default_location_not_UTC" time="0.000000"></testcase>
		<testcase classname="xgo/cast" name="TestToTimeWithTimezones/14;timeFormatType=2;2006-01-02_15:04:05Z07:00/time_in_the_local_timezone_default_location_not_UTC" time="0.000000"></testcase>
		<testcase classname="xgo/cast" name="TestToTimeWithTimezones/14;timeFormatType=2;2006-01-02_15:04:05Z07:00" time="0.000000"></testcase>
		<testcase classname="xgo/cast" name="TestToTimeWithTimezones/15;timeFormatType=0;2006-01-02/without_default_location" time="0.000000"></testcase>
		<testcase classname="xgo/cast" name="TestToTimeWithTimezones/15;timeFormatType=0;2006-01-02/local_timezone_without_a_default_location" time="0.000000"></testcase>
		<testcase classname="xgo/cast" name="TestToTimeWithTimezones/15;timeFormatType=0;2006-01-02/nil_default_location" time="0.000000"></testcase>
		<testcase classname="xgo/cast" name="TestToTimeWithTimezones/15;timeFormatType=0;2006-01-02/default_location_not_UTC" time="0.000000"></testcase>
		<testcase classname="xgo/cast" name="TestToTimeWithTimezones/15;timeFormatType=0;2006-01-02/time_in_the_local_timezone_default_location_not_UTC" time="0.000000"></testcase>
		<testcase classname="xgo/cast" name="TestToTimeWithTimezones/15;timeFormatType=0;2006-01-02" time="0.000000"></testcase>
		<testcase classname="xgo/cast" name="TestToTimeWithTimezones/16;timeFormatType=0;02_Jan_2006/without_default_location" time="0.000000"></testcase>
		<testcase classname="xgo/cast" name="TestToTimeWithTimezones/16;timeFormatType=0;02_Jan_2006/local_timezone_without_a_default_location" time="0.000000"></testcase>
		<testcase classname="xgo/cast" name="TestToTimeWithTimezones/16;timeFormatType=0;02_Jan_2006/nil_default_location" time="0.000000"></testcase>
		<testcase classname="xgo/cast" name="TestToTimeWithTimezones/16;timeFormatType=0;02_Jan_2006/default_location_not_UTC" time="0.000000"></testcase>
		<testcase classname="xgo/cast" name="TestToTimeWithTimezones/16;timeFormatType=0;02_Jan_2006/time_in_the_local_timezone_default_location_not_UTC" time="0.000000"></testcase>
		<testcase classname="xgo/cast" name="TestToTimeWithTimezones/16;timeFormatType=0;02_Jan_2006" time="0.000000"></testcase>
		<testcase classname="xgo/cast" name="TestToTimeWithTimezones/17;timeFormatType=2;2006-01-02_15:04:05_-07:00/without_default_location" time="0.000000"></testcase>
		<testcase classname="xgo/cast" name="TestToTimeWithTimezones/17;timeFormatType=2;2006-01-02_15:04:05_-07:00/local_timezone_without_a_default_location" time="0.000000"></testcase>
		<testcase classname="xgo/cast" name="TestToTimeWithTimezones/17;timeFormatType=2;2006-01-02_15:04:05_-07:00/nil_default_location" time="0.000000"></testcase>
		<testcase classname="xgo/cast" name="TestToTimeWithTimezones/17;timeFormatType=2;2006-01-02_15:04:05_-07:00/default_location_not_UTC" time="0.000000"></testcase>
		<testcase classname="xgo/cast" name="TestToTimeWithTimezones/17;timeFormatType=2;2006-01-02_15:04:05_-07:00/time_in_the_local_timezone_default_location_not_UTC" time="0.000000"></testcase>
		<testcase classname="xgo/cast" name="TestToTimeWithTimezones/17;timeFormatType=2;2006-01-02_15:04:05_-07:00" time="0.000000"></testcase>
		<testcase classname="xgo/cast" name="TestToTimeWithTimezones/18;timeFormatType=2;2006-01-02_15:04:05_-0700/without_default_location" time="0.000000"></testcase>
		<testcase classname="xgo/cast" name="TestToTimeWithTimezones/18;timeFormatType=2;2006-01-02_15:04:05_-0700/local_timezone_without_a_default_location" time="0.000000"></testcase>
		<testcase classname="xgo/cast" name="TestToTimeWithTimezones/18;timeFormatType=2;2006-01-02_15:04:05_-0700/nil_default_location" time="0.000000"></testcase>
		<testcase classname="xgo/cast" name="TestToTimeWithTimezones/18;timeFormatType=2;2006-01-02_15:04:05_-0700/default_location_not_UTC" time="0.000000"></testcase>
		<testcase classname="xgo/cast" name="TestToTimeWithTimezones/18;timeFormatType=2;2006-01-02_15:04:05_-0700/time_in_the_local_timezone_default_location_not_UTC" time="0.000000"></testcase>
		<testcase classname="xgo/cast" name="TestToTimeWithTimezones/18;timeFormatType=2;2006-01-02_15:04:05_-0700" time="0.000000"></testcase>
		<testcase classname="xgo/cast" name="TestToTimeWithTimezones" time="0.010000"></testcase>
	</testsuite>
	<testsuite tests="1" failures="0" time="0.913000" name="xgo/command" timestamp="2022-04-27T23:14:13+08:00">
		<properties>
			<property name="go.version" value="go1.15.5 darwin/amd64"></property>
		</properties>
		<testcase classname="xgo/command" name="TestRunBashCommand" time="0.010000"></testcase>
	</testsuite>
	<testsuite tests="0" failures="0" time="0.000000" name="xgo/config" timestamp="2022-04-27T23:14:13+08:00">
		<properties>
			<property name="go.version" value="go1.15.5 darwin/amd64"></property>
		</properties>
	</testsuite>
	<testsuite tests="8" failures="0" time="2.593000" name="xgo/fastrand" timestamp="2022-04-27T23:14:13+08:00">
		<properties>
			<property name="go.version" value="go1.15.5 darwin/amd64"></property>
		</properties>
		<testcase classname="xgo/fastrand" name="TestRNGSeed" time="1.250000"></testcase>
		<testcase classname="xgo/fastrand" name="TestUint32" time="0.220000"></testcase>
		<testcase classname="xgo/fastrand" name="TestRNGUint32" time="0.190000"></testcase>
		<testcase classname="xgo/fastrand" name="TestUint32n" time="0.060000"></testcase>
		<testcase classname="xgo/fastrand" name="TestRNGUint32n" time="0.040000"></testcase>
		<testcase classname="xgo/fastrand" name="TestInt" time="0.200000"></testcase>
		<testcase classname="xgo/fastrand" name="TestIntn" time="0.060000"></testcase>
		<testcase classname="xgo/fastrand" name="TestRangeIntn" time="0.060000"></testcase>
	</testsuite>
	<testsuite tests="20" failures="0" time="9.249000" name="xgo/fsnotify" timestamp="2022-04-27T23:14:13+08:00">
		<properties>
			<property name="go.version" value="go1.15.5 darwin/amd64"></property>
		</properties>
		<testcase classname="xgo/fsnotify" name="TestEventStringWithValue" time="0.000000"></testcase>
		<testcase classname="xgo/fsnotify" name="TestEventOpStringWithValue" time="0.000000"></testcase>
		<testcase classname="xgo/fsnotify" name="TestEventOpStringWithNoValue" time="0.000000"></testcase>
		<testcase classname="xgo/fsnotify" name="TestFsnotifyMultipleOperations" time="0.830000"></testcase>
		<testcase classname="xgo/fsnotify" name="TestFsnotifyMultipleCreates" time="1.060000"></testcase>
		<testcase classname="xgo/fsnotify" name="TestFsnotifyDirOnly" time="0.670000"></testcase>
		<testcase classname="xgo/fsnotify" name="TestFsnotifyDeleteWatchedDir" time="0.520000"></testcase>
		<testcase classname="xgo/fsnotify" name="TestFsnotifySubDir" time="0.750000"></testcase>
		<testcase classname="xgo/fsnotify" name="TestFsnotifyRename" time="0.540000"></testcase>
		<testcase classname="xgo/fsnotify" name="TestFsnotifyRenameToCreate" time="0.530000"></testcase>
		<testcase classname="xgo/fsnotify" name="TestFsnotifyRenameToOverwrite" time="0.550000"></testcase>
		<testcase classname="xgo/fsnotify" name="TestRemovalOfWatch" time="0.520000"></testcase>
		<testcase classname="xgo/fsnotify" name="TestFsnotifyAttrib" time="1.570000"></testcase>
		<testcase classname="xgo/fsnotify" name="TestFsnotifyClose" time="0.050000"></testcase>
		<testcase classname="xgo/fsnotify" name="TestFsnotifyFakeSymlink" time="0.500000"></testcase>
		<testcase classname="xgo/fsnotify" name="TestCyclicSymlink" time="0.500000"></testcase>
		<testcase classname="xgo/fsnotify" name="TestConcurrentRemovalOfWatch" time="0.020000"></testcase>
		<testcase classname="xgo/fsnotify" name="TestClose" time="0.000000"></testcase>
		<testcase classname="xgo/fsnotify" name="TestRemoveWithClose" time="0.050000"></testcase>
		<testcase classname="xgo/fsnotify" name="TestWatcherClose" time="0.100000"></testcase>
	</testsuite>
	<testsuite tests="2" failures="0" time="0.566000" name="xgo/homedir" timestamp="2022-04-27T23:14:13+08:00">
		<properties>
			<property name="go.version" value="go1.15.5 darwin/amd64"></property>
		</properties>
		<testcase classname="xgo/homedir" name="TestDir" time="0.080000"></testcase>
		<testcase classname="xgo/homedir" name="TestExpand" time="0.000000"></testcase>
	</testsuite>
	<testsuite tests="1" failures="0" time="0.419000" name="xgo/log" timestamp="2022-04-27T23:14:13+08:00">
		<properties>
			<property name="go.version" value="go1.15.5 darwin/amd64"></property>
		</properties>
		<testcase classname="xgo/log" name="TestInfo" time="0.000000"></testcase>
	</testsuite>
	<testsuite tests="1" failures="0" time="2.614000" name="xgo/pipe" timestamp="2022-04-27T23:14:13+08:00">
		<properties>
			<property name="go.version" value="go1.15.5 darwin/amd64"></property>
		</properties>
		<testcase classname="xgo/pipe" name="TestEndpointPipe" time="0.000000"></testcase>
	</testsuite>
	<testsuite tests="1" failures="0" time="4.457000" name="xgo/pool" timestamp="2022-04-27T23:14:13+08:00">
		<properties>
			<property name="go.version" value="go1.15.5 darwin/amd64"></property>
		</properties>
		<testcase classname="xgo/pool" name="TestGinkgoSuite" time="2.270000"></testcase>
	</testsuite>
	<testsuite tests="30" failures="0" time="1.589000" name="xgo/render" timestamp="2022-04-27T23:14:13+08:00">
		<properties>
			<property name="go.version" value="go1.15.5 darwin/amd64"></property>
		</properties>
		<testcase classname="xgo/render" name="TestRenderData" time="0.000000"></testcase>
		<testcase classname="xgo/render" name="TestRenderHTMLTemplate" time="0.000000"></testcase>
		<testcase classname="xgo/render" name="TestRenderHTMLTemplateEmptyName" time="0.000000"></testcase>
		<testcase classname="xgo/render" name="TestRenderHTMLDebugFiles" time="0.000000"></testcase>
		<testcase classname="xgo/render" name="TestRenderHTMLDebugGlob" time="0.000000"></testcase>
		<testcase classname="xgo/render" name="TestRenderHTMLDebugPanics" time="0.000000"></testcase>
		<testcase classname="xgo/render" name="TestRenderJSON" time="0.000000"></testcase>
		<testcase classname="xgo/render" name="TestRenderJSONPanics" time="0.000000"></testcase>
		<testcase classname="xgo/render" name="TestRenderIndentedJSON" time="0.000000"></testcase>
		<testcase classname="xgo/render" name="TestRenderIndentedJSONPanics" time="0.000000"></testcase>
		<testcase classname="xgo/render" name="TestRenderSecureJSON" time="0.000000"></testcase>
		<testcase classname="xgo/render" name="TestRenderSecureJSONFail" time="0.000000"></testcase>
		<testcase classname="xgo/render" name="TestRenderJsonpJSON" time="0.000000"></testcase>
		<testcase classname="xgo/render" name="TestRenderJsonpJSONError2" time="0.000000"></testcase>
		<testcase classname="xgo/render" name="TestRenderJsonpJSONFail" time="0.000000"></testcase>
		<testcase classname="xgo/render" name="TestRenderAsciiJSON" time="0.000000"></testcase>
		<testcase classname="xgo/render" name="TestRenderAsciiJSONFail" time="0.000000"></testcase>
		<testcase classname="xgo/render" name="TestRenderPureJSON" time="0.000000"></testcase>
		<testcase classname="xgo/render" name="TestRenderProtoBuf" time="0.000000"></testcase>
		<testcase classname="xgo/render" name="TestRenderProtoBufFail" time="0.000000"></testcase>
		<testcase classname="xgo/render" name="TestReaderRenderNoHeaders" time="0.000000"></testcase>
		<testcase classname="xgo/render" name="TestRenderReader" time="0.000000"></testcase>
		<testcase classname="xgo/render" name="TestRenderReaderNoContentLength" time="0.000000"></testcase>
		<testcase classname="xgo/render" name="TestRenderRedirect" time="0.000000"></testcase>
		<testcase classname="xgo/render" name="TestRenderMsgPack" time="0.000000"></testcase>
		<testcase classname="xgo/render" name="TestRenderString" time="0.000000"></testcase>
		<testcase classname="xgo/render" name="TestRenderStringLenZero" time="0.000000"></testcase>
		<testcase classname="xgo/render" name="TestRenderXML" time="0.000000"></testcase>
		<testcase classname="xgo/render" name="TestRenderYAML" time="0.000000"></testcase>
		<testcase classname="xgo/render" name="TestRenderYAMLFail" time="0.000000"></testcase>
	</testsuite>
	<testsuite tests="0" failures="0" time="0.000000" name="xgo/script" timestamp="2022-04-27T23:14:13+08:00">
		<properties>
			<property name="go.version" value="go1.15.5 darwin/amd64"></property>
		</properties>
	</testsuite>
	<testsuite tests="0" failures="0" time="0.000000" name="xgo/services/name/client" timestamp="2022-04-27T23:14:13+08:00">
		<properties>
			<property name="go.version" value="go1.15.5 darwin/amd64"></property>
		</properties>
	</testsuite>
	<testsuite tests="3" failures="0" time="0.668000" name="xgo/services/name/client/address" timestamp="2022-04-27T23:14:13+08:00">
		<properties>
			<property name="go.version" value="go1.15.5 darwin/amd64"></property>
		</properties>
		<testcase classname="xgo/services/name/client/address" name="TestNameServiceAddressHttp" time="0.000000"></testcase>
		<testcase classname="xgo/services/name/client/address" name="TestNameServiceAddressIp" time="0.000000"></testcase>
		<testcase classname="xgo/services/name/client/address" name="TestNameServiceAddressL5" time="0.000000"></testcase>
	</testsuite>
	<testsuite tests="0" failures="0" time="0.000000" name="xgo/services/name/client/options" timestamp="2022-04-27T23:14:13+08:00">
		<properties>
			<property name="go.version" value="go1.15.5 darwin/amd64"></property>
		</properties>
	</testsuite>
	<testsuite tests="0" failures="0" time="0.000000" name="xgo/services/name/client/request" timestamp="2022-04-27T23:14:13+08:00">
		<properties>
			<property name="go.version" value="go1.15.5 darwin/amd64"></property>
		</properties>
	</testsuite>
	<testsuite tests="1" failures="0" time="0.201000" name="xgo/signature" timestamp="2022-04-27T23:14:13+08:00">
		<properties>
			<property name="go.version" value="go1.15.5 darwin/amd64"></property>
		</properties>
		<testcase classname="xgo/signature" name="TestGenereateHmacSignedString" time="0.000000"></testcase>
	</testsuite>
	<testsuite tests="18" failures="0" time="0.395000" name="xgo/strcase" timestamp="2022-04-27T23:14:13+08:00">
		<properties>
			<property name="go.version" value="go1.15.5 darwin/amd64"></property>
		</properties>
		<testcase classname="xgo/strcase" name="TestToCamel" time="0.000000"></testcase>
		<testcase classname="xgo/strcase" name="TestToLowerCamel" time="0.000000"></testcase>
		<testcase classname="xgo/strcase" name="TestCustomAcronymsToCamel/API_Custom_Acronym" time="0.000000"></testcase>
		<testcase classname="xgo/strcase" name="TestCustomAcronymsToCamel/ABCDACME_Custom_Acroynm" time="0.000000"></testcase>
		<testcase classname="xgo/strcase" name="TestCustomAcronymsToCamel/PostgreSQL_Custom_Acronym" time="0.000000"></testcase>
		<testcase classname="xgo/strcase" name="TestCustomAcronymsToCamel" time="0.000000"></testcase>
		<testcase classname="xgo/strcase" name="TestCustomAcronymsToLowerCamel/API_Custom_Acronym" time="0.000000"></testcase>
		<testcase classname="xgo/strcase" name="TestCustomAcronymsToLowerCamel/ABCDACME_Custom_Acroynm" time="0.000000"></testcase>
		<testcase classname="xgo/strcase" name="TestCustomAcronymsToLowerCamel/PostgreSQL_Custom_Acronym" time="0.000000"></testcase>
		<testcase classname="xgo/strcase" name="TestCustomAcronymsToLowerCamel" time="0.000000"></testcase>
		<testcase classname="xgo/strcase" name="TestToSnake" time="0.000000"></testcase>
		<testcase classname="xgo/strcase" name="TestToSnakeWithIgnore" time="0.000000"></testcase>
		<testcase classname="xgo/strcase" name="TestToDelimited" time="0.000000"></testcase>
		<testcase classname="xgo/strcase" name="TestToScreamingSnake" time="0.000000"></testcase>
		<testcase classname="xgo/strcase" name="TestToKebab" time="0.000000"></testcase>
		<testcase classname="xgo/strcase" name="TestToScreamingKebab" time="0.000000"></testcase>
		<testcase classname="xgo/strcase" name="TestToScreamingDelimited" time="0.000000"></testcase>
		<testcase classname="xgo/strcase" name="TestToScreamingDelimitedWithIgnore" time="0.000000"></testcase>
	</testsuite>
	<testsuite tests="0" failures="0" time="0.000000" name="xgo/term" timestamp="2022-04-27T23:14:13+08:00">
		<properties>
			<property name="go.version" value="go1.15.5 darwin/amd64"></property>
		</properties>
	</testsuite>
	<testsuite tests="1" failures="0" time="0.302000" name="xgo/utils" timestamp="2022-04-27T23:14:13+08:00">
		<properties>
			<property name="go.version" value="go1.15.5 darwin/amd64"></property>
		</properties>
		<testcase classname="xgo/utils" name="TestCopyAndInsensitiviseMap" time="0.000000"></testcase>
	</testsuite>
	<testsuite tests="0" failures="0" time="0.000000" name="xgo/utils/atomicutils" timestamp="2022-04-27T23:14:13+08:00">
		<properties>
			<property name="go.version" value="go1.15.5 darwin/amd64"></property>
		</properties>
	</testsuite>
	<testsuite tests="2" failures="0" time="0.183000" name="xgo/utils/bytesconv" timestamp="2022-04-27T23:14:13+08:00">
		<properties>
			<property name="go.version" value="go1.15.5 darwin/amd64"></property>
		</properties>
		<testcase classname="xgo/utils/bytesconv" name="TestBytesToString" time="0.000000"></testcase>
		<testcase classname="xgo/utils/bytesconv" name="TestStringToBytes" time="0.000000"></testcase>
	</testsuite>
	<testsuite tests="2" failures="0" time="0.243000" name="xgo/utils/bytesutils" timestamp="2022-04-27T23:14:13+08:00">
		<properties>
			<property name="go.version" value="go1.15.5 darwin/amd64"></property>
		</properties>
		<testcase classname="xgo/utils/bytesutils" name="TestHasPrefixAndSuffix" time="0.000000"></testcase>
		<testcase classname="xgo/utils/bytesutils" name="TestTrimEOL" time="0.000000"></testcase>
	</testsuite>
	<testsuite tests="0" failures="0" time="0.000000" name="xgo/utils/decorators" timestamp="2022-04-27T23:14:13+08:00">
		<properties>
			<property name="go.version" value="go1.15.5 darwin/amd64"></property>
		</properties>
	</testsuite>
	<testsuite tests="15" failures="0" time="0.286000" name="xgo/utils/fileutils" timestamp="2022-04-27T23:14:13+08:00">
		<properties>
			<property name="go.version" value="go1.15.5 darwin/amd64"></property>
		</properties>
		<testcase classname="xgo/utils/fileutils" name="TestRemoveFileExt/1" time="0.000000"></testcase>
		<testcase classname="xgo/utils/fileutils" name="TestRemoveFileExt/2" time="0.000000"></testcase>
		<testcase classname="xgo/utils/fileutils" name="TestRemoveFileExt/3" time="0.000000"></testcase>
		<testcase classname="xgo/utils/fileutils" name="TestRemoveFileExt/4" time="0.000000"></testcase>
		<testcase classname="xgo/utils/fileutils" name="TestRemoveFileExt/5" time="0.000000"></testcase>
		<testcase classname="xgo/utils/fileutils" name="TestRemoveFileExt/6" time="0.000000"></testcase>
		<testcase classname="xgo/utils/fileutils" name="TestRemoveFileExt/7" time="0.000000"></testcase>
		<testcase classname="xgo/utils/fileutils" name="TestRemoveFileExt/8" time="0.000000"></testcase>
		<testcase classname="xgo/utils/fileutils" name="TestRemoveFileExt/9" time="0.000000"></testcase>
		<testcase classname="xgo/utils/fileutils" name="TestRemoveFileExt/10" time="0.000000"></testcase>
		<testcase classname="xgo/utils/fileutils" name="TestRemoveFileExt" time="0.000000"></testcase>
		<testcase classname="xgo/utils/fileutils" name="TestCopy" time="0.000000"></testcase>
		<testcase classname="xgo/utils/fileutils" name="TestLocateFile/1" time="0.000000"></testcase>
		<testcase classname="xgo/utils/fileutils" name="TestLocateFile" time="0.000000"></testcase>
		<testcase classname="xgo/utils/fileutils" name="TestAbsPathify" time="0.000000"></testcase>
	</testsuite>
	<testsuite tests="1" failures="0" time="0.329000" name="xgo/utils/hashtag" timestamp="2022-04-27T23:14:13+08:00">
		<properties>
			<property name="go.version" value="go1.15.5 darwin/amd64"></property>
		</properties>
		<testcase classname="xgo/utils/hashtag" name="TestGinkgoSuite" time="0.030000"></testcase>
	</testsuite>
	<testsuite tests="1" failures="0" time="0.326000" name="xgo/utils/hscan" timestamp="2022-04-27T23:14:13+08:00">
		<properties>
			<property name="go.version" value="go1.15.5 darwin/amd64"></property>
		</properties>
		<testcase classname="xgo/utils/hscan" name="TestGinkgoSuite" time="0.010000"></testcase>
	</testsuite>
	<testsuite tests="0" failures="0" time="0.000000" name="xgo/utils/htmlutils" timestamp="2022-04-27T23:14:13+08:00">
		<properties>
			<property name="go.version" value="go1.15.5 darwin/amd64"></property>
		</properties>
	</testsuite>
	<testsuite tests="0" failures="0" time="0.000000" name="xgo/utils/json" timestamp="2022-04-27T23:14:13+08:00">
		<properties>
			<property name="go.version" value="go1.15.5 darwin/amd64"></property>
		</properties>
	</testsuite>
	<testsuite tests="3" failures="0" time="3.094000" name="xgo/utils/netutils" timestamp="2022-04-27T23:14:13+08:00">
		<properties>
			<property name="go.version" value="go1.15.5 darwin/amd64"></property>
		</properties>
		<testcase classname="xgo/utils/netutils" name="TestAppendEnv" time="0.000000"></testcase>
		<testcase classname="xgo/utils/netutils" name="TestSplitMimeHeader" time="0.000000"></testcase>
		<testcase classname="xgo/utils/netutils" name="TestTellHostPort" time="0.000000"></testcase>
	</testsuite>
	<testsuite tests="2" failures="0" time="2.987000" name="xgo/utils/proto" timestamp="2022-04-27T23:14:13+08:00">
		<properties>
			<property name="go.version" value="go1.15.5 darwin/amd64"></property>
		</properties>
		<testcase classname="xgo/utils/proto" name="TestReader_ReadLine" time="0.000000"></testcase>
		<testcase classname="xgo/utils/proto" name="TestGinkgoSuite" time="0.010000"></testcase>
	</testsuite>
	<testsuite tests="0" failures="0" time="0.000000" name="xgo/utils/randutils" timestamp="2022-04-27T23:14:13+08:00">
		<properties>
			<property name="go.version" value="go1.15.5 darwin/amd64"></property>
		</properties>
	</testsuite>
	<testsuite tests="0" failures="0" time="2.878000" name="xgo/utils/reflectutils" timestamp="2022-04-27T23:14:13+08:00">
		<properties>
			<property name="go.version" value="go1.15.5 darwin/amd64"></property>
		</properties>
	</testsuite>
	<testsuite tests="0" failures="0" time="0.000000" name="xgo/utils/runtimeutils" timestamp="2022-04-27T23:14:13+08:00">
		<properties>
			<property name="go.version" value="go1.15.5 darwin/amd64"></property>
		</properties>
	</testsuite>
	<testsuite tests="10" failures="0" time="1.685000" name="xgo/utils/stringutils" timestamp="2022-04-27T23:14:13+08:00">
		<properties>
			<property name="go.version" value="go1.15.5 darwin/amd64"></property>
		</properties>
		<testcase classname="xgo/utils/stringutils" name="TestHead" time="0.000000"></testcase>
		<testcase classname="xgo/utils/stringutils" name="TestRemoveDuplicateElement" time="0.000000"></testcase>
		<testcase classname="xgo/utils/stringutils" name="TestReflectReverseSlice" time="0.000000"></testcase>
		<testcase classname="xgo/utils/stringutils" name="TestReverseSliceGetNew" time="0.000000"></testcase>
		<testcase classname="xgo/utils/stringutils" name="TestReverseSlice" time="0.000000"></testcase>
		<testcase classname="xgo/utils/stringutils" name="TestGenerateId" time="0.000000"></testcase>
		<testcase classname="xgo/utils/stringutils" name="TestStr2map" time="0.000000"></testcase>
		<testcase classname="xgo/utils/stringutils" name="TestMergeGetAndPostParamWithKey" time="0.000000"></testcase>
		<testcase classname="xgo/utils/stringutils" name="TestMd5" time="0.000000"></testcase>
		<testcase classname="xgo/utils/stringutils" name="TestGetValueInBraces" time="0.000000"></testcase>
	</testsuite>
	<testsuite tests="0" failures="0" time="0.000000" name="xgo/utils/testutil" timestamp="2022-04-27T23:14:13+08:00">
		<properties>
			<property name="go.version" value="go1.15.5 darwin/amd64"></property>
		</properties>
	</testsuite>
	<testsuite tests="1" failures="0" time="0.280000" name="xgo/utils/timeutils" timestamp="2022-04-27T23:14:13+08:00">
		<properties>
			<property name="go.version" value="go1.15.5 darwin/amd64"></property>
		</properties>
		<testcase classname="xgo/utils/timeutils" name="TestRetryBackoff" time="0.000000"></testcase>
	</testsuite>
	<testsuite tests="0" failures="0" time="0.000000" name="xgo/workers" timestamp="2022-04-27T23:14:13+08:00">
		<properties>
			<property name="go.version" value="go1.15.5 darwin/amd64"></property>
		</properties>
	</testsuite>
</testsuites>