mode: atomic
xgo/async/async.go:18.48,24.25 2 3
xgo/async/async.go:35.2,35.17 1 3
xgo/async/async.go:24.25,28.31 2 10
xgo/async/async.go:32.3,32.13 1 10
xgo/async/async.go:28.31,30.4 1 0
xgo/async/async.go:42.52,45.23 2 1
xgo/async/async.go:55.2,55.17 1 1
xgo/async/async.go:45.23,48.31 2 3
xgo/async/async.go:52.3,52.13 1 3
xgo/async/async.go:48.31,50.4 1 0
xgo/async/async.go:61.78,70.16 3 2
xgo/async/async.go:76.2,76.38 1 2
xgo/async/async.go:81.2,81.32 1 2
xgo/async/async.go:70.16,71.21 1 0
xgo/async/async.go:76.38,78.3 1 2
xgo/async/async.go:85.47,87.2 1 1
xgo/async/async.go:90.49,92.2 1 1
xgo/async/async.go:94.73,103.16 3 2
xgo/async/async.go:106.2,106.35 1 2
xgo/async/async.go:103.16,104.13 1 0
xgo/async/funcs.go:26.76,43.14 2 7
xgo/async/funcs.go:55.2,62.30 3 6
xgo/async/funcs.go:74.2,83.28 4 6
xgo/async/funcs.go:92.2,92.40 1 5
xgo/async/funcs.go:43.14,45.28 2 1
xgo/async/funcs.go:50.3,50.21 1 1
xgo/async/funcs.go:45.28,46.27 1 1
xgo/async/funcs.go:46.27,48.5 1 1
xgo/async/funcs.go:62.30,70.3 2 6
xgo/async/funcs.go:83.28,85.53 1 2
xgo/async/funcs.go:88.3,88.7 1 1
xgo/async/funcs.go:85.53,87.4 1 1
xgo/async/funcs.go:98.64,104.48 2 2
xgo/async/funcs.go:115.2,115.20 1 2
xgo/async/funcs.go:119.2,119.22 1 0
xgo/async/funcs.go:104.48,107.3 1 1
xgo/async/funcs.go:107.8,107.73 1 1
xgo/async/funcs.go:107.73,110.3 1 1
xgo/async/funcs.go:110.8,112.83 1 0
xgo/async/funcs.go:115.20,117.3 1 2
xgo/async/funcs.go:123.89,132.14 2 1
xgo/async/funcs.go:149.2,149.26 1 1
xgo/async/funcs.go:166.2,166.22 1 1
xgo/async/funcs.go:132.14,136.27 2 0
xgo/async/funcs.go:136.27,141.4 2 0
xgo/async/funcs.go:142.8,143.27 1 1
xgo/async/funcs.go:143.27,145.4 1 3
xgo/async/funcs.go:149.26,153.19 2 3
xgo/async/funcs.go:153.19,156.4 1 0
xgo/async/funcs.go:156.9,156.44 1 3
xgo/async/funcs.go:156.44,159.32 2 2
xgo/async/funcs.go:162.4,162.34 1 2
xgo/async/funcs.go:159.32,161.5 1 2
xgo/async/funcs.go:170.94,180.14 2 1
xgo/async/funcs.go:195.2,195.26 1 1
xgo/async/funcs.go:209.2,209.22 1 1
xgo/async/funcs.go:180.14,183.27 2 1
xgo/async/funcs.go:183.27,188.4 2 3
xgo/async/funcs.go:189.8,190.27 1 0
xgo/async/funcs.go:190.27,192.4 1 0
xgo/async/funcs.go:195.26,198.19 2 3
xgo/async/funcs.go:198.19,200.4 1 0
xgo/async/funcs.go:200.9,200.44 1 3
xgo/async/funcs.go:200.44,202.32 2 2
xgo/async/funcs.go:205.4,205.24 1 2
xgo/async/funcs.go:202.32,204.5 1 3
xgo/async/funcs.go:213.86,219.2 2 3
xgo/async/funcs.go:222.66,234.30 3 6
xgo/async/funcs.go:261.2,261.10 1 6
xgo/async/funcs.go:234.30,239.58 2 5
xgo/async/funcs.go:250.3,250.30 1 5
xgo/async/funcs.go:239.58,241.49 1 2
xgo/async/funcs.go:246.4,246.7 1 2
xgo/async/funcs.go:241.49,244.5 1 0
xgo/async/funcs.go:250.30,255.17 2 4
xgo/async/funcs.go:255.17,257.5 1 2
xgo/async/results.go:23.50,25.2 1 1
xgo/async/results.go:29.33,31.2 1 0
xgo/async/results.go:34.39,35.41 1 0
xgo/async/results.go:39.51,40.40 1 0
xgo/async/results.go:49.48,50.36 1 0
xgo/async/results.go:54.31,56.2 1 0
xgo/async/results.go:60.37,65.19 3 0
xgo/async/results.go:70.2,70.13 1 0
xgo/async/results.go:65.19,68.3 2 0
xgo/async/results.go:74.49,76.2 1 1
xgo/gofmt.go:13.36,16.16 2 0
xgo/gofmt.go:20.2,21.16 2 0
xgo/gofmt.go:25.2,26.16 2 0
xgo/gofmt.go:30.2,30.12 1 0
xgo/gofmt.go:16.16,18.3 1 0
xgo/gofmt.go:21.16,23.3 1 0
xgo/gofmt.go:26.16,28.3 1 0
xgo/gofmt.go:34.33,35.86 1 0
xgo/gofmt.go:44.2,44.12 1 0
xgo/gofmt.go:35.86,36.59 1 0
xgo/gofmt.go:42.3,42.13 1 0
xgo/gofmt.go:36.59,38.18 2 0
xgo/gofmt.go:38.18,40.5 1 0
xgo/utils.go:20.43,21.19 1 0
xgo/utils.go:22.9,23.44 1 0
xgo/utils.go:27.3,28.17 2 0
xgo/utils.go:29.9,30.17 1 0
xgo/utils.go:31.10,32.31 1 0
xgo/utils.go:23.44,26.4 2 0
xgo/utils.go:37.25,39.2 1 0
xgo/utils.go:41.39,42.12 1 0
xgo/utils.go:42.12,43.14 1 0
xgo/utils.go:47.33,48.15 1 0
xgo/utils.go:51.2,51.24 1 0
xgo/utils.go:48.15,49.47 1 0
xgo/version.go:17.23,19.2 1 1
xgo/xgo.go:13.13,14.31 1 1
xgo/xgo.go:14.31,16.3 1 0
xgo/debug.go:14.25,16.2 1 1
xgo/debug.go:19.56,20.19 1 1
xgo/debug.go:20.19,22.39 1 1
xgo/debug.go:26.3,26.63 1 1
xgo/debug.go:22.39,24.4 1 0
xgo/debug.go:31.42,34.19 3 1
xgo/debug.go:37.2,37.51 1 1
xgo/debug.go:34.19,36.3 1 0
xgo/debug.go:41.33,43.79 1 1
xgo/debug.go:43.79,47.3 1 0
xgo/debug.go:51.29,57.2 1 1
xgo/debug.go:59.33,60.16 1 0
xgo/debug.go:60.16,61.20 1 0
xgo/debug.go:61.20,63.4 1 0
xgo/errors.go:66.34,67.11 1 0
xgo/errors.go:100.2,100.34 1 0
xgo/errors.go:68.18,69.19 1 0
xgo/errors.go:70.27,71.29 1 0
xgo/errors.go:72.22,73.24 1 0
xgo/errors.go:74.23,75.25 1 0
xgo/errors.go:76.18,77.19 1 0
xgo/errors.go:78.15,79.16 1 0
xgo/errors.go:80.28,81.32 1 0
xgo/errors.go:82.19,83.20 1 0
xgo/errors.go:84.27,85.31 1 0
xgo/errors.go:86.25,87.27 1 0
xgo/errors.go:88.14,89.15 1 0
xgo/errors.go:90.26,91.28 1 0
xgo/errors.go:92.25,93.27 1 0
xgo/errors.go:94.24,95.26 1 0
xgo/errors.go:96.21,97.23 1 0
xgo/errors.go:103.33,105.2 1 0
xgo/errors.go:118.32,120.2 1 0
xgo/errors.go:122.50,127.2 1 0
xgo/errors.go:129.71,131.2 1 0
xgo/errors.go:134.34,137.9 2 0
xgo/errors.go:141.2,141.12 1 0
xgo/errors.go:137.9,139.3 1 0
xgo/errors.go:155.35,156.35 1 0
xgo/errors.go:159.2,159.19 1 0
xgo/errors.go:156.35,158.3 1 0
xgo/errors.go:169.40,172.24 2 0
xgo/errors.go:177.2,177.38 1 0
xgo/errors.go:172.24,175.3 2 0
xgo/binding/binding.go:68.50,69.30 1 0
xgo/binding/binding.go:73.2,73.21 1 0
xgo/binding/binding.go:69.30,71.3 1 0
xgo/binding/binding.go:74.16,75.14 1 0
xgo/binding/binding.go:76.25,77.13 1 0
xgo/binding/binding.go:78.20,79.18 1 0
xgo/binding/binding.go:80.33,81.17 1 0
xgo/binding/binding.go:82.16,83.14 1 0
xgo/binding/binding.go:84.29,85.23 1 0
xgo/binding/binding.go:86.10,87.14 1 0
xgo/binding/binding.go:91.38,92.22 1 7
xgo/binding/binding.go:95.2,95.38 1 7
xgo/binding/binding.go:92.22,94.3 1 0
xgo/binding/form.go:17.34,19.2 1 0
xgo/binding/form.go:21.67,22.40 1 0
xgo/binding/form.go:25.2,25.62 1 0
xgo/binding/form.go:30.2,30.47 1 0
xgo/binding/form.go:33.2,33.22 1 0
xgo/binding/form.go:22.40,24.3 1 0
xgo/binding/form.go:25.62,26.34 1 0
xgo/binding/form.go:26.34,28.4 1 0
xgo/binding/form.go:30.47,32.3 1 0
xgo/binding/form.go:36.38,38.2 1 0
xgo/binding/form.go:40.71,41.40 1 0
xgo/binding/form.go:44.2,44.51 1 0
xgo/binding/form.go:47.2,47.22 1 0
xgo/binding/form.go:41.40,43.3 1 0
xgo/binding/form.go:44.51,46.3 1 0
xgo/binding/form.go:50.43,52.2 1 0
xgo/binding/form.go:54.76,55.62 1 0
xgo/binding/form.go:58.2,58.76 1 0
xgo/binding/form.go:62.2,62.22 1 0
xgo/binding/form.go:55.62,57.3 1 0
xgo/binding/form.go:58.76,60.3 1 0
xgo/binding/form_mapping.go:34.139,36.2 1 51
xgo/binding/form_mapping.go:38.69,41.2 2 28
xgo/binding/form_mapping.go:43.80,45.2 1 8
xgo/binding/form_mapping.go:47.59,49.2 1 4
xgo/binding/form_mapping.go:51.63,53.2 1 4
xgo/binding/form_mapping.go:55.103,56.31 1 150
xgo/binding/form_mapping.go:60.2,62.26 2 148
xgo/binding/form_mapping.go:79.2,79.49 1 100
xgo/binding/form_mapping.go:89.2,89.29 1 49
xgo/binding/form_mapping.go:106.2,106.19 1 1
xgo/binding/form_mapping.go:56.31,58.3 1 2
xgo/binding/form_mapping.go:62.26,65.20 3 48
xgo/binding/form_mapping.go:69.3,70.17 2 48
xgo/binding/form_mapping.go:73.3,73.24 1 38
xgo/binding/form_mapping.go:76.3,76.23 1 38
xgo/binding/form_mapping.go:65.20,68.4 2 1
xgo/binding/form_mapping.go:70.17,72.4 1 10
xgo/binding/form_mapping.go:73.24,75.4 1 1
xgo/binding/form_mapping.go:79.49,81.17 2 100
xgo/binding/form_mapping.go:84.3,84.9 1 90
xgo/binding/form_mapping.go:81.17,83.4 1 10
xgo/binding/form_mapping.go:84.9,86.4 1 41
xgo/binding/form_mapping.go:89.29,93.41 3 48
xgo/binding/form_mapping.go:104.3,104.23 1 38
xgo/binding/form_mapping.go:93.41,95.41 2 57
xgo/binding/form_mapping.go:98.4,99.18 2 55
xgo/binding/form_mapping.go:102.4,102.29 1 45
xgo/binding/form_mapping.go:95.41,96.13 1 2
xgo/binding/form_mapping.go:99.18,101.5 1 10
xgo/binding/form_mapping.go:109.109,117.20 5 100
xgo/binding/form_mapping.go:120.2,120.20 1 100
xgo/binding/form_mapping.go:124.2,125.20 2 53
xgo/binding/form_mapping.go:134.2,134.54 1 53
xgo/binding/form_mapping.go:117.20,119.3 1 83
xgo/binding/form_mapping.go:120.20,122.3 1 47
xgo/binding/form_mapping.go:125.20,128.58 2 10
xgo/binding/form_mapping.go:128.58,131.4 2 10
xgo/binding/form_mapping.go:138.150,141.33 2 53
xgo/binding/form_mapping.go:145.2,145.22 1 51
xgo/binding/form_mapping.go:141.33,143.3 1 2
xgo/binding/form_mapping.go:146.21,147.10 1 4
xgo/binding/form_mapping.go:150.3,150.56 1 4
xgo/binding/form_mapping.go:151.21,152.10 1 5
xgo/binding/form_mapping.go:155.3,155.29 1 5
xgo/binding/form_mapping.go:158.3,158.56 1 2
xgo/binding/form_mapping.go:159.10,161.10 2 42
xgo/binding/form_mapping.go:165.3,165.18 1 42
xgo/binding/form_mapping.go:168.3,168.66 1 42
xgo/binding/form_mapping.go:147.10,149.4 1 2
xgo/binding/form_mapping.go:152.10,154.4 1 2
xgo/binding/form_mapping.go:155.29,157.4 1 3
xgo/binding/form_mapping.go:161.10,163.4 1 1
xgo/binding/form_mapping.go:165.18,167.4 1 40
xgo/binding/header.go:15.36,17.2 1 1
xgo/binding/header.go:19.69,20.51 1 2
xgo/binding/header.go:24.2,24.22 1 1
xgo/binding/header.go:20.51,22.3 1 1
xgo/binding/header.go:27.62,29.2 1 2
xgo/binding/header.go:31.139,33.2 1 2
xgo/binding/protobuf.go:16.38,18.2 1 0
xgo/binding/protobuf.go:20.73,22.16 2 0
xgo/binding/protobuf.go:25.2,25.29 1 0
xgo/binding/protobuf.go:22.16,24.3 1 0
xgo/binding/protobuf.go:28.69,29.67 1 0
xgo/binding/protobuf.go:34.2,34.12 1 0
xgo/binding/protobuf.go:29.67,31.3 1 0
xgo/binding/uri.go:9.33,11.2 1 1
xgo/binding/uri.go:13.73,14.39 1 3
xgo/binding/uri.go:17.2,17.22 1 2
xgo/binding/uri.go:14.39,16.3 1 1
xgo/binding/yaml.go:17.34,19.2 1 0
xgo/binding/yaml.go:21.67,23.2 1 0
xgo/binding/yaml.go:25.65,27.2 1 1
xgo/binding/yaml.go:29.53,31.44 2 1
xgo/binding/yaml.go:34.2,34.22 1 1
xgo/binding/yaml.go:31.44,33.3 1 0
xgo/binding/default_validator.go:22.66,27.30 3 7
xgo/binding/default_validator.go:30.2,30.33 1 7
xgo/binding/default_validator.go:37.2,37.12 1 7
xgo/binding/default_validator.go:27.30,29.3 1 7
xgo/binding/default_validator.go:30.33,33.48 2 7
xgo/binding/default_validator.go:33.48,35.4 1 0
xgo/binding/default_validator.go:45.49,48.2 2 0
xgo/binding/default_validator.go:50.39,51.19 1 7
xgo/binding/default_validator.go:51.19,54.3 2 1
xgo/binding/json.go:29.34,31.2 1 0
xgo/binding/json.go:33.67,34.35 1 0
xgo/binding/json.go:37.2,37.34 1 0
xgo/binding/json.go:34.35,36.3 1 0
xgo/binding/json.go:40.65,42.2 1 1
xgo/binding/json.go:44.53,46.28 2 1
xgo/binding/json.go:49.2,49.40 1 1
xgo/binding/json.go:52.2,52.44 1 1
xgo/binding/json.go:56.2,56.22 1 1
xgo/binding/json.go:46.28,48.3 1 0
xgo/binding/json.go:49.40,51.3 1 0
xgo/binding/json.go:52.44,54.3 1 0
xgo/binding/msgpack.go:20.37,22.2 1 0
xgo/binding/msgpack.go:24.70,26.2 1 0
xgo/binding/msgpack.go:28.68,30.2 1 1
xgo/binding/msgpack.go:32.56,34.62 2 1
xgo/binding/msgpack.go:37.2,37.22 1 1
xgo/binding/msgpack.go:34.62,36.3 1 0
xgo/binding/multipart_form_mapping.go:19.138,20.57 1 0
xgo/binding/multipart_form_mapping.go:24.2,24.65 1 0
xgo/binding/multipart_form_mapping.go:20.57,22.3 1 0
xgo/binding/multipart_form_mapping.go:27.135,28.22 1 0
xgo/binding/multipart_form_mapping.go:52.2,52.77 1 0
xgo/binding/multipart_form_mapping.go:29.19,30.35 1 0
xgo/binding/multipart_form_mapping.go:35.22,36.35 1 0
xgo/binding/multipart_form_mapping.go:41.21,44.30 3 0
xgo/binding/multipart_form_mapping.go:47.3,48.19 2 0
xgo/binding/multipart_form_mapping.go:49.21,50.59 1 0
xgo/binding/multipart_form_mapping.go:31.30,33.20 2 0
xgo/binding/multipart_form_mapping.go:37.29,39.20 2 0
xgo/binding/multipart_form_mapping.go:44.30,46.4 1 0
xgo/binding/multipart_form_mapping.go:55.141,56.31 1 0
xgo/binding/multipart_form_mapping.go:59.2,59.23 1 0
xgo/binding/multipart_form_mapping.go:65.2,65.18 1 0
xgo/binding/multipart_form_mapping.go:56.31,58.3 1 0
xgo/binding/multipart_form_mapping.go:59.23,61.28 2 0
xgo/binding/multipart_form_mapping.go:61.28,63.4 1 0
xgo/binding/query.go:11.35,13.2 1 0
xgo/binding/query.go:15.68,17.45 2 0
xgo/binding/query.go:20.2,20.22 1 0
xgo/binding/query.go:17.45,19.3 1 0
xgo/binding/xml.go:16.33,18.2 1 0
xgo/binding/xml.go:20.66,22.2 1 0
xgo/binding/xml.go:24.64,26.2 1 1
xgo/binding/xml.go:27.52,29.44 2 1
xgo/binding/xml.go:32.2,32.22 1 1
xgo/binding/xml.go:29.44,31.3 1 0
xgo/cast/cast.go:12.33,15.2 2 24
xgo/cast/cast.go:18.38,21.2 2 34
xgo/cast/cast.go:23.80,26.2 2 0
xgo/cast/cast.go:29.46,32.2 2 21
xgo/cast/cast.go:35.39,38.2 2 19
xgo/cast/cast.go:41.39,44.2 2 15
xgo/cast/cast.go:47.35,50.2 2 52
xgo/cast/cast.go:53.35,56.2 2 16
xgo/cast/cast.go:59.35,62.2 2 16
xgo/cast/cast.go:65.33,68.2 2 16
xgo/cast/cast.go:71.31,74.2 2 26
xgo/cast/cast.go:77.33,80.2 2 16
xgo/cast/cast.go:83.37,86.2 2 16
xgo/cast/cast.go:89.37,92.2 2 16
xgo/cast/cast.go:95.37,98.2 2 16
xgo/cast/cast.go:101.35,104.2 2 16
xgo/cast/cast.go:107.37,110.2 2 214
xgo/cast/cast.go:113.57,116.2 2 5
xgo/cast/cast.go:119.64,122.2 2 13
xgo/cast/cast.go:125.53,128.2 2 4
xgo/cast/cast.go:131.51,134.2 2 7
xgo/cast/cast.go:137.55,140.2 2 8
xgo/cast/cast.go:143.56,146.2 2 4
xgo/cast/cast.go:149.43,152.2 2 2
xgo/cast/cast.go:155.40,158.2 2 4
xgo/cast/cast.go:161.44,164.2 2 40
xgo/cast/cast.go:167.38,170.2 2 4
xgo/cast/cast.go:173.53,176.2 2 4
xgo/cast/caste.go:24.56,26.2 1 108
xgo/cast/caste.go:31.98,34.23 2 165
xgo/cast/caste.go:35.17,36.16 1 2
xgo/cast/caste.go:37.14,38.52 1 148
xgo/cast/caste.go:39.11,40.37 1 4
xgo/cast/caste.go:41.13,42.30 1 2
xgo/cast/caste.go:43.13,44.37 1 2
xgo/cast/caste.go:45.12,46.37 1 2
xgo/cast/caste.go:47.14,48.37 1 2
xgo/cast/caste.go:49.14,50.37 1 2
xgo/cast/caste.go:51.10,52.80 1 1
xgo/cast/caste.go:58.62,61.23 2 57
xgo/cast/caste.go:62.21,63.16 1 2
xgo/cast/caste.go:64.75,66.9 2 28
xgo/cast/caste.go:67.24,69.9 2 4
xgo/cast/caste.go:70.14,72.40 1 22
xgo/cast/caste.go:77.3,77.9 1 22
xgo/cast/caste.go:78.10,80.9 2 1
xgo/cast/caste.go:72.40,74.4 1 20
xgo/cast/caste.go:74.9,76.4 1 2
xgo/cast/caste.go:86.43,89.23 2 61
xgo/cast/caste.go:90.12,91.16 1 18
xgo/cast/caste.go:92.11,93.20 1 2
xgo/cast/caste.go:94.11,95.19 1 12
xgo/cast/caste.go:98.3,98.20 1 4
xgo/cast/caste.go:99.14,100.39 1 28
xgo/cast/caste.go:101.10,102.74 1 1
xgo/cast/caste.go:95.19,97.4 1 8
xgo/cast/caste.go:108.49,111.23 2 36
xgo/cast/caste.go:112.15,113.16 1 4
xgo/cast/caste.go:114.15,115.25 1 4
xgo/cast/caste.go:116.11,117.25 1 2
xgo/cast/caste.go:118.13,119.25 1 2
xgo/cast/caste.go:120.13,121.25 1 2
xgo/cast/caste.go:122.13,123.25 1 2
xgo/cast/caste.go:124.12,125.25 1 2
xgo/cast/caste.go:126.12,127.25 1 2
xgo/cast/caste.go:128.14,129.25 1 2
xgo/cast/caste.go:130.14,131.25 1 2
xgo/cast/caste.go:132.14,133.25 1 2
xgo/cast/caste.go:134.13,135.25 1 2
xgo/cast/caste.go:136.14,138.17 2 3
xgo/cast/caste.go:141.3,141.73 1 1
xgo/cast/caste.go:142.12,143.8 1 4
xgo/cast/caste.go:146.3,146.16 1 2
xgo/cast/caste.go:147.10,148.73 1 1
xgo/cast/caste.go:138.17,140.4 1 2
xgo/cast/caste.go:143.8,145.4 1 2
xgo/cast/caste.go:154.49,157.23 2 32
xgo/cast/caste.go:158.15,159.25 1 2
xgo/cast/caste.go:160.15,161.16 1 2
xgo/cast/caste.go:162.11,163.25 1 2
xgo/cast/caste.go:164.13,165.25 1 2
xgo/cast/caste.go:166.13,167.25 1 2
xgo/cast/caste.go:168.13,169.25 1 2
xgo/cast/caste.go:170.12,171.25 1 2
xgo/cast/caste.go:172.12,173.25 1 2
xgo/cast/caste.go:174.14,175.25 1 2
xgo/cast/caste.go:176.14,177.25 1 2
xgo/cast/caste.go:178.14,179.25 1 2
xgo/cast/caste.go:180.13,181.25 1 2
xgo/cast/caste.go:182.14,184.17 2 3
xgo/cast/caste.go:187.3,187.73 1 1
xgo/cast/caste.go:188.12,189.8 1 4
xgo/cast/caste.go:192.3,192.16 1 2
xgo/cast/caste.go:193.10,194.73 1 1
xgo/cast/caste.go:184.17,186.4 1 2
xgo/cast/caste.go:189.8,191.4 1 2
xgo/cast/caste.go:200.45,203.23 2 86
xgo/cast/caste.go:204.11,205.23 1 16
xgo/cast/caste.go:206.13,207.16 1 8
xgo/cast/caste.go:208.13,209.23 1 12
xgo/cast/caste.go:210.13,211.23 1 4
xgo/cast/caste.go:212.12,213.23 1 4
xgo/cast/caste.go:214.12,215.23 1 4
xgo/cast/caste.go:216.14,217.23 1 4
xgo/cast/caste.go:218.14,219.23 1 4
xgo/cast/caste.go:220.14,221.23 1 8
xgo/cast/caste.go:222.13,223.23 1 4
xgo/cast/caste.go:224.15,225.23 1 6
xgo/cast/caste.go:226.15,227.23 1 2
xgo/cast/caste.go:228.14,230.17 2 3
xgo/cast/caste.go:233.3,233.71 1 1
xgo/cast/caste.go:234.12,235.8 1 4
xgo/cast/caste.go:238.3,238.16 1 2
xgo/cast/caste.go:239.11,240.16 1 2
xgo/cast/caste.go:241.10,242.71 1 1
xgo/cast/caste.go:230.17,232.4 1 2
xgo/cast/caste.go:235.8,237.4 1 2
xgo/cast/caste.go:248.45,251.23 2 34
xgo/cast/caste.go:252.11,253.23 1 2
xgo/cast/caste.go:254.13,255.23 1 2
xgo/cast/caste.go:256.13,257.16 1 2
xgo/cast/caste.go:258.13,259.23 1 2
xgo/cast/caste.go:260.12,261.23 1 2
xgo/cast/caste.go:262.12,263.23 1 2
xgo/cast/caste.go:264.14,265.23 1 2
xgo/cast/caste.go:266.14,267.23 1 2
xgo/cast/caste.go:268.14,269.23 1 2
xgo/cast/caste.go:270.13,271.23 1 2
xgo/cast/caste.go:272.15,273.23 1 2
xgo/cast/caste.go:274.15,275.23 1 2
xgo/cast/caste.go:276.14,278.17 2 3
xgo/cast/caste.go:281.3,281.71 1 1
xgo/cast/caste.go:282.12,283.8 1 4
xgo/cast/caste.go:286.3,286.16 1 2
xgo/cast/caste.go:287.11,288.16 1 2
xgo/cast/caste.go:289.10,290.71 1 1
xgo/cast/caste.go:278.17,280.4 1 2
xgo/cast/caste.go:283.8,285.4 1 2
xgo/cast/caste.go:296.45,299.23 2 34
xgo/cast/caste.go:300.11,301.23 1 2
xgo/cast/caste.go:302.13,303.23 1 2
xgo/cast/caste.go:304.13,305.23 1 2
xgo/cast/caste.go:306.13,307.16 1 2
xgo/cast/caste.go:308.12,309.23 1 2
xgo/cast/caste.go:310.12,311.23 1 2
xgo/cast/caste.go:312.14,313.23 1 2
xgo/cast/caste.go:314.14,315.23 1 2
xgo/cast/caste.go:316.14,317.23 1 2
xgo/cast/caste.go:318.13,319.23 1 2
xgo/cast/caste.go:320.15,321.23 1 2
xgo/cast/caste.go:322.15,323.23 1 2
xgo/cast/caste.go:324.14,326.17 2 3
xgo/cast/caste.go:329.3,329.71 1 1
xgo/cast/caste.go:330.12,331.8 1 4
xgo/cast/caste.go:334.3,334.16 1 2
xgo/cast/caste.go:335.11,336.16 1 2
xgo/cast/caste.go:337.10,338.71 1 1
xgo/cast/caste.go:326.17,328.4 1 2
xgo/cast/caste.go:331.8,333.4 1 2
xgo/cast/caste.go:344.43,347.23 2 34
xgo/cast/caste.go:348.11,349.22 1 2
xgo/cast/caste.go:350.13,351.22 1 2
xgo/cast/caste.go:352.13,353.22 1 2
xgo/cast/caste.go:354.13,355.22 1 2
xgo/cast/caste.go:356.12,357.16 1 2
xgo/cast/caste.go:358.12,359.22 1 2
xgo/cast/caste.go:360.14,361.22 1 2
xgo/cast/caste.go:362.14,363.22 1 2
xgo/cast/caste.go:364.14,365.22 1 2
xgo/cast/caste.go:366.13,367.22 1 2
xgo/cast/caste.go:368.15,369.22 1 2
xgo/cast/caste.go:370.15,371.22 1 2
xgo/cast/caste.go:372.14,374.17 2 3
xgo/cast/caste.go:377.3,377.70 1 1
xgo/cast/caste.go:378.12,379.8 1 4
xgo/cast/caste.go:382.3,382.16 1 2
xgo/cast/caste.go:383.11,384.16 1 2
xgo/cast/caste.go:385.10,386.70 1 1
xgo/cast/caste.go:374.17,376.4 1 2
xgo/cast/caste.go:379.8,381.4 1 2
xgo/cast/caste.go:392.41,395.23 2 69
xgo/cast/caste.go:396.11,397.16 1 12
xgo/cast/caste.go:398.13,399.21 1 2
xgo/cast/caste.go:400.13,401.21 1 6
xgo/cast/caste.go:402.13,403.21 1 2
xgo/cast/caste.go:404.12,405.21 1 2
xgo/cast/caste.go:406.12,407.21 1 2
xgo/cast/caste.go:408.14,409.21 1 2
xgo/cast/caste.go:410.14,411.21 1 2
xgo/cast/caste.go:412.14,413.21 1 6
xgo/cast/caste.go:414.13,415.21 1 2
xgo/cast/caste.go:416.15,417.21 1 10
xgo/cast/caste.go:418.15,419.21 1 2
xgo/cast/caste.go:420.14,422.17 2 12
xgo/cast/caste.go:425.3,425.69 1 2
xgo/cast/caste.go:426.12,427.8 1 4
xgo/cast/caste.go:430.3,430.16 1 2
xgo/cast/caste.go:431.11,432.16 1 2
xgo/cast/caste.go:433.10,434.69 1 1
xgo/cast/caste.go:422.17,424.4 1 10
xgo/cast/caste.go:427.8,429.4 1 2
xgo/cast/caste.go:440.43,443.23 2 42
xgo/cast/caste.go:444.14,446.17 2 4
xgo/cast/caste.go:449.3,449.65 1 2
xgo/cast/caste.go:450.11,451.12 1 3
xgo/cast/caste.go:454.3,454.22 1 2
xgo/cast/caste.go:455.13,456.12 1 3
xgo/cast/caste.go:459.3,459.22 1 2
xgo/cast/caste.go:460.13,461.12 1 3
xgo/cast/caste.go:464.3,464.22 1 2
xgo/cast/caste.go:465.13,466.12 1 3
xgo/cast/caste.go:469.3,469.22 1 2
xgo/cast/caste.go:470.12,471.12 1 3
xgo/cast/caste.go:474.3,474.22 1 2
xgo/cast/caste.go:475.12,476.16 1 2
xgo/cast/caste.go:477.14,478.22 1 2
xgo/cast/caste.go:479.14,480.22 1 2
xgo/cast/caste.go:481.14,482.22 1 2
xgo/cast/caste.go:483.13,484.22 1 2
xgo/cast/caste.go:485.15,486.12 1 3
xgo/cast/caste.go:489.3,489.22 1 2
xgo/cast/caste.go:490.15,491.12 1 3
xgo/cast/caste.go:494.3,494.22 1 2
xgo/cast/caste.go:495.12,496.8 1 4
xgo/cast/caste.go:499.3,499.16 1 2
xgo/cast/caste.go:500.11,501.16 1 2
xgo/cast/caste.go:502.10,503.70 1 1
xgo/cast/caste.go:446.17,448.4 1 2
xgo/cast/caste.go:451.12,453.4 1 1
xgo/cast/caste.go:456.12,458.4 1 1
xgo/cast/caste.go:461.12,463.4 1 1
xgo/cast/caste.go:466.12,468.4 1 1
xgo/cast/caste.go:471.12,473.4 1 1
xgo/cast/caste.go:486.12,488.4 1 1
xgo/cast/caste.go:491.12,493.4 1 1
xgo/cast/caste.go:496.8,498.4 1 2
xgo/cast/caste.go:509.47,512.23 2 42
xgo/cast/caste.go:513.14,515.17 2 4
xgo/cast/caste.go:518.3,518.67 1 2
xgo/cast/caste.go:519.11,520.12 1 3
xgo/cast/caste.go:523.3,523.24 1 2
xgo/cast/caste.go:524.13,525.12 1 3
xgo/cast/caste.go:528.3,528.24 1 2
xgo/cast/caste.go:529.13,530.12 1 3
xgo/cast/caste.go:533.3,533.24 1 2
xgo/cast/caste.go:534.13,535.12 1 3
xgo/cast/caste.go:538.3,538.24 1 2
xgo/cast/caste.go:539.12,540.12 1 3
xgo/cast/caste.go:543.3,543.24 1 2
xgo/cast/caste.go:544.12,545.24 1 2
xgo/cast/caste.go:546.14,547.16 1 2
xgo/cast/caste.go:548.14,549.24 1 2
xgo/cast/caste.go:550.14,551.24 1 2
xgo/cast/caste.go:552.13,553.24 1 2
xgo/cast/caste.go:554.15,555.12 1 3
xgo/cast/caste.go:558.3,558.24 1 2
xgo/cast/caste.go:559.15,560.12 1 3
xgo/cast/caste.go:563.3,563.24 1 2
xgo/cast/caste.go:564.12,565.8 1 4
xgo/cast/caste.go:568.3,568.16 1 2
xgo/cast/caste.go:569.11,570.16 1 2
xgo/cast/caste.go:571.10,572.72 1 1
xgo/cast/caste.go:515.17,517.4 1 2
xgo/cast/caste.go:520.12,522.4 1 1
xgo/cast/caste.go:525.12,527.4 1 1
xgo/cast/caste.go:530.12,532.4 1 1
xgo/cast/caste.go:535.12,537.4 1 1
xgo/cast/caste.go:540.12,542.4 1 1
xgo/cast/caste.go:555.12,557.4 1 1
xgo/cast/caste.go:560.12,562.4 1 1
xgo/cast/caste.go:565.8,567.4 1 2
xgo/cast/caste.go:578.47,581.23 2 42
xgo/cast/caste.go:582.14,584.17 2 4
xgo/cast/caste.go:587.3,587.67 1 2
xgo/cast/caste.go:588.11,589.12 1 3
xgo/cast/caste.go:592.3,592.24 1 2
xgo/cast/caste.go:593.13,594.12 1 3
xgo/cast/caste.go:597.3,597.24 1 2
xgo/cast/caste.go:598.13,599.12 1 3
xgo/cast/caste.go:602.3,602.24 1 2
xgo/cast/caste.go:603.13,604.12 1 3
xgo/cast/caste.go:607.3,607.24 1 2
xgo/cast/caste.go:608.12,609.12 1 3
xgo/cast/caste.go:612.3,612.24 1 2
xgo/cast/caste.go:613.12,614.24 1 2
xgo/cast/caste.go:615.14,616.24 1 2
xgo/cast/caste.go:617.14,618.16 1 2
xgo/cast/caste.go:619.14,620.24 1 2
xgo/cast/caste.go:621.13,622.24 1 2
xgo/cast/caste.go:623.15,624.12 1 3
xgo/cast/caste.go:627.3,627.24 1 2
xgo/cast/caste.go:628.15,629.12 1 3
xgo/cast/caste.go:632.3,632.24 1 2
xgo/cast/caste.go:633.12,634.8 1 4
xgo/cast/caste.go:637.3,637.16 1 2
xgo/cast/caste.go:638.11,639.16 1 2
xgo/cast/caste.go:640.10,641.72 1 1
xgo/cast/caste.go:584.17,586.4 1 2
xgo/cast/caste.go:589.12,591.4 1 1
xgo/cast/caste.go:594.12,596.4 1 1
xgo/cast/caste.go:599.12,601.4 1 1
xgo/cast/caste.go:604.12,606.4 1 1
xgo/cast/caste.go:609.12,611.4 1 1
xgo/cast/caste.go:624.12,626.4 1 1
xgo/cast/caste.go:629.12,631.4 1 1
xgo/cast/caste.go:634.8,636.4 1 2
xgo/cast/caste.go:647.47,650.23 2 42
xgo/cast/caste.go:651.14,653.17 2 4
xgo/cast/caste.go:656.3,656.67 1 2
xgo/cast/caste.go:657.11,658.12 1 3
xgo/cast/caste.go:661.3,661.24 1 2
xgo/cast/caste.go:662.13,663.12 1 3
xgo/cast/caste.go:666.3,666.24 1 2
xgo/cast/caste.go:667.13,668.12 1 3
xgo/cast/caste.go:671.3,671.24 1 2
xgo/cast/caste.go:672.13,673.12 1 3
xgo/cast/caste.go:676.3,676.24 1 2
xgo/cast/caste.go:677.12,678.12 1 3
xgo/cast/caste.go:681.3,681.24 1 2
xgo/cast/caste.go:682.12,683.24 1 2
xgo/cast/caste.go:684.14,685.24 1 2
xgo/cast/caste.go:686.14,687.24 1 2
xgo/cast/caste.go:688.14,689.16 1 2
xgo/cast/caste.go:690.13,691.24 1 2
xgo/cast/caste.go:692.15,693.12 1 3
xgo/cast/caste.go:696.3,696.24 1 2
xgo/cast/caste.go:697.15,698.12 1 3
xgo/cast/caste.go:701.3,701.24 1 2
xgo/cast/caste.go:702.12,703.8 1 4
xgo/cast/caste.go:706.3,706.16 1 2
xgo/cast/caste.go:707.11,708.16 1 2
xgo/cast/caste.go:709.10,710.72 1 1
xgo/cast/caste.go:653.17,655.4 1 2
xgo/cast/caste.go:658.12,660.4 1 1
xgo/cast/caste.go:663.12,665.4 1 1
xgo/cast/caste.go:668.12,670.4 1 1
xgo/cast/caste.go:673.12,675.4 1 1
xgo/cast/caste.go:678.12,680.4 1 1
xgo/cast/caste.go:693.12,695.4 1 1
xgo/cast/caste.go:698.12,700.4 1 1
xgo/cast/caste.go:703.8,705.4 1 2
xgo/cast/caste.go:716.45,719.23 2 42
xgo/cast/caste.go:720.14,722.17 2 4
xgo/cast/caste.go:725.3,725.66 1 2
xgo/cast/caste.go:726.11,727.12 1 3
xgo/cast/caste.go:730.3,730.23 1 2
xgo/cast/caste.go:731.13,732.12 1 3
xgo/cast/caste.go:735.3,735.23 1 2
xgo/cast/caste.go:736.13,737.12 1 3
xgo/cast/caste.go:740.3,740.23 1 2
xgo/cast/caste.go:741.13,742.12 1 3
xgo/cast/caste.go:745.3,745.23 1 2
xgo/cast/caste.go:746.12,747.12 1 3
xgo/cast/caste.go:750.3,750.23 1 2
xgo/cast/caste.go:751.12,752.23 1 2
xgo/cast/caste.go:753.14,754.23 1 2
xgo/cast/caste.go:755.14,756.23 1 2
xgo/cast/caste.go:757.14,758.23 1 2
xgo/cast/caste.go:759.13,760.16 1 2
xgo/cast/caste.go:761.15,762.12 1 3
xgo/cast/caste.go:765.3,765.23 1 2
xgo/cast/caste.go:766.15,767.12 1 3
xgo/cast/caste.go:770.3,770.23 1 2
xgo/cast/caste.go:771.12,772.8 1 4
xgo/cast/caste.go:775.3,775.16 1 2
xgo/cast/caste.go:776.11,777.16 1 2
xgo/cast/caste.go:778.10,779.71 1 1
xgo/cast/caste.go:722.17,724.4 1 2
xgo/cast/caste.go:727.12,729.4 1 1
xgo/cast/caste.go:732.12,734.4 1 1
xgo/cast/caste.go:737.12,739.4 1 1
xgo/cast/caste.go:742.12,744.4 1 1
xgo/cast/caste.go:747.12,749.4 1 1
xgo/cast/caste.go:762.12,764.4 1 1
xgo/cast/caste.go:767.12,769.4 1 1
xgo/cast/caste.go:772.8,774.4 1 2
xgo/cast/caste.go:787.42,788.14 1 818
xgo/cast/caste.go:792.2,792.53 1 796
xgo/cast/caste.go:797.2,798.44 2 2
xgo/cast/caste.go:802.2,802.22 1 2
xgo/cast/caste.go:788.14,790.3 1 22
xgo/cast/caste.go:792.53,795.3 1 794
xgo/cast/caste.go:798.44,800.3 1 3
xgo/cast/caste.go:810.59,811.14 1 250
xgo/cast/caste.go:815.2,822.74 6 248
xgo/cast/caste.go:825.2,825.22 1 248
xgo/cast/caste.go:811.14,813.3 1 2
xgo/cast/caste.go:822.74,824.3 1 1
xgo/cast/caste.go:829.47,833.23 2 250
xgo/cast/caste.go:834.14,835.16 1 171
xgo/cast/caste.go:836.12,837.36 1 4
xgo/cast/caste.go:838.15,839.50 1 6
xgo/cast/caste.go:840.15,841.59 1 6
xgo/cast/caste.go:842.11,843.30 1 12
xgo/cast/caste.go:844.13,845.39 1 6
xgo/cast/caste.go:846.13,847.35 1 6
xgo/cast/caste.go:848.13,849.46 1 2
xgo/cast/caste.go:850.12,851.46 1 6
xgo/cast/caste.go:852.12,853.48 1 2
xgo/cast/caste.go:854.14,855.48 1 2
xgo/cast/caste.go:856.14,857.48 1 2
xgo/cast/caste.go:858.14,859.48 1 2
xgo/cast/caste.go:860.13,861.48 1 2
xgo/cast/caste.go:862.14,863.24 1 2
xgo/cast/caste.go:864.21,865.24 1 2
xgo/cast/caste.go:866.20,867.24 1 2
xgo/cast/caste.go:868.19,869.24 1 2
xgo/cast/caste.go:870.20,871.24 1 2
xgo/cast/caste.go:872.25,873.24 1 2
xgo/cast/caste.go:874.11,875.17 1 2
xgo/cast/caste.go:876.20,877.25 1 1
xgo/cast/caste.go:878.13,879.24 1 1
xgo/cast/caste.go:880.10,881.73 1 5
xgo/cast/caste.go:886.67,889.23 2 14
xgo/cast/caste.go:890.25,891.16 1 2
xgo/cast/caste.go:892.30,893.25 1 2
xgo/cast/caste.go:896.3,896.16 1 2
xgo/cast/caste.go:897.30,898.25 1 2
xgo/cast/caste.go:901.3,901.16 1 2
xgo/cast/caste.go:902.35,903.25 1 2
xgo/cast/caste.go:906.3,906.16 1 2
xgo/cast/caste.go:907.14,909.16 2 4
xgo/cast/caste.go:910.10,911.83 1 2
xgo/cast/caste.go:893.25,895.4 1 6
xgo/cast/caste.go:898.25,900.4 1 6
xgo/cast/caste.go:903.25,905.4 1 6
xgo/cast/caste.go:916.74,919.23 2 32
xgo/cast/caste.go:976.2,976.15 1 4
xgo/cast/caste.go:920.27,921.16 1 6
xgo/cast/caste.go:922.32,923.25 1 2
xgo/cast/caste.go:926.3,926.16 1 2
xgo/cast/caste.go:927.25,928.25 1 2
xgo/cast/caste.go:931.30,932.25 1 6
xgo/cast/caste.go:942.3,942.16 1 6
xgo/cast/caste.go:943.32,944.25 1 2
xgo/cast/caste.go:947.3,947.16 1 2
xgo/cast/caste.go:948.30,949.25 1 2
xgo/cast/caste.go:952.3,952.16 1 2
xgo/cast/caste.go:953.37,954.25 1 2
xgo/cast/caste.go:957.3,957.16 1 2
xgo/cast/caste.go:958.35,959.25 1 4
xgo/cast/caste.go:970.14,972.16 2 4
xgo/cast/caste.go:973.10,974.85 1 2
xgo/cast/caste.go:923.25,925.4 1 6
xgo/cast/caste.go:928.25,930.4 1 6
xgo/cast/caste.go:932.25,933.28 1 16
xgo/cast/caste.go:934.23,935.39 1 6
xgo/cast/caste.go:936.18,937.24 1 4
xgo/cast/caste.go:938.12,939.45 1 6
xgo/cast/caste.go:944.25,946.4 1 6
xgo/cast/caste.go:949.25,951.4 1 6
xgo/cast/caste.go:954.25,956.4 1 6
xgo/cast/caste.go:959.25,961.18 2 8
xgo/cast/caste.go:964.4,965.18 2 7
xgo/cast/caste.go:968.4,968.18 1 6
xgo/cast/caste.go:961.18,963.5 1 1
xgo/cast/caste.go:965.18,967.5 1 1
xgo/cast/caste.go:980.63,983.23 2 11
xgo/cast/caste.go:984.35,985.25 1 2
xgo/cast/caste.go:988.3,988.16 1 2
xgo/cast/caste.go:989.30,990.25 1 2
xgo/cast/caste.go:993.3,993.16 1 2
xgo/cast/caste.go:994.23,995.16 1 2
xgo/cast/caste.go:996.14,998.16 2 3
xgo/cast/caste.go:999.10,1000.81 1 2
xgo/cast/caste.go:985.25,987.4 1 4
xgo/cast/caste.go:990.25,992.4 1 4
xgo/cast/caste.go:1005.66,1008.23 2 11
xgo/cast/caste.go:1009.35,1010.25 1 2
xgo/cast/caste.go:1013.3,1013.16 1 2
xgo/cast/caste.go:1014.30,1015.16 1 2
xgo/cast/caste.go:1016.14,1018.16 2 5
xgo/cast/caste.go:1019.10,1020.88 1 2
xgo/cast/caste.go:1010.25,1012.4 1 4
xgo/cast/caste.go:1025.61,1027.14 2 17
xgo/cast/caste.go:1031.2,1031.23 1 16
xgo/cast/caste.go:1049.2,1049.45 1 7
xgo/cast/caste.go:1053.2,1055.37 3 6
xgo/cast/caste.go:1062.2,1062.15 1 6
xgo/cast/caste.go:1027.14,1029.3 1 1
xgo/cast/caste.go:1032.35,1033.25 1 2
xgo/cast/caste.go:1036.3,1036.16 1 2
xgo/cast/caste.go:1037.30,1038.25 1 2
xgo/cast/caste.go:1041.3,1041.16 1 2
xgo/cast/caste.go:1042.22,1043.16 1 2
xgo/cast/caste.go:1044.14,1046.16 2 3
xgo/cast/caste.go:1033.25,1035.4 1 4
xgo/cast/caste.go:1038.25,1040.4 1 4
xgo/cast/caste.go:1049.45,1051.3 1 1
xgo/cast/caste.go:1055.37,1057.17 2 12
xgo/cast/caste.go:1060.3,1060.49 1 12
xgo/cast/caste.go:1057.17,1059.4 1 0
xgo/cast/caste.go:1066.65,1068.14 2 19
xgo/cast/caste.go:1072.2,1072.23 1 18
xgo/cast/caste.go:1090.2,1090.45 1 9
xgo/cast/caste.go:1093.2,1095.37 3 8
xgo/cast/caste.go:1102.2,1102.15 1 8
xgo/cast/caste.go:1068.14,1070.3 1 1
xgo/cast/caste.go:1073.35,1074.25 1 2
xgo/cast/caste.go:1077.3,1077.16 1 2
xgo/cast/caste.go:1078.30,1079.25 1 2
xgo/cast/caste.go:1082.3,1082.16 1 2
xgo/cast/caste.go:1083.24,1084.16 1 2
xgo/cast/caste.go:1085.14,1087.16 2 3
xgo/cast/caste.go:1074.25,1076.4 1 4
xgo/cast/caste.go:1079.25,1081.4 1 4
xgo/cast/caste.go:1090.45,1092.3 1 1
xgo/cast/caste.go:1095.37,1097.17 2 16
xgo/cast/caste.go:1100.3,1100.49 1 16
xgo/cast/caste.go:1097.17,1099.4 1 0
xgo/cast/caste.go:1106.53,1109.23 2 6
xgo/cast/caste.go:1110.21,1111.30 1 2
xgo/cast/caste.go:1112.32,1113.23 1 2
xgo/cast/caste.go:1116.3,1116.16 1 2
xgo/cast/caste.go:1117.10,1118.79 1 2
xgo/cast/caste.go:1113.23,1115.4 1 4
xgo/cast/caste.go:1123.50,1124.14 1 11
xgo/cast/caste.go:1128.2,1128.23 1 10
xgo/cast/caste.go:1133.2,1134.14 2 8
xgo/cast/caste.go:1124.14,1126.3 1 1
xgo/cast/caste.go:1129.14,1130.16 1 2
xgo/cast/caste.go:1135.36,1138.32 3 7
xgo/cast/caste.go:1145.3,1145.16 1 6
xgo/cast/caste.go:1146.10,1147.79 1 1
xgo/cast/caste.go:1138.32,1140.18 2 19
xgo/cast/caste.go:1143.4,1143.14 1 18
xgo/cast/caste.go:1140.18,1142.5 1 1
xgo/cast/caste.go:1152.54,1155.23 2 59
xgo/cast/caste.go:1156.21,1157.23 1 20
xgo/cast/caste.go:1160.3,1160.16 1 20
xgo/cast/caste.go:1161.16,1162.16 1 8
xgo/cast/caste.go:1163.14,1164.23 1 2
xgo/cast/caste.go:1167.3,1167.16 1 2
xgo/cast/caste.go:1168.13,1169.23 1 2
xgo/cast/caste.go:1172.3,1172.16 1 2
xgo/cast/caste.go:1173.15,1174.23 1 2
xgo/cast/caste.go:1177.3,1177.16 1 2
xgo/cast/caste.go:1178.15,1179.23 1 2
xgo/cast/caste.go:1182.3,1182.16 1 2
xgo/cast/caste.go:1183.17,1184.23 1 2
xgo/cast/caste.go:1187.3,1187.16 1 2
xgo/cast/caste.go:1188.17,1189.23 1 2
xgo/cast/caste.go:1192.3,1192.16 1 2
xgo/cast/caste.go:1193.14,1194.32 1 12
xgo/cast/caste.go:1195.15,1196.35 1 2
xgo/cast/caste.go:1199.3,1199.16 1 2
xgo/cast/caste.go:1200.19,1202.17 2 4
xgo/cast/caste.go:1205.3,1205.28 1 2
xgo/cast/caste.go:1206.10,1207.74 1 1
xgo/cast/caste.go:1157.23,1159.4 1 58
xgo/cast/caste.go:1164.23,1166.4 1 4
xgo/cast/caste.go:1169.23,1171.4 1 4
xgo/cast/caste.go:1174.23,1176.4 1 4
xgo/cast/caste.go:1179.23,1181.4 1 4
xgo/cast/caste.go:1184.23,1186.4 1 4
xgo/cast/caste.go:1189.23,1191.4 1 4
xgo/cast/caste.go:1196.35,1198.4 1 4
xgo/cast/caste.go:1202.17,1204.4 1 2
xgo/cast/caste.go:1212.48,1213.14 1 11
xgo/cast/caste.go:1217.2,1217.23 1 10
xgo/cast/caste.go:1222.2,1223.14 2 8
xgo/cast/caste.go:1213.14,1215.3 1 1
xgo/cast/caste.go:1218.13,1219.16 1 2
xgo/cast/caste.go:1224.36,1227.32 3 7
xgo/cast/caste.go:1234.3,1234.16 1 6
xgo/cast/caste.go:1235.10,1236.77 1 1
xgo/cast/caste.go:1227.32,1229.18 2 13
xgo/cast/caste.go:1232.4,1232.14 1 12
xgo/cast/caste.go:1229.18,1231.5 1 1
xgo/cast/caste.go:1241.63,1242.14 1 11
xgo/cast/caste.go:1246.2,1246.23 1 10
xgo/cast/caste.go:1251.2,1252.14 2 8
xgo/cast/caste.go:1242.14,1244.3 1 1
xgo/cast/caste.go:1247.23,1248.16 1 2
xgo/cast/caste.go:1253.36,1256.32 3 7
xgo/cast/caste.go:1263.3,1263.16 1 6
xgo/cast/caste.go:1264.10,1265.97 1 1
xgo/cast/caste.go:1256.32,1258.18 2 13
xgo/cast/caste.go:1261.4,1261.14 1 12
xgo/cast/caste.go:1258.18,1260.5 1 1
xgo/cast/caste.go:1272.48,1274.2 1 0
xgo/cast/caste.go:1280.90,1282.2 1 148
xgo/cast/caste.go:1299.40,1303.2 1 95
xgo/cast/caste.go:1335.100,1336.33 1 148
xgo/cast/caste.go:1353.2,1353.53 1 1
xgo/cast/caste.go:1336.33,1337.52 1 1632
xgo/cast/caste.go:1337.52,1341.45 1 147
xgo/cast/caste.go:1350.4,1350.10 1 147
xgo/cast/caste.go:1341.45,1342.24 1 63
xgo/cast/caste.go:1345.5,1347.78 3 63
xgo/cast/caste.go:1342.24,1344.6 1 9
xgo/cast/caste.go:1359.56,1362.2 2 22
xgo/cast/timeformattype_string.go:22.41,23.64 1 0
xgo/cast/timeformattype_string.go:26.2,26.82 1 0
xgo/cast/timeformattype_string.go:23.64,25.3 1 0
xgo/command/base_cmd.go:30.51,34.33 2 0
xgo/command/base_cmd.go:41.2,41.34 1 0
xgo/command/base_cmd.go:49.2,49.28 1 0
xgo/command/base_cmd.go:34.33,35.12 1 0
xgo/command/base_cmd.go:38.3,38.35 1 0
xgo/command/base_cmd.go:35.12,37.4 1 0
xgo/command/base_cmd.go:41.34,44.3 2 0
xgo/command/base_cmd.go:44.8,44.23 1 0
xgo/command/base_cmd.go:44.23,47.3 2 0
xgo/command/base_cmd.go:63.35,64.24 1 0
xgo/command/base_cmd.go:68.2,68.46 1 0
xgo/command/base_cmd.go:64.24,66.3 1 0
xgo/command/base_cmd.go:72.39,73.34 1 0
xgo/command/base_cmd.go:74.28,75.25 1 0
xgo/command/base_cmd.go:78.3,78.41 1 0
xgo/command/base_cmd.go:81.3,81.14 1 0
xgo/command/base_cmd.go:82.10,83.14 1 0
xgo/command/base_cmd.go:75.25,77.4 1 0
xgo/command/base_cmd.go:78.41,80.4 1 0
xgo/command/base_cmd.go:88.42,90.2 1 0
xgo/command/base_cmd.go:93.47,94.37 1 0
xgo/command/base_cmd.go:98.2,99.10 2 0
xgo/command/base_cmd.go:94.37,96.3 1 0
xgo/command/base_cmd.go:102.40,104.2 1 0
xgo/command/base_cmd.go:106.49,108.2 1 0
xgo/command/base_cmd.go:110.37,112.2 1 0
xgo/command/base_cmd.go:114.33,116.2 1 0
xgo/command/base_cmd.go:118.50,120.2 1 0
xgo/command/base_cmd.go:122.53,124.2 1 0
xgo/command/cmd.go:20.60,27.2 1 0
xgo/command/cmd.go:29.33,31.2 1 0
xgo/command/cmd.go:34.35,36.2 1 0
xgo/command/cmd.go:38.47,40.2 1 0
xgo/command/cmd.go:42.40,43.20 1 0
xgo/command/cmd.go:46.2,46.31 1 0
xgo/command/cmd.go:43.20,45.3 1 0
xgo/command/cmd.go:47.14,48.18 1 0
xgo/command/cmd.go:49.10,51.17 2 0
xgo/command/cmd.go:55.36,56.20 1 0
xgo/command/cmd.go:59.2,59.31 1 0
xgo/command/cmd.go:56.20,58.3 1 0
xgo/command/cmd.go:60.13,61.23 1 0
xgo/command/cmd.go:62.14,63.27 1 0
xgo/command/cmd.go:64.10,66.16 2 0
xgo/command/cmd.go:70.40,71.20 1 0
xgo/command/cmd.go:74.2,74.31 1 0
xgo/command/cmd.go:71.20,73.3 1 0
xgo/command/cmd.go:75.13,76.18 1 0
xgo/command/cmd.go:77.14,78.39 1 0
xgo/command/cmd.go:79.10,81.16 2 0
xgo/command/cmd.go:85.42,86.20 1 0
xgo/command/cmd.go:89.2,89.31 1 0
xgo/command/cmd.go:86.20,88.3 1 0
xgo/command/cmd.go:90.13,91.26 1 0
xgo/command/cmd.go:92.14,93.40 1 0
xgo/command/cmd.go:94.10,96.16 2 0
xgo/command/cmd.go:100.44,101.20 1 0
xgo/command/cmd.go:104.2,104.31 1 0
xgo/command/cmd.go:101.20,103.3 1 0
xgo/command/cmd.go:105.13,106.27 1 0
xgo/command/cmd.go:107.14,109.17 2 0
xgo/command/cmd.go:112.3,112.25 1 0
xgo/command/cmd.go:113.10,115.16 2 0
xgo/command/cmd.go:109.17,111.4 1 0
xgo/command/cmd.go:119.44,120.20 1 0
xgo/command/cmd.go:123.2,123.31 1 0
xgo/command/cmd.go:120.20,122.3 1 0
xgo/command/cmd.go:124.13,125.27 1 0
xgo/command/cmd.go:126.14,127.37 1 0
xgo/command/cmd.go:128.10,130.16 2 0
xgo/command/cmd.go:134.38,135.20 1 0
xgo/command/cmd.go:138.2,138.31 1 0
xgo/command/cmd.go:135.20,137.3 1 0
xgo/command/cmd.go:139.13,140.23 1 0
xgo/command/cmd.go:141.14,142.32 1 0
xgo/command/cmd.go:143.10,145.20 2 0
xgo/command/cmd.go:149.48,150.20 1 0
xgo/command/cmd.go:153.2,153.31 1 0
xgo/command/cmd.go:150.20,152.3 1 0
xgo/command/cmd.go:154.21,155.18 1 0
xgo/command/cmd.go:156.10,157.69 1 0
xgo/command/cmd.go:162.57,165.2 2 0
xgo/command/cmd.go:168.66,170.33 2 0
xgo/command/cmd.go:185.2,185.18 1 0
xgo/command/cmd.go:170.33,172.17 2 0
xgo/command/cmd.go:183.3,183.14 1 0
xgo/command/cmd.go:172.17,173.24 1 0
xgo/command/cmd.go:177.4,177.45 1 0
xgo/command/cmd.go:181.4,181.19 1 0
xgo/command/cmd.go:173.24,175.13 2 0
xgo/command/cmd.go:177.45,179.13 2 0
xgo/command/command.go:12.61,20.2 7 1
xgo/command/command.go:23.61,26.12 2 0
xgo/command/command.go:33.2,33.12 1 0
xgo/command/command.go:26.12,31.3 4 0
xgo/command/command.go:37.68,44.16 6 0
xgo/command/command.go:47.2,48.26 2 0
xgo/command/command.go:44.16,46.3 1 0
xgo/command/command.go:52.87,60.16 7 0
xgo/command/command.go:63.2,64.26 2 0
xgo/command/command.go:60.16,62.3 1 0
xgo/command/command.go:68.83,74.16 3 0
xgo/command/command.go:78.2,81.16 4 0
xgo/command/command.go:85.2,87.6 2 0
xgo/command/command.go:94.2,95.12 2 0
xgo/command/command.go:74.16,77.3 1 0
xgo/command/command.go:81.16,83.3 1 0
xgo/command/command.go:87.6,89.36 2 0
xgo/command/command.go:89.36,90.9 1 0
xgo/command/command.go:107.98,112.16 4 0
xgo/command/command.go:116.2,117.16 2 0
xgo/command/command.go:121.2,122.16 2 0
xgo/command/command.go:126.2,127.16 2 0
xgo/command/command.go:131.2,131.58 1 0
xgo/command/command.go:112.16,114.3 1 0
xgo/command/command.go:117.16,119.3 1 0
xgo/command/command.go:122.16,124.3 1 0
xgo/command/command.go:127.16,129.3 1 0
xgo/command/command.go:135.55,136.19 1 0
xgo/command/command.go:140.2,141.12 2 0
xgo/command/command.go:136.19,138.3 1 0
xgo/command/command.go:145.66,146.27 1 0
xgo/command/command.go:147.16,148.25 1 0
xgo/command/command.go:151.3,151.13 1 0
xgo/command/command.go:152.21,154.13 2 0
xgo/command/command.go:155.30,156.25 1 0
xgo/command/command.go:159.3,159.13 1 0
xgo/command/command.go:160.25,161.25 1 0
xgo/command/command.go:164.3,164.13 1 0
xgo/command/command.go:165.10,166.26 1 0
xgo/command/command.go:148.25,150.4 1 0
xgo/command/command.go:156.25,158.4 1 0
xgo/command/command.go:161.25,163.4 1 0
xgo/command/result.go:4.52,9.2 4 0
xgo/command/result.go:12.61,17.2 4 0
xgo/command/slice_cmd.go:18.70,25.2 1 0
xgo/command/slice_cmd.go:27.42,29.2 1 0
xgo/command/slice_cmd.go:31.54,33.2 1 0
xgo/command/slice_cmd.go:35.38,37.2 1 0
xgo/command/slice_cmd.go:41.50,42.20 1 0
xgo/command/slice_cmd.go:48.2,49.28 2 0
xgo/command/slice_cmd.go:56.2,56.39 1 0
xgo/command/slice_cmd.go:42.20,44.3 1 0
xgo/command/slice_cmd.go:49.28,51.3 1 0
xgo/command/slice_cmd.go:51.8,54.3 1 0
xgo/command/slice_cmd.go:59.56,61.16 2 0
xgo/command/slice_cmd.go:64.2,65.12 2 0
xgo/command/slice_cmd.go:61.16,63.3 1 0
xgo/homedir/homedir.go:27.28,28.19 1 5
xgo/homedir/homedir.go:39.2,44.31 5 3
xgo/homedir/homedir.go:51.2,51.16 1 3
xgo/homedir/homedir.go:55.2,56.20 2 3
xgo/homedir/homedir.go:28.19,34.19 4 3
xgo/homedir/homedir.go:34.19,36.4 1 2
xgo/homedir/homedir.go:44.31,46.3 1 0
xgo/homedir/homedir.go:46.8,49.3 1 3
xgo/homedir/homedir.go:51.16,53.3 1 0
xgo/homedir/homedir.go:62.42,63.20 1 6
xgo/homedir/homedir.go:67.2,67.20 1 5
xgo/homedir/homedir.go:71.2,71.56 1 4
xgo/homedir/homedir.go:75.2,76.16 2 3
xgo/homedir/homedir.go:80.2,80.42 1 3
xgo/homedir/homedir.go:63.20,65.3 1 1
xgo/homedir/homedir.go:67.20,69.3 1 1
xgo/homedir/homedir.go:71.56,73.3 1 1
xgo/homedir/homedir.go:76.16,78.3 1 0
xgo/homedir/homedir.go:88.14,92.2 3 0
xgo/homedir/homedir.go:94.32,96.29 2 3
xgo/homedir/homedir.go:103.2,103.44 1 3
xgo/homedir/homedir.go:107.2,110.30 2 1
xgo/homedir/homedir.go:143.2,146.34 4 0
xgo/homedir/homedir.go:150.2,151.18 2 0
xgo/homedir/homedir.go:155.2,155.20 1 0
xgo/homedir/homedir.go:96.29,99.3 1 0
xgo/homedir/homedir.go:103.44,105.3 1 2
xgo/homedir/homedir.go:110.30,113.35 3 1
xgo/homedir/homedir.go:113.35,115.20 2 1
xgo/homedir/homedir.go:115.20,117.5 1 1
xgo/homedir/homedir.go:119.8,124.35 3 0
xgo/homedir/homedir.go:124.35,126.31 1 0
xgo/homedir/homedir.go:126.31,128.5 1 0
xgo/homedir/homedir.go:129.9,130.66 1 0
xgo/homedir/homedir.go:130.66,133.29 2 0
xgo/homedir/homedir.go:133.29,135.6 1 0
xgo/homedir/homedir.go:146.34,148.3 1 0
xgo/homedir/homedir.go:151.18,153.3 1 0
xgo/homedir/homedir.go:158.35,160.43 1 0
xgo/homedir/homedir.go:165.2,165.50 1 0
xgo/homedir/homedir.go:169.2,172.31 4 0
xgo/homedir/homedir.go:176.2,176.18 1 0
xgo/homedir/homedir.go:160.43,162.3 1 0
xgo/homedir/homedir.go:165.50,167.3 1 0
xgo/homedir/homedir.go:172.31,174.3 1 0
xgo/log/log.go:27.42,28.11 1 1
xgo/log/log.go:38.2,38.18 1 0
xgo/log/log.go:29.15,30.17 1 0
xgo/log/log.go:31.19,32.19 1 0
xgo/log/log.go:33.17,34.17 1 0
xgo/log/log.go:35.16,36.16 1 1
xgo/log/log.go:57.116,70.58 7 1
xgo/log/log.go:73.2,73.12 1 1
xgo/log/log.go:70.58,72.3 1 1
xgo/log/log.go:78.43,80.2 1 1
xgo/log/log.go:82.48,86.2 3 0
xgo/log/log.go:88.67,92.2 3 0
xgo/log/log.go:94.60,98.2 3 0
xgo/log/log.go:100.54,104.2 3 0
xgo/log/log.go:106.89,114.2 7 1
xgo/log/log.go:116.71,117.26 1 1
xgo/log/log.go:120.2,120.41 1 1
xgo/log/log.go:117.26,119.3 1 0
xgo/log/log.go:123.56,125.2 1 1
xgo/log/log.go:127.33,129.2 1 1
xgo/log/logscope.go:37.56,39.2 1 0
xgo/log/logscope.go:41.76,43.2 1 0
xgo/log/logscope.go:45.76,47.2 1 0
xgo/log/logscope.go:49.77,51.2 1 0
xgo/log/logscope.go:53.75,55.2 1 0
xgo/log/logscope.go:57.76,59.2 1 0
xgo/log/logscope.go:61.76,63.2 1 0
xgo/log/logscope.go:65.56,72.2 1 0
xgo/log/logscope.go:74.65,81.2 1 0
xgo/log/logscope.go:83.25,85.2 1 0
xgo/log/logscope.go:87.41,88.11 1 0
xgo/log/logscope.go:89.15,90.18 1 0
xgo/log/logscope.go:91.15,92.18 1 0
xgo/log/logscope.go:93.16,94.19 1 0
xgo/log/logscope.go:95.14,96.17 1 0
xgo/log/logscope.go:97.15,98.18 1 0
xgo/log/logscope.go:99.15,100.18 1 0
xgo/log/logscope.go:101.14,102.17 1 0
xgo/log/logscope.go:103.10,104.20 1 0
xgo/log/jwwlogger.go:45.60,47.2 1 0
xgo/log/jwwlogger.go:49.60,51.2 1 0
xgo/log/jwwlogger.go:53.59,55.2 1 0
xgo/log/jwwlogger.go:57.59,59.2 1 0
xgo/log/jwwlogger.go:61.60,63.2 1 0
xgo/log/jwwlogger.go:66.63,70.45 2 0
xgo/log/jwwlogger.go:75.2,75.42 1 0
xgo/log/jwwlogger.go:79.2,79.12 1 0
xgo/log/jwwlogger.go:70.45,72.3 1 0
xgo/log/jwwlogger.go:75.42,77.3 1 0
xgo/pipe/endpoint.go:11.37,20.6 5 1
xgo/pipe/endpoint.go:20.6,21.10 1 7
xgo/pipe/endpoint.go:22.36,23.31 1 2
xgo/pipe/endpoint.go:26.36,27.31 1 5
xgo/pipe/endpoint.go:23.31,25.5 1 0
xgo/pipe/endpoint.go:27.31,29.5 1 1
xgo/pipe/process_endpoint.go:23.93,30.2 1 0
xgo/pipe/process_endpoint.go:32.40,35.12 2 0
xgo/pipe/process_endpoint.go:42.2,46.9 2 0
xgo/pipe/process_endpoint.go:54.2,55.16 2 0
xgo/pipe/process_endpoint.go:61.2,61.9 1 0
xgo/pipe/process_endpoint.go:68.2,69.16 2 0
xgo/pipe/process_endpoint.go:74.2,74.9 1 0
xgo/pipe/process_endpoint.go:82.2,83.16 2 0
xgo/pipe/process_endpoint.go:88.2,88.9 1 0
xgo/pipe/process_endpoint.go:95.2,95.86 1 0
xgo/pipe/process_endpoint.go:35.12,38.3 2 0
xgo/pipe/process_endpoint.go:47.20,49.9 2 0
xgo/pipe/process_endpoint.go:50.57,50.57 0 0
xgo/pipe/process_endpoint.go:55.16,58.3 1 0
xgo/pipe/process_endpoint.go:62.20,64.9 2 0
xgo/pipe/process_endpoint.go:65.57,65.57 0 0
xgo/pipe/process_endpoint.go:69.16,72.3 1 0
xgo/pipe/process_endpoint.go:75.20,77.9 2 0
xgo/pipe/process_endpoint.go:78.57,78.57 0 0
xgo/pipe/process_endpoint.go:83.16,86.3 2 0
xgo/pipe/process_endpoint.go:89.20,91.9 2 0
xgo/pipe/process_endpoint.go:92.45,92.45 0 0
xgo/pipe/process_endpoint.go:98.49,100.2 1 0
xgo/pipe/process_endpoint.go:104.50,107.2 2 0
xgo/pipe/process_endpoint.go:110.43,114.12 2 0
xgo/pipe/process_endpoint.go:114.12,116.3 1 0
xgo/pipe/process_endpoint.go:116.8,118.3 1 0
xgo/pipe/process_endpoint.go:122.45,124.6 2 0
xgo/pipe/process_endpoint.go:137.2,137.18 1 0
xgo/pipe/process_endpoint.go:124.6,126.17 2 0
xgo/pipe/process_endpoint.go:134.3,134.39 1 0
xgo/pipe/process_endpoint.go:126.17,127.21 1 0
xgo/pipe/process_endpoint.go:132.4,132.9 1 0
xgo/pipe/process_endpoint.go:127.21,129.5 1 0
xgo/pipe/process_endpoint.go:129.10,131.5 1 0
xgo/pipe/process_endpoint.go:141.45,143.6 2 0
xgo/pipe/process_endpoint.go:157.2,157.18 1 0
xgo/pipe/process_endpoint.go:143.6,145.17 2 0
xgo/pipe/process_endpoint.go:154.3,154.54 1 0
xgo/pipe/process_endpoint.go:145.17,146.21 1 0
xgo/pipe/process_endpoint.go:151.4,151.9 1 0
xgo/pipe/process_endpoint.go:146.21,148.5 1 0
xgo/pipe/process_endpoint.go:148.10,150.5 1 0
xgo/pipe/process_endpoint.go:161.41,163.6 2 0
xgo/pipe/process_endpoint.go:163.6,166.17 2 0
xgo/pipe/process_endpoint.go:174.3,174.64 1 0
xgo/pipe/process_endpoint.go:166.17,167.21 1 0
xgo/pipe/process_endpoint.go:172.4,172.9 1 0
xgo/pipe/process_endpoint.go:167.21,169.5 1 0
xgo/pipe/process_endpoint.go:169.10,171.5 1 0
xgo/fastrand/fastrand.go:15.13,18.2 1 1
xgo/fastrand/fastrand.go:24.31,28.2 2 4
xgo/fastrand/fastrand.go:41.31,42.15 1 9000000
xgo/fastrand/fastrand.go:51.2,56.10 6 9000000
xgo/fastrand/fastrand.go:42.15,45.3 1 4
xgo/fastrand/fastrand.go:63.43,68.2 2 1000000
xgo/fastrand/fastrand.go:72.38,74.21 2 5
xgo/fastrand/fastrand.go:77.2,77.57 1 5
xgo/fastrand/fastrand.go:74.21,76.3 1 0
xgo/fastrand/fastrand.go:83.22,87.14 2 2000000
xgo/fastrand/fastrand.go:90.2,95.10 4 2000000
xgo/fastrand/fastrand.go:87.14,89.3 1 2
xgo/fastrand/fastrand.go:101.34,105.2 2 1000000
xgo/fastrand/fastrand.go:112.29,117.2 2 1
xgo/fastrand/fastrand.go:120.44,123.24 2 3
xgo/fastrand/fastrand.go:127.2,127.62 1 3
xgo/fastrand/fastrand.go:123.24,125.3 1 0
xgo/fastrand/fastrand.go:131.40,138.2 4 3
xgo/fastrand/fastrand.go:142.16,146.14 2 1000000
xgo/fastrand/fastrand.go:149.2,155.10 4 1000000
xgo/fastrand/fastrand.go:146.14,148.3 1 3
xgo/fastrand/fastrand.go:158.22,162.14 2 2000000
xgo/fastrand/fastrand.go:165.2,171.10 4 2000000
xgo/fastrand/fastrand.go:162.14,164.3 1 0
xgo/fastrand/fastrand.go:174.20,178.14 2 0
xgo/fastrand/fastrand.go:181.2,187.10 4 0
xgo/fastrand/fastrand.go:178.14,180.3 1 0
xgo/fastrand/fastrand.go:190.28,194.14 2 0
xgo/fastrand/fastrand.go:197.2,203.10 4 0
xgo/fastrand/fastrand.go:194.14,196.3 1 0
xgo/fastrand/fastrand.go:206.20,210.14 2 0
xgo/fastrand/fastrand.go:213.2,219.10 4 0
xgo/fastrand/fastrand.go:210.14,212.3 1 0
xgo/fastrand/fastrand.go:222.28,226.14 2 0
xgo/fastrand/fastrand.go:229.2,235.10 4 0
xgo/fastrand/fastrand.go:226.14,228.3 1 0
xgo/fastrand/range.go:4.34,6.2 1 1000000
xgo/render/reader.go:22.59,24.26 2 3
xgo/render/reader.go:30.2,32.8 3 3
xgo/render/reader.go:24.26,25.23 1 2
xgo/render/reader.go:28.3,28.71 1 2
xgo/render/reader.go:25.23,27.4 1 1
xgo/render/reader.go:36.57,38.2 1 3
xgo/render/reader.go:41.80,43.28 2 3
xgo/render/reader.go:43.28,44.26 1 6
xgo/render/reader.go:44.26,46.4 1 6
xgo/render/redirect.go:20.55,21.116 1 3
xgo/render/redirect.go:24.2,25.12 2 2
xgo/render/redirect.go:21.116,22.68 1 1
xgo/render/redirect.go:29.58,29.59 0 1
xgo/render/render.go:37.62,41.50 2 40
xgo/render/render.go:41.50,43.3 1 31
xgo/render/msgpack.go:28.58,30.2 1 1
xgo/render/msgpack.go:33.54,35.2 1 1
xgo/render/msgpack.go:38.65,42.2 3 1
xgo/render/html.go:50.72,56.2 1 2
xgo/render/html.go:59.67,65.2 1 3
xgo/render/html.go:66.54,68.22 1 3
xgo/render/html.go:71.2,71.22 1 3
xgo/render/html.go:74.2,74.18 1 2
xgo/render/html.go:77.2,77.74 1 1
xgo/render/html.go:68.22,70.3 1 3
xgo/render/html.go:71.22,73.3 1 1
xgo/render/html.go:74.18,76.3 1 1
xgo/render/html.go:81.51,84.18 2 4
xgo/render/html.go:87.2,87.54 1 3
xgo/render/html.go:84.18,86.3 1 1
xgo/render/html.go:91.55,93.2 1 4
xgo/render/json.go:55.57,56.44 1 2
xgo/render/json.go:59.2,59.8 1 1
xgo/render/json.go:56.44,57.13 1 1
xgo/render/json.go:63.55,65.2 1 1
xgo/render/json.go:68.62,71.16 3 2
xgo/render/json.go:74.2,75.12 2 1
xgo/render/json.go:71.16,73.3 1 1
xgo/render/json.go:79.59,82.16 3 2
xgo/render/json.go:85.2,86.12 2 1
xgo/render/json.go:82.16,84.3 1 1
xgo/render/json.go:90.63,92.2 1 2
xgo/render/json.go:95.57,98.16 3 3
xgo/render/json.go:102.2,102.107 1 2
xgo/render/json.go:108.2,109.12 2 2
xgo/render/json.go:98.16,100.3 1 1
xgo/render/json.go:102.107,104.17 2 1
xgo/render/json.go:104.17,106.4 1 0
xgo/render/json.go:113.61,115.2 1 4
xgo/render/json.go:118.62,121.16 3 4
xgo/render/json.go:125.2,125.22 1 3
xgo/render/json.go:131.2,133.16 3 2
xgo/render/json.go:136.2,137.16 2 2
xgo/render/json.go:140.2,141.16 2 2
xgo/render/json.go:144.2,145.16 2 2
xgo/render/json.go:149.2,149.12 1 2
xgo/render/json.go:121.16,123.3 1 1
xgo/render/json.go:125.22,128.3 2 1
xgo/render/json.go:133.16,135.3 1 0
xgo/render/json.go:137.16,139.3 1 0
xgo/render/json.go:141.16,143.3 1 0
xgo/render/json.go:145.16,147.3 1 0
xgo/render/json.go:153.60,155.2 1 6
xgo/render/json.go:158.62,161.16 3 3
xgo/render/json.go:165.2,166.49 2 2
xgo/render/json.go:174.2,175.12 2 2
xgo/render/json.go:161.16,163.3 1 1
xgo/render/json.go:166.49,168.15 2 47
xgo/render/json.go:171.3,171.26 1 47
xgo/render/json.go:168.15,170.4 1 2
xgo/render/json.go:179.60,181.2 1 3
xgo/render/json.go:184.55,189.2 4 1
xgo/render/json.go:192.59,194.2 1 1
xgo/render/protobuf.go:21.55,25.16 3 2
xgo/render/protobuf.go:29.2,30.12 2 2
xgo/render/protobuf.go:25.16,27.3 1 0
xgo/render/protobuf.go:34.59,36.2 1 3
xgo/render/text.go:21.53,23.2 1 2
xgo/render/text.go:26.57,28.2 1 1
xgo/render/text.go:31.88,33.19 2 2
xgo/render/text.go:37.2,38.8 2 1
xgo/render/text.go:33.19,36.3 2 1
xgo/render/xml.go:20.50,23.2 2 1
xgo/render/xml.go:26.54,28.2 1 2
xgo/render/yaml.go:21.51,25.16 3 2
xgo/render/yaml.go:29.2,30.12 2 1
xgo/render/yaml.go:25.16,27.3 1 1
xgo/render/yaml.go:34.55,36.2 1 3
xgo/render/data.go:16.57,20.2 3 1
xgo/render/data.go:23.55,25.2 1 1
xgo/services/name/client/address/address.go:26.42,28.2 1 1
xgo/services/name/client/address/address.go:30.53,31.25 1 3
xgo/services/name/client/address/address.go:47.2,47.11 1 0
xgo/services/name/client/address/address.go:31.25,32.49 1 1
xgo/services/name/client/address/address.go:32.49,34.4 1 1
xgo/services/name/client/address/address.go:34.9,36.4 1 0
xgo/services/name/client/address/address.go:37.8,37.30 1 2
xgo/services/name/client/address/address.go:37.30,40.3 1 1
xgo/services/name/client/address/address.go:40.8,40.30 1 1
xgo/services/name/client/address/address.go:40.30,41.47 1 1
xgo/services/name/client/address/address.go:41.47,43.4 1 1
xgo/services/name/client/address/address.go:43.9,45.4 1 0
xgo/services/name/client/address/address.go:50.68,51.43 1 3
xgo/services/name/client/address/address.go:68.2,68.38 1 0
xgo/services/name/client/address/address.go:51.43,55.3 3 1
xgo/services/name/client/address/address.go:55.8,55.48 1 2
xgo/services/name/client/address/address.go:55.48,60.3 4 1
xgo/services/name/client/address/address.go:60.8,60.48 1 1
xgo/services/name/client/address/address.go:60.48,67.3 6 1
xgo/signature/hmac.go:11.88,13.27 2 1
xgo/signature/hmac.go:19.2,20.16 2 1
xgo/signature/hmac.go:24.2,24.59 1 1
xgo/signature/hmac.go:13.27,15.3 1 1
xgo/signature/hmac.go:15.8,18.3 1 0
xgo/signature/hmac.go:20.16,22.3 1 0
xgo/strcase/snake.go:8.31,10.2 1 25
xgo/strcase/snake.go:12.56,14.2 1 19
xgo/strcase/snake.go:17.40,19.2 1 1
xgo/strcase/snake.go:22.31,24.2 1 1
xgo/strcase/snake.go:27.40,29.2 1 1
xgo/strcase/snake.go:33.52,35.2 1 44
xgo/strcase/snake.go:41.92,45.30 4 67
xgo/strcase/snake.go:89.2,89.19 1 67
xgo/strcase/snake.go:45.30,48.26 3 670
xgo/strcase/snake.go:57.3,57.19 1 670
xgo/strcase/snake.go:81.3,81.96 1 529
xgo/strcase/snake.go:48.26,51.4 2 34
xgo/strcase/snake.go:51.9,51.34 1 636
xgo/strcase/snake.go:51.34,54.4 2 117
xgo/strcase/snake.go:57.19,64.124 6 606
xgo/strcase/snake.go:64.124,66.20 2 146
xgo/strcase/snake.go:66.20,67.29 1 141
xgo/strcase/snake.go:72.6,73.39 2 141
xgo/strcase/snake.go:76.6,76.14 1 141
xgo/strcase/snake.go:67.29,68.74 1 74
xgo/strcase/snake.go:68.74,70.8 1 5
xgo/strcase/snake.go:73.39,75.7 1 67
xgo/strcase/snake.go:81.96,84.4 1 31
xgo/strcase/snake.go:84.9,86.4 1 498
xgo/strcase/acronyms.go:9.40,11.2 1 6
xgo/strcase/camel.go:8.54,11.13 2 25
xgo/strcase/camel.go:15.2,15.38 1 23
xgo/strcase/camel.go:19.2,23.30 4 23
xgo/strcase/camel.go:47.2,47.19 1 23
xgo/strcase/camel.go:11.13,13.3 1 2
xgo/strcase/camel.go:15.38,17.3 1 8
xgo/strcase/camel.go:23.30,26.14 3 216
xgo/strcase/camel.go:37.3,37.23 1 216
xgo/strcase/camel.go:26.14,27.14 1 34
xgo/strcase/camel.go:27.14,30.5 2 25
xgo/strcase/camel.go:31.9,31.20 1 182
xgo/strcase/camel.go:31.20,32.14 1 10
xgo/strcase/camel.go:32.14,35.5 2 5
xgo/strcase/camel.go:37.23,40.4 2 194
xgo/strcase/camel.go:40.9,40.52 1 22
xgo/strcase/camel.go:40.52,43.4 2 6
xgo/strcase/camel.go:43.9,45.4 1 16
xgo/strcase/camel.go:51.31,53.2 1 14
xgo/strcase/camel.go:56.36,58.2 1 11
xgo/pool/conn.go:30.38,40.2 6 20756
xgo/pool/conn.go:43.36,46.2 2 10084
xgo/pool/conn.go:49.41,51.2 1 20780
xgo/pool/conn.go:53.46,57.2 3 0
xgo/pool/conn.go:60.46,62.2 1 0
xgo/pool/conn.go:65.39,66.23 1 0
xgo/pool/conn.go:69.2,69.12 1 0
xgo/pool/conn.go:66.23,68.3 1 0
xgo/pool/conn.go:73.111,75.78 1 0
xgo/pool/conn.go:78.2,78.18 1 0
xgo/pool/conn.go:75.78,77.3 1 0
xgo/pool/conn.go:84.9,85.79 1 0
xgo/pool/conn.go:89.2,89.26 1 0
xgo/pool/conn.go:93.2,93.34 1 0
xgo/pool/conn.go:97.2,97.22 1 0
xgo/pool/conn.go:85.79,87.3 1 0
xgo/pool/conn.go:89.26,91.3 1 0
xgo/pool/conn.go:93.34,95.3 1 0
xgo/pool/conn.go:101.31,103.2 1 20733
xgo/pool/conn.go:106.80,112.17 3 0
xgo/pool/conn.go:117.2,117.16 1 0
xgo/pool/conn.go:132.2,132.17 1 0
xgo/pool/conn.go:136.2,136.19 1 0
xgo/pool/conn.go:112.17,114.3 1 0
xgo/pool/conn.go:117.16,120.9 2 0
xgo/pool/conn.go:120.9,121.20 1 0
xgo/pool/conn.go:125.4,125.27 1 0
xgo/pool/conn.go:128.4,128.13 1 0
xgo/pool/conn.go:121.20,123.5 1 0
xgo/pool/conn.go:125.27,127.5 1 0
xgo/pool/conn.go:132.17,134.3 1 0
xgo/pool/pool.go:25.26,32.3 3 58
xgo/pool/pool.go:105.42,120.55 5 32
xgo/pool/pool.go:124.2,124.10 1 32
xgo/pool/pool.go:120.55,122.3 1 20
xgo/pool/pool.go:128.40,129.29 1 30479
xgo/pool/pool.go:132.2,132.73 1 643
xgo/pool/pool.go:129.29,131.3 1 29836
xgo/pool/pool.go:132.73,136.13 3 580
xgo/pool/pool.go:136.13,139.38 2 580
xgo/pool/pool.go:139.38,145.5 4 0
xgo/pool/pool.go:151.40,154.16 2 580
xgo/pool/pool.go:158.2,163.16 3 580
xgo/pool/pool.go:168.2,170.12 3 570
xgo/pool/pool.go:154.16,156.3 1 0
xgo/pool/pool.go:163.16,166.3 2 10
xgo/pool/pool.go:174.64,176.2 1 0
xgo/pool/pool.go:178.77,180.16 2 20176
xgo/pool/pool.go:184.2,188.16 3 20176
xgo/pool/pool.go:193.2,194.12 2 20176
xgo/pool/pool.go:203.2,203.16 1 20176
xgo/pool/pool.go:180.16,182.3 1 0
xgo/pool/pool.go:188.16,191.3 2 0
xgo/pool/pool.go:194.12,196.35 1 20176
xgo/pool/pool.go:196.35,198.4 1 10
xgo/pool/pool.go:198.9,200.4 1 20166
xgo/pool/pool.go:207.78,209.16 1 20756
xgo/pool/pool.go:213.2,213.67 1 20756
xgo/pool/pool.go:217.2,218.16 2 20756
xgo/pool/pool.go:228.2,231.16 3 20756
xgo/pool/pool.go:209.16,211.3 1 0
xgo/pool/pool.go:213.67,215.3 1 0
xgo/pool/pool.go:218.16,222.70 2 0
xgo/pool/pool.go:225.3,225.18 1 0
xgo/pool/pool.go:222.70,224.4 1 0
xgo/pool/pool.go:235.30,236.6 1 0
xgo/pool/pool.go:236.6,238.17 1 0
xgo/pool/pool.go:242.3,243.17 2 0
xgo/pool/pool.go:250.3,253.9 3 0
xgo/pool/pool.go:238.17,240.4 1 0
xgo/pool/pool.go:243.17,247.12 3 0
xgo/pool/pool.go:258.48,260.2 1 0
xgo/pool/pool.go:263.45,265.16 2 0
xgo/pool/pool.go:268.2,268.12 1 0
xgo/pool/pool.go:265.16,267.3 1 0
xgo/pool/pool.go:273.60,274.16 1 20737
xgo/pool/pool.go:278.2,278.40 1 20737
xgo/pool/pool.go:282.2,282.6 1 20735
xgo/pool/pool.go:305.2,309.16 3 20176
xgo/pool/pool.go:314.2,314.19 1 20176
xgo/pool/pool.go:274.16,276.3 1 0
xgo/pool/pool.go:278.40,280.3 1 2
xgo/pool/pool.go:282.6,288.17 4 30480
xgo/pool/pool.go:292.3,292.16 1 30480
xgo/pool/pool.go:296.3,296.24 1 10304
xgo/pool/pool.go:301.3,302.17 2 559
xgo/pool/pool.go:288.17,290.4 1 0
xgo/pool/pool.go:292.16,293.9 1 20176
xgo/pool/pool.go:296.24,298.12 2 9745
xgo/pool/pool.go:309.16,312.3 2 0
xgo/pool/pool.go:321.30,323.2 1 2549
xgo/pool/pool.go:328.31,330.2 1 23082
xgo/pool/pool.go:333.56,334.9 1 20737
xgo/pool/pool.go:340.2,340.9 1 20737
xgo/pool/pool.go:349.2,352.9 3 18955
xgo/pool/pool.go:335.20,336.19 1 0
xgo/pool/pool.go:337.10,337.10 0 20737
xgo/pool/pool.go:341.29,342.13 1 1782
xgo/pool/pool.go:343.10,343.10 0 18955
xgo/pool/pool.go:353.20,354.20 1 0
xgo/pool/pool.go:357.3,358.19 2 0
xgo/pool/pool.go:359.29,360.20 1 18953
xgo/pool/pool.go:363.3,364.13 2 18953
xgo/pool/pool.go:365.17,369.24 3 2
xgo/pool/pool.go:354.20,356.4 1 0
xgo/pool/pool.go:360.20,362.4 1 0
xgo/pool/pool.go:374.45,375.16 1 30480
xgo/pool/pool.go:378.2,379.12 2 30480
xgo/pool/pool.go:383.2,384.20 2 10304
xgo/pool/pool.go:395.2,398.16 3 10304
xgo/pool/pool.go:375.16,377.3 1 0
xgo/pool/pool.go:379.12,381.3 1 20176
xgo/pool/pool.go:384.20,389.3 3 0
xgo/pool/pool.go:389.8,394.3 3 10304
xgo/pool/pool.go:402.55,404.26 1 10324
xgo/pool/pool.go:410.2,410.16 1 10324
xgo/pool/pool.go:415.2,419.14 5 10323
xgo/pool/pool.go:404.26,408.3 3 0
xgo/pool/pool.go:410.16,413.3 2 1
xgo/pool/pool.go:422.65,426.2 3 10210
xgo/pool/pool.go:429.46,432.2 2 9745
xgo/pool/pool.go:434.49,438.2 3 19955
xgo/pool/pool.go:441.41,442.28 1 20149
xgo/pool/pool.go:442.28,443.14 1 43413
xgo/pool/pool.go:443.14,445.17 2 20148
xgo/pool/pool.go:450.4,450.10 1 20148
xgo/pool/pool.go:445.17,449.5 2 20143
xgo/pool/pool.go:455.46,456.26 1 20723
xgo/pool/pool.go:459.2,459.19 1 20723
xgo/pool/pool.go:456.26,458.3 1 78
xgo/pool/pool.go:463.30,468.2 4 112
xgo/pool/pool.go:471.34,476.2 4 69
xgo/pool/pool.go:478.35,489.2 2 1
xgo/pool/pool.go:492.34,494.2 1 95067
xgo/pool/pool.go:496.54,501.29 4 0
xgo/pool/pool.go:508.2,508.17 1 0
xgo/pool/pool.go:501.29,502.13 1 0
xgo/pool/pool.go:502.13,503.61 1 0
xgo/pool/pool.go:503.61,505.5 1 0
xgo/pool/pool.go:512.34,513.52 1 32
xgo/pool/pool.go:516.2,520.29 4 23
xgo/pool/pool.go:525.2,531.17 6 23
xgo/pool/pool.go:513.52,515.3 1 9
xgo/pool/pool.go:520.29,521.60 1 574
xgo/pool/pool.go:521.60,523.4 1 22
xgo/pool/pool.go:535.52,540.6 3 20
xgo/pool/pool.go:540.6,541.10 1 2358
xgo/pool/pool.go:542.19,546.18 1 2338
xgo/pool/pool.go:550.4,551.18 2 2338
xgo/pool/pool.go:555.21,557.10 1 11
xgo/pool/pool.go:546.18,548.5 1 0
xgo/pool/pool.go:551.18,553.13 2 0
xgo/pool/pool.go:563.50,565.6 2 2356
xgo/pool/pool.go:584.2,585.15 2 2356
xgo/pool/pool.go:565.6,576.16 6 2550
xgo/pool/pool.go:576.16,579.4 2 194
xgo/pool/pool.go:579.9,580.9 1 2356
xgo/pool/pool.go:589.42,590.27 1 2550
xgo/pool/pool.go:594.2,596.24 2 212
xgo/pool/pool.go:600.2,604.11 4 194
xgo/pool/pool.go:590.27,592.3 1 2338
xgo/pool/pool.go:596.24,598.3 1 18
xgo/pool/pool.go:608.47,609.53 1 10516
xgo/pool/pool.go:613.2,614.72 2 10516
xgo/pool/pool.go:617.2,617.71 1 601
xgo/pool/pool.go:621.2,621.14 1 577
xgo/pool/pool.go:609.53,611.3 1 0
xgo/pool/pool.go:614.72,616.3 1 9915
xgo/pool/pool.go:617.71,619.3 1 24
xgo/pool/pool_single.go:16.63,21.2 1 0
xgo/pool/pool_single.go:24.70,26.2 1 0
xgo/pool/pool_single.go:29.52,31.2 1 0
xgo/pool/pool_single.go:33.66,34.24 1 0
xgo/pool/pool_single.go:37.2,37.18 1 0
xgo/pool/pool_single.go:34.24,36.3 1 0
xgo/pool/pool_single.go:40.62,40.63 0 0
xgo/pool/pool_single.go:42.78,45.2 2 0
xgo/pool/pool_single.go:47.40,51.2 3 0
xgo/pool/pool_single.go:53.36,55.2 1 0
xgo/pool/pool_single.go:57.40,59.2 1 0
xgo/pool/pool_single.go:61.41,63.2 1 0
xgo/pool/pool_sticky.go:23.38,25.22 2 0
xgo/pool/pool_sticky.go:28.2,28.10 1 0
xgo/pool/pool_sticky.go:25.22,27.3 1 0
xgo/pool/pool_sticky.go:31.38,33.2 1 0
xgo/pool/pool_sticky.go:48.53,51.9 2 0
xgo/pool/pool_sticky.go:58.2,59.10 2 0
xgo/pool/pool_sticky.go:51.9,56.3 1 0
xgo/pool/pool_sticky.go:62.70,64.2 1 0
xgo/pool/pool_sticky.go:66.52,68.2 1 0
xgo/pool/pool_sticky.go:70.66,72.28 1 0
xgo/pool/pool_sticky.go:103.2,103.68 1 0
xgo/pool/pool_sticky.go:72.28,74.38 1 0
xgo/pool/pool_sticky.go:75.21,78.18 2 0
xgo/pool/pool_sticky.go:82.4,82.72 1 0
xgo/pool/pool_sticky.go:86.4,86.37 1 0
xgo/pool/pool_sticky.go:87.20,88.43 1 0
xgo/pool/pool_sticky.go:92.4,93.11 2 0
xgo/pool/pool_sticky.go:96.4,96.18 1 0
xgo/pool/pool_sticky.go:97.20,98.25 1 0
xgo/pool/pool_sticky.go:99.11,100.24 1 0
xgo/pool/pool_sticky.go:78.18,80.5 1 0
xgo/pool/pool_sticky.go:82.72,84.5 1 0
xgo/pool/pool_sticky.go:88.43,90.5 1 0
xgo/pool/pool_sticky.go:93.11,95.5 1 0
xgo/pool/pool_sticky.go:107.61,108.15 1 0
xgo/pool/pool_sticky.go:114.2,114.12 1 0
xgo/pool/pool_sticky.go:108.15,109.23 1 0
xgo/pool/pool_sticky.go:109.23,111.4 1 0
xgo/pool/pool_sticky.go:117.66,118.41 1 0
xgo/pool/pool_sticky.go:118.41,120.3 1 0
xgo/pool/pool_sticky.go:120.8,122.3 1 0
xgo/pool/pool_sticky.go:125.78,126.15 1 0
xgo/pool/pool_sticky.go:131.2,132.12 2 0
xgo/pool/pool_sticky.go:126.15,127.23 1 0
xgo/pool/pool_sticky.go:127.23,129.4 1 0
xgo/pool/pool_sticky.go:135.40,136.58 1 0
xgo/pool/pool_sticky.go:140.2,140.28 1 0
xgo/pool/pool_sticky.go:155.2,155.65 1 0
xgo/pool/pool_sticky.go:136.58,138.3 1 0
xgo/pool/pool_sticky.go:140.28,142.27 2 0
xgo/pool/pool_sticky.go:145.3,145.64 1 0
xgo/pool/pool_sticky.go:142.27,144.4 1 0
xgo/pool/pool_sticky.go:145.64,148.10 3 0
xgo/pool/pool_sticky.go:151.4,151.14 1 0
xgo/pool/pool_sticky.go:148.10,150.5 1 0
xgo/pool/pool_sticky.go:158.59,159.29 1 0
xgo/pool/pool_sticky.go:163.2,163.9 1 0
xgo/pool/pool_sticky.go:174.2,174.71 1 0
xgo/pool/pool_sticky.go:179.2,179.12 1 0
xgo/pool/pool_sticky.go:159.29,161.3 1 0
xgo/pool/pool_sticky.go:164.24,165.10 1 0
xgo/pool/pool_sticky.go:168.3,169.52 2 0
xgo/pool/pool_sticky.go:170.10,171.66 1 0
xgo/pool/pool_sticky.go:165.10,167.4 1 0
xgo/pool/pool_sticky.go:174.71,177.3 2 0
xgo/pool/pool_sticky.go:182.47,183.43 1 0
xgo/pool/pool_sticky.go:188.2,188.12 1 0
xgo/pool/pool_sticky.go:183.43,184.50 1 0
xgo/pool/pool_sticky.go:184.50,186.4 1 0
xgo/pool/pool_sticky.go:191.36,192.37 1 0
xgo/pool/pool_sticky.go:193.20,194.11 1 0
xgo/pool/pool_sticky.go:195.19,196.11 1 0
xgo/pool/pool_sticky.go:197.19,198.11 1 0
xgo/pool/pool_sticky.go:199.10,200.23 1 0
xgo/pool/pool_sticky.go:204.40,206.2 1 0
xgo/pool/pool_sticky.go:208.41,210.2 1 0
xgo/utils/channel.go:5.40,6.9 1 0
xgo/utils/channel.go:7.14,8.14 1 0
xgo/utils/channel.go:9.10,10.15 1 0
xgo/utils/filesize.go:10.30,12.32 2 0
xgo/utils/filesize.go:15.2,15.10 1 0
xgo/utils/filesize.go:12.32,14.3 1 0
xgo/utils/filesize.go:20.44,27.18 4 0
xgo/utils/filesize.go:50.2,51.14 2 0
xgo/utils/filesize.go:55.2,55.40 1 0
xgo/utils/filesize.go:27.18,29.59 1 0
xgo/utils/filesize.go:29.59,31.20 1 0
xgo/utils/filesize.go:31.20,32.55 1 0
xgo/utils/filesize.go:33.14,35.55 2 0
xgo/utils/filesize.go:36.14,38.55 2 0
xgo/utils/filesize.go:39.14,41.55 2 0
xgo/utils/filesize.go:42.13,44.53 2 0
xgo/utils/filesize.go:51.14,53.3 1 0
xgo/utils/log.go:18.79,20.2 1 0
xgo/utils/map.go:12.60,13.27 1 1
xgo/utils/map.go:20.2,20.14 1 1
xgo/utils/map.go:14.35,15.55 1 0
xgo/utils/map.go:16.30,17.37 1 1
xgo/utils/map.go:25.79,28.26 2 2
xgo/utils/map.go:42.2,42.11 1 2
xgo/utils/map.go:28.26,32.26 2 4
xgo/utils/map.go:33.36,34.59 1 1
xgo/utils/map.go:35.31,36.41 1 0
xgo/utils/map.go:37.11,38.16 1 3
xgo/utils/map.go:46.49,47.26 1 0
xgo/utils/map.go:47.26,48.21 1 0
xgo/utils/map.go:58.3,59.19 2 0
xgo/utils/map.go:64.3,64.17 1 0
xgo/utils/map.go:49.36,52.50 2 0
xgo/utils/map.go:53.31,55.50 1 0
xgo/utils/map.go:59.19,62.4 1 0
xgo/utils/once.go:48.41,49.37 1 0
xgo/utils/once.go:54.2,57.17 4 0
xgo/utils/once.go:64.2,64.12 1 0
xgo/utils/once.go:49.37,52.3 1 0
xgo/utils/once.go:57.17,60.17 2 0
xgo/utils/once.go:60.17,62.4 1 0
xgo/utils/set.go:7.43,10.2 2 0
xgo/utils/set.go:13.39,15.2 1 0
xgo/utils/set.go:18.39,20.2 1 0
xgo/utils/bytesconv/bytesconv.go:25.49,29.66 3 100
xgo/utils/bytesconv/bytesconv.go:41.2,41.20 1 100
xgo/utils/bytesconv/bytesconv.go:29.66,30.18 1 7850
xgo/utils/bytesconv/bytesconv.go:33.3,33.64 1 7850
xgo/utils/bytesconv/bytesconv.go:37.3,38.11 2 7850
xgo/utils/bytesconv/bytesconv.go:30.18,32.4 1 730
xgo/utils/bytesconv/bytesconv.go:33.64,36.4 2 6400
xgo/utils/bytesconv/bytesconv.go:47.41,52.2 4 100
xgo/utils/bytesconv/bytesconv.go:55.29,62.2 1 0
xgo/utils/bytesconv/bytesconv.go:64.37,66.2 1 100
xgo/utils/bytesconv/bytesconv.go:68.33,70.2 1 0
xgo/utils/bytesconv/bytesconv.go:75.37,77.2 1 100
xgo/utils/bytesconv/bytesconv.go:82.30,84.2 1 0
xgo/utils/bytesconv/bytesconv.go:86.37,88.2 1 100
xgo/utils/bytesconv/bytesconv.go:90.34,92.2 1 0
xgo/utils/bytesconv/bytesconv.go:95.40,99.25 3 0
xgo/utils/bytesconv/bytesconv.go:107.2,108.32 2 0
xgo/utils/bytesconv/bytesconv.go:99.25,105.3 5 0
xgo/utils/bytesconv/bytesconv.go:112.34,114.2 1 0
xgo/utils/bytesconv/bytesconv.go:117.63,119.2 1 0
xgo/utils/bytesconv/bytesconv.go:122.65,124.2 1 0
xgo/utils/bytesconv/bytesconv.go:127.57,129.2 1 0
xgo/utils/bytesutils/bytes_utils.go:13.63,15.2 1 2
xgo/utils/bytesutils/bytes_utils.go:19.31,21.33 2 7
xgo/utils/bytesutils/bytes_utils.go:27.2,27.16 1 7
xgo/utils/bytesutils/bytes_utils.go:21.33,23.34 2 6
xgo/utils/bytesutils/bytes_utils.go:23.34,25.4 1 2
xgo/utils/bytesutils/bytes_utils.go:31.48,32.23 1 0
xgo/utils/bytesutils/bytes_utils.go:33.11,34.31 1 0
xgo/utils/bytesutils/bytes_utils.go:35.14,36.49 1 0
xgo/utils/bytesutils/bytes_utils.go:37.14,38.32 1 0
xgo/utils/bytesutils/bytes_utils.go:39.11,40.44 1 0
xgo/utils/bytesutils/bytes_utils.go:41.12,42.44 1 0
xgo/utils/bytesutils/bytes_utils.go:43.13,44.44 1 0
xgo/utils/bytesutils/bytes_utils.go:45.13,46.44 1 0
xgo/utils/bytesutils/bytes_utils.go:47.13,48.37 1 0
xgo/utils/bytesutils/bytes_utils.go:49.12,50.46 1 0
xgo/utils/bytesutils/bytes_utils.go:51.13,52.46 1 0
xgo/utils/bytesutils/bytes_utils.go:53.14,54.46 1 0
xgo/utils/bytesutils/bytes_utils.go:55.14,56.46 1 0
xgo/utils/bytesutils/bytes_utils.go:57.14,58.38 1 0
xgo/utils/bytesutils/bytes_utils.go:59.15,60.57 1 0
xgo/utils/bytesutils/bytes_utils.go:61.15,62.48 1 0
xgo/utils/bytesutils/bytes_utils.go:63.12,64.8 1 0
xgo/utils/bytesutils/bytes_utils.go:67.3,67.31 1 0
xgo/utils/bytesutils/bytes_utils.go:68.17,69.45 1 0
xgo/utils/bytesutils/bytes_utils.go:70.10,71.37 1 0
xgo/utils/bytesutils/bytes_utils.go:64.8,66.4 1 0
xgo/utils/bytesutils/bytes_utils.go:76.54,79.2 2 0
xgo/utils/fileutils/file.go:17.39,20.16 2 0
xgo/utils/fileutils/file.go:23.2,25.16 3 0
xgo/utils/fileutils/file.go:28.2,28.29 1 0
xgo/utils/fileutils/file.go:34.2,34.12 1 0
xgo/utils/fileutils/file.go:20.16,22.3 1 0
xgo/utils/fileutils/file.go:25.16,27.3 1 0
xgo/utils/fileutils/file.go:28.29,30.17 2 0
xgo/utils/fileutils/file.go:30.17,32.4 1 0
xgo/utils/fileutils/file.go:38.38,41.16 3 0
xgo/utils/fileutils/file.go:49.2,49.18 1 0
xgo/utils/fileutils/file.go:53.2,53.12 1 0
xgo/utils/fileutils/file.go:41.16,42.22 1 0
xgo/utils/fileutils/file.go:46.3,46.43 1 0
xgo/utils/fileutils/file.go:42.22,44.4 1 0
xgo/utils/fileutils/file.go:49.18,51.3 1 0
xgo/utils/fileutils/file.go:57.53,60.16 2 0
xgo/utils/fileutils/file.go:63.2,67.16 3 0
xgo/utils/fileutils/file.go:71.2,71.19 1 0
xgo/utils/fileutils/file.go:60.16,62.3 1 0
xgo/utils/fileutils/file.go:67.16,69.3 1 0
xgo/utils/fileutils/file.go:75.45,77.16 2 0
xgo/utils/fileutils/file.go:80.2,80.26 1 0
xgo/utils/fileutils/file.go:77.16,79.3 1 0
xgo/utils/fileutils/file.go:84.69,86.16 2 0
xgo/utils/fileutils/file.go:89.2,89.63 1 0
xgo/utils/fileutils/file.go:92.2,92.14 1 0
xgo/utils/fileutils/file.go:86.16,88.3 1 0
xgo/utils/fileutils/file.go:89.63,91.3 1 0
xgo/utils/fileutils/file.go:96.48,98.2 1 1
xgo/utils/fileutils/file.go:101.49,104.16 2 0
xgo/utils/fileutils/file.go:108.2,108.30 1 0
xgo/utils/fileutils/file.go:104.16,106.3 1 0
xgo/utils/fileutils/file.go:111.58,113.30 1 1
xgo/utils/fileutils/file.go:117.2,117.22 1 1
xgo/utils/fileutils/file.go:121.2,121.38 1 1
xgo/utils/fileutils/file.go:113.30,115.3 1 0
xgo/utils/fileutils/file.go:117.22,119.3 1 0
xgo/utils/fileutils/file.go:125.66,126.21 1 0
xgo/utils/fileutils/file.go:134.2,135.52 2 0
xgo/utils/fileutils/file.go:139.2,140.16 2 0
xgo/utils/fileutils/file.go:144.2,144.35 1 0
xgo/utils/fileutils/file.go:153.2,153.12 1 0
xgo/utils/fileutils/file.go:126.21,128.17 2 0
xgo/utils/fileutils/file.go:131.3,131.23 1 0
xgo/utils/fileutils/file.go:128.17,130.4 1 0
xgo/utils/fileutils/file.go:135.52,137.3 1 0
xgo/utils/fileutils/file.go:140.16,142.3 1 0
xgo/utils/fileutils/file.go:144.35,149.56 4 0
xgo/utils/fileutils/file.go:149.56,151.4 1 0
xgo/utils/fileutils/file.go:157.68,158.21 1 1
xgo/utils/fileutils/file.go:166.2,167.67 2 1
xgo/utils/fileutils/file.go:171.2,172.16 2 1
xgo/utils/fileutils/file.go:175.2,177.53 2 1
xgo/utils/fileutils/file.go:181.2,182.16 2 1
xgo/utils/fileutils/file.go:185.2,188.12 3 1
xgo/utils/fileutils/file.go:158.21,160.17 2 0
xgo/utils/fileutils/file.go:163.3,163.23 1 0
xgo/utils/fileutils/file.go:160.17,162.4 1 0
xgo/utils/fileutils/file.go:167.67,169.3 1 0
xgo/utils/fileutils/file.go:172.16,174.3 1 0
xgo/utils/fileutils/file.go:177.53,179.3 1 0
xgo/utils/fileutils/file.go:182.16,184.3 1 0
xgo/utils/fileutils/file.go:194.35,196.16 2 1
xgo/utils/fileutils/file.go:199.2,199.35 1 1
xgo/utils/fileutils/file.go:196.16,198.3 1 0
xgo/utils/fileutils/file.go:203.44,206.13 3 10
xgo/utils/fileutils/file.go:209.2,209.23 1 6
xgo/utils/fileutils/file.go:206.13,208.3 1 4
xgo/utils/fileutils/file.go:213.37,214.41 1 1
xgo/utils/fileutils/file.go:217.2,217.13 1 1
xgo/utils/fileutils/file.go:214.41,216.3 1 0
xgo/utils/fileutils/file.go:221.34,223.16 2 1
xgo/utils/fileutils/file.go:226.2,226.18 1 1
xgo/utils/fileutils/file.go:223.16,225.3 1 0
xgo/utils/fileutils/file.go:230.35,232.2 1 1
xgo/utils/fileutils/file.go:237.65,239.60 1 1
xgo/utils/fileutils/file.go:244.2,245.27 2 1
xgo/utils/fileutils/file.go:252.2,252.25 1 1
xgo/utils/fileutils/file.go:258.2,259.16 2 1
xgo/utils/fileutils/file.go:262.2,262.21 1 1
xgo/utils/fileutils/file.go:239.60,242.3 2 0
xgo/utils/fileutils/file.go:245.27,247.27 2 1
xgo/utils/fileutils/file.go:247.27,249.4 1 1
xgo/utils/fileutils/file.go:252.25,254.3 1 0
xgo/utils/fileutils/file.go:254.8,254.31 1 1
xgo/utils/fileutils/file.go:254.31,256.3 1 0
xgo/utils/fileutils/file.go:259.16,261.3 1 0
xgo/utils/fileutils/file.go:266.46,268.16 2 0
xgo/utils/fileutils/file.go:271.2,273.16 3 0
xgo/utils/fileutils/file.go:276.2,277.16 2 0
xgo/utils/fileutils/file.go:281.2,283.16 2 0
xgo/utils/fileutils/file.go:290.2,290.8 1 0
xgo/utils/fileutils/file.go:268.16,269.13 1 0
xgo/utils/fileutils/file.go:273.16,275.3 1 0
xgo/utils/fileutils/file.go:277.16,279.3 1 0
xgo/utils/fileutils/file.go:283.16,286.38 2 0
xgo/utils/fileutils/file.go:286.38,288.4 1 0
xgo/utils/fileutils/filepath.go:10.27,11.31 1 4
xgo/utils/fileutils/filepath.go:18.2,18.26 1 4
xgo/utils/fileutils/filepath.go:11.31,13.17 2 0
xgo/utils/fileutils/filepath.go:16.3,16.14 1 0
xgo/utils/fileutils/filepath.go:13.17,15.4 1 0
xgo/utils/fileutils/filepath.go:22.39,24.86 1 13
xgo/utils/fileutils/filepath.go:29.2,32.28 2 13
xgo/utils/fileutils/filepath.go:38.2,39.16 2 7
xgo/utils/fileutils/filepath.go:43.2,43.11 1 0
xgo/utils/fileutils/filepath.go:24.86,26.3 1 3
xgo/utils/fileutils/filepath.go:32.28,35.3 1 6
xgo/utils/fileutils/filepath.go:39.16,41.3 1 7
xgo/utils/fileutils/form.go:10.69,13.16 2 0
xgo/utils/fileutils/form.go:16.2,20.16 3 0
xgo/utils/fileutils/form.go:23.2,26.12 3 0
xgo/utils/fileutils/form.go:13.16,15.3 1 0
xgo/utils/fileutils/form.go:20.16,22.3 1 0
xgo/utils/fileutils/path.go:16.33,17.15 1 0
xgo/utils/fileutils/path.go:20.2,20.24 1 0
xgo/utils/fileutils/path.go:17.15,18.47 1 0
xgo/utils/fileutils/path.go:24.58,25.24 1 0
xgo/utils/fileutils/path.go:29.2,30.65 2 0
xgo/utils/fileutils/path.go:33.2,33.18 1 0
xgo/utils/fileutils/path.go:25.24,27.3 1 0
xgo/utils/fileutils/path.go:30.65,32.3 1 0
xgo/utils/fileutils/path.go:37.44,39.16 2 0
xgo/utils/fileutils/path.go:42.2,42.24 1 0
xgo/utils/fileutils/path.go:45.2,45.19 1 0
xgo/utils/fileutils/path.go:39.16,41.3 1 0
xgo/utils/fileutils/path.go:42.24,44.3 1 0
xgo/utils/fileutils/path.go:49.21,52.2 2 0
xgo/utils/fileutils/path.go:55.26,58.2 2 0
xgo/utils/hashtag/hashtag.go:50.29,51.46 1 15
xgo/utils/hashtag/hashtag.go:56.2,56.12 1 9
xgo/utils/hashtag/hashtag.go:51.46,52.52 1 10
xgo/utils/hashtag/hashtag.go:52.52,54.4 1 6
xgo/utils/hashtag/hashtag.go:59.23,61.2 1 2
xgo/utils/hashtag/hashtag.go:65.27,66.15 1 17
xgo/utils/hashtag/hashtag.go:69.2,70.40 2 15
xgo/utils/hashtag/hashtag.go:66.15,68.3 1 2
xgo/utils/hashtag/hashtag.go:73.40,74.32 1 17
xgo/utils/hashtag/hashtag.go:77.2,77.8 1 17
xgo/utils/hashtag/hashtag.go:74.32,76.3 1 104
xgo/utils/netutils/header.go:13.62,14.17 1 1
xgo/utils/netutils/header.go:19.2,21.24 2 1
xgo/utils/netutils/header.go:24.2,26.33 1 1
xgo/utils/netutils/header.go:14.17,16.3 1 0
xgo/utils/netutils/header.go:21.24,23.3 1 2
xgo/utils/netutils/header.go:29.49,31.11 2 2
xgo/utils/netutils/header.go:34.2,36.27 2 2
xgo/utils/netutils/header.go:41.2,41.19 1 2
xgo/utils/netutils/header.go:31.11,33.3 1 0
xgo/utils/netutils/header.go:36.27,37.18 1 6
xgo/utils/netutils/header.go:37.18,38.9 1 1
xgo/utils/netutils/header.go:44.48,45.28 1 0
xgo/utils/netutils/header.go:45.28,47.3 1 0
xgo/utils/netutils/http.go:21.71,24.16 2 0
xgo/utils/netutils/http.go:28.2,29.14 2 0
xgo/utils/netutils/http.go:41.2,41.61 1 0
xgo/utils/netutils/http.go:24.16,26.3 1 0
xgo/utils/netutils/http.go:29.14,32.36 2 0
xgo/utils/netutils/http.go:32.36,34.4 1 0
xgo/utils/netutils/http.go:34.9,36.4 1 0
xgo/utils/netutils/http.go:37.8,39.3 1 0
xgo/utils/netutils/http.go:45.75,48.16 2 4
xgo/utils/netutils/http.go:59.2,59.26 1 4
xgo/utils/netutils/http.go:48.16,49.95 1 2
xgo/utils/netutils/http.go:49.95,51.11 2 2
xgo/utils/netutils/http.go:56.4,56.13 1 2
xgo/utils/netutils/http.go:51.11,53.5 1 1
xgo/utils/netutils/http.go:53.10,55.5 1 1
xgo/utils/netutils/ip.go:12.50,15.16 2 0
xgo/utils/netutils/ip.go:19.2,19.31 1 0
xgo/utils/netutils/ip.go:35.2,35.16 1 0
xgo/utils/netutils/ip.go:15.16,17.3 1 0
xgo/utils/netutils/ip.go:19.31,20.38 1 0
xgo/utils/netutils/ip.go:20.38,22.35 1 0
xgo/utils/netutils/ip.go:26.4,26.43 1 0
xgo/utils/netutils/ip.go:22.35,24.5 1 0
xgo/utils/netutils/ip.go:26.43,27.35 1 0
xgo/utils/netutils/ip.go:27.35,28.73 1 0
xgo/utils/netutils/ip.go:28.73,30.7 1 0
xgo/utils/netutils/ip.go:39.26,42.16 2 0
xgo/utils/netutils/ip.go:46.2,48.31 2 0
xgo/utils/netutils/ip.go:62.2,62.12 1 0
xgo/utils/netutils/ip.go:42.16,44.3 1 0
xgo/utils/netutils/ip.go:48.31,50.34 1 0
xgo/utils/netutils/ip.go:54.3,54.42 1 0
xgo/utils/netutils/ip.go:50.34,52.4 1 0
xgo/utils/netutils/ip.go:54.42,55.34 1 0
xgo/utils/netutils/ip.go:55.34,56.72 1 0
xgo/utils/netutils/ip.go:56.72,58.6 1 0
xgo/utils/netutils/ip.go:66.66,68.16 2 0
xgo/utils/netutils/ip.go:71.2,74.30 4 0
xgo/utils/netutils/ip.go:68.16,70.3 1 0
xgo/utils/netutils/ip.go:78.35,82.16 2 0
xgo/utils/netutils/ip.go:85.2,85.29 1 0
xgo/utils/netutils/ip.go:90.2,90.10 1 0
xgo/utils/netutils/ip.go:82.16,84.3 1 0
xgo/utils/netutils/ip.go:85.29,87.3 1 0
xgo/utils/netutils/ip.go:87.8,87.36 1 0
xgo/utils/netutils/ip.go:87.36,89.3 1 0
xgo/utils/netutils/ip.go:94.35,98.16 3 0
xgo/utils/netutils/ip.go:101.2,102.59 2 0
xgo/utils/netutils/ip.go:98.16,100.3 1 0
xgo/utils/netutils/ip.go:114.39,119.2 1 0
xgo/utils/netutils/ip.go:122.44,124.16 2 0
xgo/utils/netutils/ip.go:127.2,127.23 1 0
xgo/utils/netutils/ip.go:124.16,126.3 1 0
xgo/utils/netutils/request.go:8.69,11.2 2 0
xgo/utils/hscan/hscan.go:54.51,59.42 2 27
xgo/utils/hscan/hscan.go:63.2,64.32 2 25
xgo/utils/hscan/hscan.go:68.2,71.8 1 24
xgo/utils/hscan/hscan.go:59.42,61.3 1 2
xgo/utils/hscan/hscan.go:64.32,66.3 1 1
xgo/utils/hscan/hscan.go:82.74,83.28 1 30
xgo/utils/hscan/hscan.go:87.2,88.16 2 27
xgo/utils/hscan/hscan.go:93.2,93.33 1 24
xgo/utils/hscan/hscan.go:110.2,110.12 1 7
xgo/utils/hscan/hscan.go:83.28,85.3 1 3
xgo/utils/hscan/hscan.go:88.16,90.3 1 3
xgo/utils/hscan/hscan.go:93.33,96.10 2 52
xgo/utils/hscan/hscan.go:100.3,101.10 2 52
xgo/utils/hscan/hscan.go:105.3,105.46 1 52
xgo/utils/hscan/hscan.go:96.10,97.12 1 0
xgo/utils/hscan/hscan.go:101.10,102.12 1 0
xgo/utils/hscan/hscan.go:105.46,107.4 1 17
xgo/utils/hscan/hscan.go:113.50,116.16 2 6
xgo/utils/hscan/hscan.go:119.2,120.12 2 3
xgo/utils/hscan/hscan.go:116.16,118.3 1 3
xgo/utils/hscan/hscan.go:123.50,125.2 1 2
xgo/utils/hscan/hscan.go:127.51,129.2 1 2
xgo/utils/hscan/hscan.go:131.51,133.2 1 2
xgo/utils/hscan/hscan.go:135.51,137.2 1 3
xgo/utils/hscan/hscan.go:139.49,141.2 1 3
xgo/utils/hscan/hscan.go:143.65,145.16 2 12
xgo/utils/hscan/hscan.go:148.2,149.12 2 7
xgo/utils/hscan/hscan.go:145.16,147.3 1 5
xgo/utils/hscan/hscan.go:152.51,154.2 1 2
xgo/utils/hscan/hscan.go:156.52,158.2 1 2
xgo/utils/hscan/hscan.go:160.52,162.2 1 2
xgo/utils/hscan/hscan.go:164.52,166.2 1 3
xgo/utils/hscan/hscan.go:168.50,170.2 1 4
xgo/utils/hscan/hscan.go:172.73,174.16 2 13
xgo/utils/hscan/hscan.go:177.2,178.12 2 7
xgo/utils/hscan/hscan.go:174.16,176.3 1 6
xgo/utils/hscan/hscan.go:181.53,183.16 2 6
xgo/utils/hscan/hscan.go:186.2,187.12 2 4
xgo/utils/hscan/hscan.go:183.16,185.3 1 2
xgo/utils/hscan/hscan.go:191.53,193.16 2 3
xgo/utils/hscan/hscan.go:196.2,197.12 2 2
xgo/utils/hscan/hscan.go:193.16,195.3 1 1
xgo/utils/hscan/hscan.go:200.52,203.2 2 4
xgo/utils/hscan/hscan.go:205.51,207.45 1 2
xgo/utils/hscan/hscan.go:210.2,210.12 1 2
xgo/utils/hscan/hscan.go:207.45,209.3 1 2
xgo/utils/hscan/hscan.go:213.57,215.2 1 0
xgo/utils/hscan/structmap.go:18.32,20.2 1 1
xgo/utils/hscan/structmap.go:22.53,24.30 1 24
xgo/utils/hscan/structmap.go:28.2,31.13 3 2
xgo/utils/hscan/structmap.go:24.30,26.3 1 22
xgo/utils/hscan/structmap.go:42.55,44.2 1 21
xgo/utils/hscan/structmap.go:49.65,56.27 3 2
xgo/utils/hscan/structmap.go:76.2,76.12 1 2
xgo/utils/hscan/structmap.go:56.27,61.30 3 23
xgo/utils/hscan/structmap.go:65.3,66.16 2 21
xgo/utils/hscan/structmap.go:73.3,73.68 1 21
xgo/utils/hscan/structmap.go:61.30,62.12 1 2
xgo/utils/hscan/structmap.go:66.16,67.12 1 0
xgo/utils/hscan/structmap.go:91.59,94.9 2 52
xgo/utils/hscan/structmap.go:99.2,99.68 1 46
xgo/utils/hscan/structmap.go:105.2,105.12 1 29
xgo/utils/hscan/structmap.go:94.9,97.3 1 6
xgo/utils/hscan/structmap.go:99.68,104.3 2 17
xgo/utils/reflectutils/form.go:16.88,19.16 2 0
xgo/utils/reflectutils/form.go:22.2,23.12 2 0
xgo/utils/reflectutils/form.go:19.16,21.3 1 0
xgo/utils/reflectutils/form.go:26.70,27.15 1 0
xgo/utils/reflectutils/form.go:30.2,31.16 2 0
xgo/utils/reflectutils/form.go:34.2,34.12 1 0
xgo/utils/reflectutils/form.go:27.15,29.3 1 0
xgo/utils/reflectutils/form.go:31.16,33.3 1 0
xgo/utils/reflectutils/form.go:37.71,38.15 1 0
xgo/utils/reflectutils/form.go:41.2,42.16 2 0
xgo/utils/reflectutils/form.go:45.2,45.12 1 0
xgo/utils/reflectutils/form.go:38.15,40.3 1 0
xgo/utils/reflectutils/form.go:42.16,44.3 1 0
xgo/utils/reflectutils/form.go:48.58,49.15 1 0
xgo/utils/reflectutils/form.go:52.2,53.16 2 0
xgo/utils/reflectutils/form.go:56.2,56.12 1 0
xgo/utils/reflectutils/form.go:49.15,51.3 1 0
xgo/utils/reflectutils/form.go:53.16,55.3 1 0
xgo/utils/reflectutils/form.go:59.72,60.15 1 0
xgo/utils/reflectutils/form.go:63.2,64.16 2 0
xgo/utils/reflectutils/form.go:67.2,67.12 1 0
xgo/utils/reflectutils/form.go:60.15,62.3 1 0
xgo/utils/reflectutils/form.go:64.16,66.3 1 0
xgo/utils/reflectutils/form.go:70.91,73.22 2 0
xgo/utils/reflectutils/form.go:78.2,78.47 1 0
xgo/utils/reflectutils/form.go:95.2,95.15 1 0
xgo/utils/reflectutils/form.go:100.2,101.75 2 0
xgo/utils/reflectutils/form.go:105.2,105.66 1 0
xgo/utils/reflectutils/form.go:113.2,114.16 2 0
xgo/utils/reflectutils/form.go:118.2,119.12 2 0
xgo/utils/reflectutils/form.go:73.22,75.3 1 0
xgo/utils/reflectutils/form.go:79.26,81.17 2 0
xgo/utils/reflectutils/form.go:85.3,86.23 2 0
xgo/utils/reflectutils/form.go:90.3,92.13 3 0
xgo/utils/reflectutils/form.go:81.17,83.4 1 0
xgo/utils/reflectutils/form.go:86.23,88.4 1 0
xgo/utils/reflectutils/form.go:95.15,98.3 2 0
xgo/utils/reflectutils/form.go:101.75,103.3 1 0
xgo/utils/reflectutils/form.go:105.66,107.17 2 0
xgo/utils/reflectutils/form.go:110.3,110.10 1 0
xgo/utils/reflectutils/form.go:107.17,109.4 1 0
xgo/utils/reflectutils/form.go:114.16,116.3 1 0
xgo/utils/reflectutils/form.go:122.90,123.22 1 0
xgo/utils/reflectutils/form.go:167.2,167.12 1 0
xgo/utils/reflectutils/form.go:124.19,125.36 1 0
[...]
xgo/fsnotify/kqueue.go:254.3,254.21 1 235
xgo/fsnotify/kqueue.go:208.17,210.4 1 0
xgo/fsnotify/kqueue.go:213.47,215.4 1 0
xgo/fsnotify/kqueue.go:218.53,220.4 1 0
xgo/fsnotify/kqueue.go:228.49,230.18 2 3
xgo/fsnotify/kqueue.go:234.4,238.23 4 2
xgo/fsnotify/kqueue.go:242.4,243.18 2 1
xgo/fsnotify/kqueue.go:230.18,232.5 1 1
xgo/fsnotify/kqueue.go:238.23,240.5 1 1
xgo/fsnotify/kqueue.go:243.18,245.5 1 0
xgo/fsnotify/kqueue.go:250.20,252.4 1 0
xgo/fsnotify/kqueue.go:259.75,262.3 2 0
xgo/fsnotify/kqueue.go:265.22,270.3 4 235
xgo/fsnotify/kqueue.go:272.11,284.15 5 17
xgo/fsnotify/kqueue.go:284.15,286.54 1 15
xgo/fsnotify/kqueue.go:286.54,288.5 1 0
xgo/fsnotify/kqueue.go:296.32,300.6 2 17
xgo/fsnotify/kqueue.go:390.2,391.16 2 17
xgo/fsnotify/kqueue.go:398.2,399.17 2 17
xgo/fsnotify/kqueue.go:300.6,302.10 1 129
xgo/fsnotify/kqueue.go:309.3,311.38 2 113
xgo/fsnotify/kqueue.go:321.3,321.24 1 113
xgo/fsnotify/kqueue.go:303.17,304.14 1 16
xgo/fsnotify/kqueue.go:305.11,305.11 0 113
xgo/fsnotify/kqueue.go:311.38,312.11 1 0
xgo/fsnotify/kqueue.go:317.4,317.12 1 0
xgo/fsnotify/kqueue.go:313.25,313.25 0 0
xgo/fsnotify/kqueue.go:314.18,315.15 1 0
xgo/fsnotify/kqueue.go:321.24,330.50 8 47
xgo/fsnotify/kqueue.go:341.4,341.62 1 47
xgo/fsnotify/kqueue.go:348.4,348.77 1 47
xgo/fsnotify/kqueue.go:359.4,359.33 1 46
xgo/fsnotify/kqueue.go:385.4,385.25 1 46
xgo/fsnotify/kqueue.go:330.50,335.59 1 20
xgo/fsnotify/kqueue.go:335.59,338.6 1 0
xgo/fsnotify/kqueue.go:341.62,346.5 4 17
xgo/fsnotify/kqueue.go:348.77,350.5 1 20
xgo/fsnotify/kqueue.go:350.10,352.12 1 27
xgo/fsnotify/kqueue.go:353.28,353.28 0 26
xgo/fsnotify/kqueue.go:354.19,355.16 1 1
xgo/fsnotify/kqueue.go:359.33,362.19 1 14
xgo/fsnotify/kqueue.go:362.19,367.15 5 2
xgo/fsnotify/kqueue.go:367.15,372.50 1 0
xgo/fsnotify/kqueue.go:372.50,374.8 1 0
xgo/fsnotify/kqueue.go:376.11,378.57 2 12
xgo/fsnotify/kqueue.go:378.57,380.7 1 2
xgo/fsnotify/kqueue.go:391.16,393.10 1 0
xgo/fsnotify/kqueue.go:394.24,394.24 0 0
xgo/fsnotify/kqueue.go:395.11,395.11 0 0
xgo/fsnotify/kqueue.go:403.47,405.47 2 47
xgo/fsnotify/kqueue.go:408.2,408.45 1 47
xgo/fsnotify/kqueue.go:411.2,411.47 1 47
xgo/fsnotify/kqueue.go:414.2,414.47 1 47
xgo/fsnotify/kqueue.go:417.2,417.10 1 47
xgo/fsnotify/kqueue.go:405.47,407.3 1 15
xgo/fsnotify/kqueue.go:408.45,410.3 1 29
xgo/fsnotify/kqueue.go:411.47,413.3 1 2
xgo/fsnotify/kqueue.go:414.47,416.3 1 2
xgo/fsnotify/kqueue.go:420.40,422.2 1 15
xgo/fsnotify/kqueue.go:425.61,428.16 2 15
xgo/fsnotify/kqueue.go:432.2,432.33 1 15
xgo/fsnotify/kqueue.go:444.2,444.12 1 15
xgo/fsnotify/kqueue.go:428.16,430.3 1 0
xgo/fsnotify/kqueue.go:432.33,435.17 3 207
xgo/fsnotify/kqueue.go:439.3,441.16 3 207
xgo/fsnotify/kqueue.go:435.17,437.4 1 0
xgo/fsnotify/kqueue.go:451.61,454.16 2 20
xgo/fsnotify/kqueue.go:463.2,463.33 1 20
xgo/fsnotify/kqueue.go:454.16,455.10 1 0
xgo/fsnotify/kqueue.go:456.24,456.24 0 0
xgo/fsnotify/kqueue.go:457.17,458.10 1 0
xgo/fsnotify/kqueue.go:463.33,467.17 3 19
xgo/fsnotify/kqueue.go:467.17,469.4 1 0
xgo/fsnotify/kqueue.go:474.96,478.16 4 21
xgo/fsnotify/kqueue.go:488.2,489.16 2 21
xgo/fsnotify/kqueue.go:493.2,497.12 4 20
xgo/fsnotify/kqueue.go:478.16,480.10 1 15
xgo/fsnotify/kqueue.go:481.45,481.45 0 15
xgo/fsnotify/kqueue.go:482.17,483.10 1 0
xgo/fsnotify/kqueue.go:489.16,491.3 1 1
xgo/fsnotify/kqueue.go:500.84,501.22 1 228
xgo/fsnotify/kqueue.go:513.2,513.40 1 225
xgo/fsnotify/kqueue.go:501.22,510.3 5 3
xgo/fsnotify/kqueue.go:517.35,519.14 2 17
xgo/fsnotify/kqueue.go:522.2,522.16 1 17
xgo/fsnotify/kqueue.go:519.14,521.3 1 0
xgo/fsnotify/kqueue.go:526.66,529.25 2 480
xgo/fsnotify/kqueue.go:536.2,537.19 2 480
xgo/fsnotify/kqueue.go:540.2,540.12 1 478
xgo/fsnotify/kqueue.go:529.25,533.3 2 480
xgo/fsnotify/kqueue.go:537.19,539.3 1 2
xgo/fsnotify/kqueue.go:545.92,547.16 2 113
xgo/fsnotify/kqueue.go:550.2,550.25 1 111
xgo/fsnotify/kqueue.go:547.16,549.3 1 2
xgo/utils/proto/reader.go:25.36,25.56 1 0
xgo/utils/proto/reader.go:27.33,27.34 0 0
xgo/utils/proto/reader.go:38.38,43.2 1 1
xgo/utils/proto/reader.go:46.33,48.2 1 0
xgo/utils/proto/reader.go:52.46,54.2 1 0
xgo/utils/proto/reader.go:57.38,59.2 1 0
xgo/utils/proto/reader.go:62.45,65.16 2 1
xgo/utils/proto/reader.go:69.2,69.22 1 1
xgo/utils/proto/reader.go:72.2,72.18 1 1
xgo/utils/proto/reader.go:65.16,67.3 1 0
xgo/utils/proto/reader.go:69.22,71.3 1 0
xgo/utils/proto/reader.go:78.45,81.16 2 1
xgo/utils/proto/reader.go:98.2,98.63 1 1
xgo/utils/proto/reader.go:102.2,102.26 1 1
xgo/utils/proto/reader.go:81.16,82.33 1 1
xgo/utils/proto/reader.go:86.3,91.17 4 1
xgo/utils/proto/reader.go:94.3,95.11 2 1
xgo/utils/proto/reader.go:82.33,84.4 1 0
xgo/utils/proto/reader.go:91.17,93.4 1 0
xgo/utils/proto/reader.go:98.63,100.3 1 0
xgo/utils/proto/reader.go:106.67,109.16 2 0
xgo/utils/proto/reader.go:113.2,113.17 1 0
xgo/utils/proto/reader.go:140.2,140.59 1 0
xgo/utils/proto/reader.go:109.16,111.3 1 0
xgo/utils/proto/reader.go:114.18,116.36 1 0
xgo/utils/proto/reader.go:117.19,119.31 1 0
xgo/utils/proto/reader.go:120.16,122.46 1 0
xgo/utils/proto/reader.go:123.19,125.33 1 0
xgo/utils/proto/reader.go:126.18,130.17 2 0
xgo/utils/proto/reader.go:133.3,133.15 1 0
xgo/utils/proto/reader.go:138.3,138.17 1 0
xgo/utils/proto/reader.go:130.17,132.4 1 0
xgo/utils/proto/reader.go:133.15,136.4 2 0
xgo/utils/proto/reader.go:144.48,147.16 2 0
xgo/utils/proto/reader.go:150.2,150.17 1 0
xgo/utils/proto/reader.go:147.16,149.3 1 0
xgo/utils/proto/reader.go:151.18,153.34 1 0
xgo/utils/proto/reader.go:154.16,156.46 1 0
xgo/utils/proto/reader.go:157.10,158.69 1 0
xgo/utils/proto/reader.go:163.47,166.16 2 0
xgo/utils/proto/reader.go:169.2,169.17 1 0
xgo/utils/proto/reader.go:166.16,168.3 1 0
xgo/utils/proto/reader.go:170.18,172.35 1 0
xgo/utils/proto/reader.go:173.19,175.33 1 0
xgo/utils/proto/reader.go:176.19,178.31 1 0
xgo/utils/proto/reader.go:179.16,181.31 1 0
xgo/utils/proto/reader.go:182.10,183.80 1 0
xgo/utils/proto/reader.go:188.63,189.22 1 0
xgo/utils/proto/reader.go:193.2,194.16 2 0
xgo/utils/proto/reader.go:198.2,200.16 3 0
xgo/utils/proto/reader.go:204.2,204.51 1 0
xgo/utils/proto/reader.go:189.22,191.3 1 0
xgo/utils/proto/reader.go:194.16,196.3 1 0
xgo/utils/proto/reader.go:200.16,202.3 1 0
xgo/utils/proto/reader.go:208.72,211.16 2 0
xgo/utils/proto/reader.go:214.2,214.17 1 0
xgo/utils/proto/reader.go:211.16,213.3 1 0
xgo/utils/proto/reader.go:215.18,216.36 1 0
xgo/utils/proto/reader.go:217.18,219.17 2 0
xgo/utils/proto/reader.go:222.3,222.17 1 0
xgo/utils/proto/reader.go:223.10,224.73 1 0
xgo/utils/proto/reader.go:219.17,221.4 1 0
xgo/utils/proto/reader.go:229.46,232.16 2 0
xgo/utils/proto/reader.go:235.2,235.17 1 0
xgo/utils/proto/reader.go:232.16,234.3 1 0
xgo/utils/proto/reader.go:236.18,237.34 1 0
xgo/utils/proto/reader.go:238.18,240.17 2 0
xgo/utils/proto/reader.go:243.3,243.21 1 0
xgo/utils/proto/reader.go:244.10,245.71 1 0
xgo/utils/proto/reader.go:240.17,242.4 1 0
xgo/utils/proto/reader.go:250.60,253.16 2 0
xgo/utils/proto/reader.go:257.2,257.12 1 0
xgo/utils/proto/reader.go:261.2,262.16 2 0
xgo/utils/proto/reader.go:266.2,267.16 2 0
xgo/utils/proto/reader.go:271.2,273.25 2 0
xgo/utils/proto/reader.go:281.2,281.26 1 0
xgo/utils/proto/reader.go:253.16,255.3 1 0
xgo/utils/proto/reader.go:257.12,259.3 1 0
xgo/utils/proto/reader.go:262.16,264.3 1 0
xgo/utils/proto/reader.go:267.16,269.3 1 0
xgo/utils/proto/reader.go:273.25,275.17 2 0
xgo/utils/proto/reader.go:278.3,278.16 1 0
xgo/utils/proto/reader.go:275.17,277.4 1 0
xgo/utils/proto/reader.go:284.43,286.16 2 0
xgo/utils/proto/reader.go:289.2,289.38 1 0
xgo/utils/proto/reader.go:286.16,288.3 1 0
xgo/utils/proto/reader.go:292.45,294.16 2 0
xgo/utils/proto/reader.go:297.2,297.39 1 0
xgo/utils/proto/reader.go:294.16,296.3 1 0
xgo/utils/proto/reader.go:300.52,302.16 2 0
xgo/utils/proto/reader.go:305.2,305.36 1 0
xgo/utils/proto/reader.go:302.16,304.3 1 0
xgo/utils/proto/reader.go:309.54,312.16 2 0
xgo/utils/proto/reader.go:315.2,315.17 1 0
xgo/utils/proto/reader.go:312.16,314.3 1 0
xgo/utils/proto/reader.go:316.18,317.36 1 0
xgo/utils/proto/reader.go:318.19,320.36 1 0
xgo/utils/proto/reader.go:321.19,322.23 1 0
xgo/utils/proto/reader.go:323.10,324.74 1 0
xgo/utils/proto/reader.go:329.66,330.22 1 0
xgo/utils/proto/reader.go:334.2,335.16 2 0
xgo/utils/proto/reader.go:339.2,341.16 3 0
xgo/utils/proto/reader.go:345.2,345.28 1 0
xgo/utils/proto/reader.go:330.22,332.3 1 0
xgo/utils/proto/reader.go:335.16,337.3 1 0
xgo/utils/proto/reader.go:341.16,343.3 1 0
xgo/utils/proto/reader.go:348.36,349.22 1 0
xgo/utils/proto/reader.go:352.2,354.15 3 0
xgo/utils/proto/reader.go:349.22,351.3 1 0
xgo/utils/proto/reader.go:359.32,363.2 1 1
xgo/utils/proto/reader.go:365.41,367.2 1 0
xgo/utils/proto/reader.go:370.48,371.22 1 0
xgo/utils/proto/reader.go:374.2,374.45 1 0
xgo/utils/proto/reader.go:371.22,373.3 1 0
xgo/utils/proto/scan.go:14.42,16.23 1 4
xgo/utils/proto/scan.go:17.11,18.33 1 0
xgo/utils/proto/scan.go:19.15,22.13 2 0
xgo/utils/proto/scan.go:23.15,26.13 2 0
xgo/utils/proto/scan.go:27.12,31.13 3 0
xgo/utils/proto/scan.go:32.13,35.17 2 0
xgo/utils/proto/scan.go:38.3,39.13 2 0
xgo/utils/proto/scan.go:40.14,43.17 2 0
xgo/utils/proto/scan.go:46.3,47.13 2 0
xgo/utils/proto/scan.go:48.14,51.17 2 0
xgo/utils/proto/scan.go:54.3,55.13 2 0
xgo/utils/proto/scan.go:56.14,59.17 2 0
xgo/utils/proto/scan.go:62.3,63.13 2 0
xgo/utils/proto/scan.go:64.13,66.17 2 0
xgo/utils/proto/scan.go:69.3,70.13 2 0
xgo/utils/proto/scan.go:71.14,73.17 2 0
xgo/utils/proto/scan.go:76.3,77.13 2 0
xgo/utils/proto/scan.go:78.15,80.17 2 0
xgo/utils/proto/scan.go:83.3,84.13 2 0
xgo/utils/proto/scan.go:85.15,87.17 2 0
xgo/utils/proto/scan.go:90.3,91.13 2 0
xgo/utils/proto/scan.go:92.15,94.17 2 0
xgo/utils/proto/scan.go:97.3,98.13 2 0
xgo/utils/proto/scan.go:99.16,101.17 2 0
xgo/utils/proto/scan.go:104.3,105.13 2 0
xgo/utils/proto/scan.go:106.16,109.13 3 0
xgo/utils/proto/scan.go:110.13,113.13 2 0
xgo/utils/proto/scan.go:114.18,118.13 3 0
xgo/utils/proto/scan.go:119.34,121.30 1 4
xgo/utils/proto/scan.go:122.10,124.70 1 0
xgo/utils/proto/scan.go:35.17,37.4 1 0
xgo/utils/proto/scan.go:43.17,45.4 1 0
xgo/utils/proto/scan.go:51.17,53.4 1 0
xgo/utils/proto/scan.go:59.17,61.4 1 0
xgo/utils/proto/scan.go:66.17,68.4 1 0
xgo/utils/proto/scan.go:73.17,75.4 1 0
xgo/utils/proto/scan.go:80.17,82.4 1 0
xgo/utils/proto/scan.go:87.17,89.4 1 0
xgo/utils/proto/scan.go:94.17,96.4 1 0
xgo/utils/proto/scan.go:101.17,103.4 1 0
xgo/utils/proto/scan.go:129.56,133.18 2 2
xgo/utils/proto/scan.go:137.2,137.29 1 2
xgo/utils/proto/scan.go:142.2,144.31 2 2
xgo/utils/proto/scan.go:149.2,150.25 2 2
xgo/utils/proto/scan.go:160.2,160.12 1 2
xgo/utils/proto/scan.go:133.18,135.3 1 0
xgo/utils/proto/scan.go:137.29,139.3 1 0
xgo/utils/proto/scan.go:144.31,146.3 1 0
xgo/utils/proto/scan.go:150.25,154.66 2 4
xgo/utils/proto/scan.go:154.66,157.4 2 0
xgo/utils/proto/scan.go:165.66,172.36 2 2
xgo/utils/proto/scan.go:208.2,209.30 2 1
xgo/utils/proto/scan.go:172.36,179.31 2 1
xgo/utils/proto/scan.go:179.31,180.25 1 2
xgo/utils/proto/scan.go:194.4,197.22 3 2
xgo/utils/proto/scan.go:180.25,186.21 3 0
xgo/utils/proto/scan.go:191.5,191.23 1 0
xgo/utils/proto/scan.go:186.21,189.6 1 0
xgo/utils/proto/scan.go:209.30,210.24 1 2
xgo/utils/proto/scan.go:217.3,219.30 2 2
xgo/utils/proto/scan.go:210.24,215.4 2 0
xgo/utils/proto/writer.go:27.35,34.2 1 3
xgo/utils/proto/writer.go:37.54,39.48 1 3
xgo/utils/proto/writer.go:44.2,44.46 1 3
xgo/utils/proto/writer.go:48.2,48.27 1 3
xgo/utils/proto/writer.go:54.2,54.12 1 3
xgo/utils/proto/writer.go:39.48,41.3 1 0
xgo/utils/proto/writer.go:44.46,46.3 1 0
xgo/utils/proto/writer.go:48.27,49.41 1 8
xgo/utils/proto/writer.go:49.41,51.4 1 0
xgo/utils/proto/writer.go:58.40,63.2 4 11
xgo/utils/proto/writer.go:65.48,66.23 1 8
xgo/utils/proto/writer.go:67.11,68.22 1 1
xgo/utils/proto/writer.go:69.14,70.21 1 1
xgo/utils/proto/writer.go:71.14,72.20 1 1
xgo/utils/proto/writer.go:73.11,74.25 1 1
xgo/utils/proto/writer.go:75.12,76.25 1 0
xgo/utils/proto/writer.go:77.13,78.25 1 0
xgo/utils/proto/writer.go:79.13,80.25 1 0
xgo/utils/proto/writer.go:81.13,82.18 1 0
xgo/utils/proto/writer.go:83.12,84.27 1 0
xgo/utils/proto/writer.go:85.13,86.27 1 0
xgo/utils/proto/writer.go:87.14,88.27 1 0
xgo/utils/proto/writer.go:89.14,90.27 1 0
xgo/utils/proto/writer.go:91.14,92.19 1 0
xgo/utils/proto/writer.go:93.15,94.29 1 0
xgo/utils/proto/writer.go:95.15,96.20 1 1
xgo/utils/proto/writer.go:97.12,98.8 1 1
xgo/utils/proto/writer.go:101.3,101.18 1 0
xgo/utils/proto/writer.go:102.17,104.27 2 1
xgo/utils/proto/writer.go:105.32,107.17 2 1
xgo/utils/proto/writer.go:110.3,110.20 1 1
xgo/utils/proto/writer.go:111.10,113.70 1 0
xgo/utils/proto/writer.go:98.8,100.4 1 1
xgo/utils/proto/writer.go:107.17,109.4 1 0
xgo/utils/proto/writer.go:118.40,119.49 1 8
xgo/utils/proto/writer.go:123.2,123.43 1 8
xgo/utils/proto/writer.go:127.2,127.38 1 8
xgo/utils/proto/writer.go:131.2,131.17 1 8
xgo/utils/proto/writer.go:119.49,121.3 1 0
xgo/utils/proto/writer.go:123.43,125.3 1 0
xgo/utils/proto/writer.go:127.38,129.3 1 0
xgo/utils/proto/writer.go:134.41,136.2 1 2
xgo/utils/proto/writer.go:138.39,141.2 2 0
xgo/utils/proto/writer.go:143.37,146.2 2 2
xgo/utils/proto/writer.go:148.41,151.2 2 1
xgo/utils/proto/writer.go:154.31,155.42 1 8
xgo/utils/proto/writer.go:158.2,158.26 1 8
xgo/utils/proto/writer.go:155.42,157.3 1 0
xgo/utils/stringutils/string_utils.go:23.55,25.13 2 1
xgo/utils/stringutils/string_utils.go:28.2,28.38 1 1
xgo/utils/stringutils/string_utils.go:25.13,27.3 1 0
xgo/utils/stringutils/string_utils.go:36.36,39.25 3 0
xgo/utils/stringutils/string_utils.go:42.2,42.10 1 0
xgo/utils/stringutils/string_utils.go:39.25,41.3 1 0
xgo/utils/stringutils/string_utils.go:46.40,48.2 1 0
xgo/utils/stringutils/string_utils.go:51.38,54.25 3 0
xgo/utils/stringutils/string_utils.go:57.2,57.19 1 0
xgo/utils/stringutils/string_utils.go:54.25,56.3 1 0
xgo/utils/stringutils/string_utils.go:60.36,62.2 1 0
xgo/utils/stringutils/string_utils.go:64.39,67.25 3 0
xgo/utils/stringutils/string_utils.go:70.2,70.19 1 0
xgo/utils/stringutils/string_utils.go:67.25,69.3 1 0
xgo/utils/stringutils/string_utils.go:73.48,78.25 4 0
xgo/utils/stringutils/string_utils.go:81.2,81.19 1 0
xgo/utils/stringutils/string_utils.go:78.25,80.3 1 0
xgo/utils/stringutils/string_utils.go:86.54,90.29 3 1
xgo/utils/stringutils/string_utils.go:97.2,97.15 1 1
xgo/utils/stringutils/string_utils.go:90.29,91.30 1 3
xgo/utils/stringutils/string_utils.go:91.30,95.4 2 2
xgo/utils/stringutils/string_utils.go:101.53,103.13 2 0
xgo/utils/stringutils/string_utils.go:106.2,106.18 1 0
xgo/utils/stringutils/string_utils.go:103.13,105.3 1 0
xgo/utils/stringutils/string_utils.go:110.52,112.2 1 0
xgo/utils/stringutils/string_utils.go:115.36,116.22 1 0
xgo/utils/stringutils/string_utils.go:119.2,119.11 1 0
xgo/utils/stringutils/string_utils.go:116.22,118.3 1 0
xgo/utils/stringutils/string_utils.go:123.38,124.22 1 0
xgo/utils/stringutils/string_utils.go:127.2,127.11 1 0
xgo/utils/stringutils/string_utils.go:124.22,126.3 1 0
xgo/utils/stringutils/string_utils.go:131.33,133.2 1 0
xgo/utils/stringutils/string_utils.go:136.52,138.2 1 0
xgo/utils/stringutils/string_utils.go:141.45,142.22 1 0
xgo/utils/stringutils/string_utils.go:146.2,146.30 1 0
xgo/utils/stringutils/string_utils.go:152.2,153.22 2 0
xgo/utils/stringutils/string_utils.go:159.2,159.13 1 0
xgo/utils/stringutils/string_utils.go:142.22,144.3 1 0
xgo/utils/stringutils/string_utils.go:146.30,148.3 1 0
xgo/utils/stringutils/string_utils.go:153.22,154.16 1 0
xgo/utils/stringutils/string_utils.go:154.16,156.4 1 0
xgo/utils/stringutils/string_utils.go:163.41,166.45 3 1
xgo/utils/stringutils/string_utils.go:166.45,168.3 1 3
xgo/utils/stringutils/string_utils.go:172.46,176.78 3 1
xgo/utils/stringutils/string_utils.go:180.2,180.10 1 1
xgo/utils/stringutils/string_utils.go:176.78,178.3 1 3
xgo/utils/stringutils/string_utils.go:184.31,185.78 1 1
xgo/utils/stringutils/string_utils.go:185.78,187.3 1 3
xgo/utils/stringutils/string_utils.go:191.26,193.2 1 1
xgo/utils/stringutils/string_utils.go:195.68,196.13 1 1
xgo/utils/stringutils/string_utils.go:199.2,200.24 2 1
xgo/utils/stringutils/string_utils.go:203.2,204.31 2 1
xgo/utils/stringutils/string_utils.go:213.2,213.10 1 1
xgo/utils/stringutils/string_utils.go:196.13,198.3 1 0
xgo/utils/stringutils/string_utils.go:200.24,202.3 1 0
xgo/utils/stringutils/string_utils.go:204.31,207.15 3 3
xgo/utils/stringutils/string_utils.go:207.15,209.4 1 0
xgo/utils/stringutils/string_utils.go:209.9,209.21 1 3
xgo/utils/stringutils/string_utils.go:209.21,211.4 1 3
xgo/utils/stringutils/string_utils.go:217.66,219.25 2 1
xgo/utils/stringutils/string_utils.go:224.2,224.24 1 1
xgo/utils/stringutils/string_utils.go:231.2,232.19 2 1
xgo/utils/stringutils/string_utils.go:235.2,239.30 3 1
xgo/utils/stringutils/string_utils.go:245.2,246.15 2 1
xgo/utils/stringutils/string_utils.go:219.25,220.32 1 1
xgo/utils/stringutils/string_utils.go:220.32,222.4 1 2
xgo/utils/stringutils/string_utils.go:224.24,225.31 1 1
xgo/utils/stringutils/string_utils.go:225.31,227.4 1 2
xgo/utils/stringutils/string_utils.go:232.19,234.3 1 4
xgo/utils/stringutils/string_utils.go:239.30,240.35 1 4
xgo/utils/stringutils/string_utils.go:240.35,242.4 1 4
xgo/utils/stringutils/string_utils.go:251.29,257.2 5 1
xgo/utils/stringutils/string_utils.go:260.31,262.16 1 0
xgo/utils/stringutils/string_utils.go:265.2,266.19 2 0
xgo/utils/stringutils/string_utils.go:274.2,274.35 1 0
xgo/utils/stringutils/string_utils.go:262.16,264.3 1 0
xgo/utils/stringutils/string_utils.go:266.19,268.27 2 0
xgo/utils/stringutils/string_utils.go:271.3,271.11 1 0
xgo/utils/stringutils/string_utils.go:268.27,270.4 1 0
xgo/utils/stringutils/string_utils.go:278.29,279.30 1 0
xgo/utils/stringutils/string_utils.go:285.2,285.13 1 0
xgo/utils/stringutils/string_utils.go:279.30,281.27 2 0
xgo/utils/stringutils/string_utils.go:281.27,283.4 1 0
xgo/utils/stringutils/string_utils.go:289.42,290.46 1 2
xgo/utils/stringutils/string_utils.go:295.2,295.12 1 1
xgo/utils/stringutils/string_utils.go:290.46,291.52 1 1
xgo/utils/stringutils/string_utils.go:291.52,293.4 1 1
xgo/utils/stringutils/string_utils.go:299.46,302.19 3 0
xgo/utils/stringutils/string_utils.go:306.2,306.10 1 0
xgo/utils/stringutils/string_utils.go:302.19,305.3 2 0
xgo/utils/stringutils/string_utils.go:310.50,311.25 1 0
xgo/utils/stringutils/string_utils.go:316.2,316.14 1 0
xgo/utils/stringutils/string_utils.go:311.25,312.13 1 0
xgo/utils/stringutils/string_utils.go:312.13,314.4 1 0
xgo/utils/stringutils/string_utils.go:320.33,321.15 1 0
xgo/utils/stringutils/string_utils.go:324.2,324.24 1 0
xgo/utils/stringutils/string_utils.go:321.15,322.47 1 0
xgo/utils/stringutils/convert.go:7.29,8.22 1 0
xgo/utils/stringutils/convert.go:14.2,14.13 1 0
xgo/utils/stringutils/convert.go:8.22,9.26 1 0
xgo/utils/stringutils/convert.go:9.26,11.4 1 0
xgo/utils/stringutils/convert.go:17.37,18.17 1 0
xgo/utils/stringutils/convert.go:22.2,22.10 1 0
xgo/utils/stringutils/convert.go:18.17,20.3 1 0
xgo/utils/stringutils/convert.go:25.42,28.22 2 0
xgo/utils/stringutils/convert.go:32.2,32.12 1 0
xgo/utils/stringutils/convert.go:28.22,30.3 1 0
xgo/utils/stringutils/convert.go:35.34,38.22 2 0
xgo/utils/stringutils/convert.go:42.2,42.12 1 0
xgo/utils/stringutils/convert.go:38.22,40.3 1 0
xgo/utils/stringutils/convert.go:45.50,46.32 1 0
xgo/utils/stringutils/convert.go:50.2,50.27 1 0
xgo/utils/stringutils/convert.go:46.32,48.3 1 0
xgo/utils/timeutils/time.go:14.91,15.15 1 17
xgo/utils/timeutils/time.go:18.2,18.21 1 17
xgo/utils/timeutils/time.go:22.2,23.20 2 17
xgo/utils/timeutils/time.go:27.2,29.38 2 17
xgo/utils/timeutils/time.go:33.2,33.15 1 17
xgo/utils/timeutils/time.go:15.15,17.3 1 0
xgo/utils/timeutils/time.go:18.21,20.3 1 0
xgo/utils/timeutils/time.go:23.20,25.3 1 0
xgo/utils/timeutils/time.go:29.38,31.3 1 5
xgo/utils/timeutils/time.go:37.58,42.9 3 0
xgo/utils/timeutils/time.go:43.13,44.13 1 0
xgo/utils/timeutils/time.go:45.20,46.19 1 0
xgo/utils/timeutils/time.go:51.43,53.2 1 0
xgo/utils/timeutils/unix.go:13.56,15.2 1 0
